Using pre-set license
Built from '2021.3/release' branch; Version is '2021.3.12f1 (8af3c3e441b1) revision 9106371'; Using compiler version '192829333'; Build Type 'Release'
OS: 'Windows 11  (10.0.22000) 64bit Core' Language: 'ko' Physical Memory: 32394 MB
BatchMode: 1, IsHumanControllingUs: 0, StartBugReporterOnCrash: 0, Is64bit: 1, IsPro: 1

COMMAND LINE ARGUMENTS:
C:\Program Files\Unity\Hub\Editor\2021.3.12f1\Editor\Unity.exe
-adb2
-batchMode
-noUpm
-name
AssetImportWorker11
-projectPath
C:/Users/kayso/Desktop/unity/1207/AngZ
-logFile
Logs/AssetImportWorker11.log
-srvPort
63080
Successfully changed project path to: C:/Users/kayso/Desktop/unity/1207/AngZ
C:/Users/kayso/Desktop/unity/1207/AngZ
[UnityMemory] Configuration Parameters - Can be set up in boot.config
    "memorysetup-bucket-allocator-granularity=16"
    "memorysetup-bucket-allocator-bucket-count=8"
    "memorysetup-bucket-allocator-block-size=33554432"
    "memorysetup-bucket-allocator-block-count=8"
    "memorysetup-main-allocator-block-size=16777216"
    "memorysetup-thread-allocator-block-size=16777216"
    "memorysetup-gfx-main-allocator-block-size=16777216"
    "memorysetup-gfx-thread-allocator-block-size=16777216"
    "memorysetup-cache-allocator-block-size=4194304"
    "memorysetup-typetree-allocator-block-size=2097152"
    "memorysetup-profiler-bucket-allocator-granularity=16"
    "memorysetup-profiler-bucket-allocator-bucket-count=8"
    "memorysetup-profiler-bucket-allocator-block-size=33554432"
    "memorysetup-profiler-bucket-allocator-block-count=8"
    "memorysetup-profiler-allocator-block-size=16777216"
    "memorysetup-profiler-editor-allocator-block-size=1048576"
    "memorysetup-temp-allocator-size-main=16777216"
    "memorysetup-job-temp-allocator-block-size=2097152"
    "memorysetup-job-temp-allocator-block-size-background=1048576"
    "memorysetup-job-temp-allocator-reduction-small-platforms=262144"
    "memorysetup-temp-allocator-size-background-worker=32768"
    "memorysetup-temp-allocator-size-job-worker=262144"
    "memorysetup-temp-allocator-size-preload-manager=33554432"
    "memorysetup-temp-allocator-size-nav-mesh-worker=65536"
    "memorysetup-temp-allocator-size-audio-worker=65536"
    "memorysetup-temp-allocator-size-cloud-worker=32768"
    "memorysetup-temp-allocator-size-gi-baking-worker=262144"
    "memorysetup-temp-allocator-size-gfx=262144"
Refreshing native plugins compatible for Editor in 103.16 ms, found 6 plugins.
Preloading 0 native plugins for Editor in 0.00 ms.
Initialize engine version: 2021.3.12f1 (8af3c3e441b1)
[Subsystems] Discovering subsystems at path C:/Program Files/Unity/Hub/Editor/2021.3.12f1/Editor/Data/Resources/UnitySubsystems
[Subsystems] Discovering subsystems at path C:/Users/kayso/Desktop/unity/1207/AngZ/Assets
GfxDevice: creating device client; threaded=0; jobified=0
Direct3D:
    Version:  Direct3D 11.0 [level 11.1]
    Renderer: Intel(R) Arc(TM) A350M Graphics (ID=0x5694)
    Vendor:   Intel
    VRAM:     4018 MB
    Driver:   30.0.101.1747
Initialize mono
Mono path[0] = 'C:/Program Files/Unity/Hub/Editor/2021.3.12f1/Editor/Data/Managed'
Mono path[1] = 'C:/Program Files/Unity/Hub/Editor/2021.3.12f1/Editor/Data/MonoBleedingEdge/lib/mono/unityjit-win32'
Mono config path = 'C:/Program Files/Unity/Hub/Editor/2021.3.12f1/Editor/Data/MonoBleedingEdge/etc'
Using monoOptions --debugger-agent=transport=dt_socket,embedding=1,server=y,suspend=n,address=127.0.0.1:56788
Begin MonoManager ReloadAssembly
Registering precompiled unity dll's ...
Register platform support module: C:/Program Files/Unity/Hub/Editor/2021.3.12f1/Editor/Data/PlaybackEngines/WebGLSupport/UnityEditor.WebGL.Extensions.dll
Register platform support module: C:/Program Files/Unity/Hub/Editor/2021.3.12f1/Editor/Data/PlaybackEngines/WindowsStandaloneSupport/UnityEditor.WindowsStandalone.Extensions.dll
Registered in 0.010366 seconds.
Native extension for WindowsStandalone target not found
Native extension for WebGL target not found
Refreshing native plugins compatible for Editor in 72.94 ms, found 6 plugins.
Preloading 0 native plugins for Editor in 0.00 ms.
Mono: successfully reloaded assembly
- Completed reload, in  0.560 seconds
Domain Reload Profiling:
	ReloadAssembly (560ms)
		BeginReloadAssembly (75ms)
			ExecutionOrderSort (0ms)
			DisableScriptedObjects (0ms)
			BackupInstance (0ms)
			ReleaseScriptingObjects (0ms)
			CreateAndSetChildDomain (1ms)
		EndReloadAssembly (392ms)
			LoadAssemblies (72ms)
			RebuildTransferFunctionScriptingTraits (0ms)
			SetupTypeCache (73ms)
			ReleaseScriptCaches (0ms)
			RebuildScriptCaches (20ms)
			SetupLoadedEditorAssemblies (255ms)
				LogAssemblyErrors (0ms)
				InitializePlatformSupportModulesInManaged (9ms)
				SetLoadedEditorAssemblies (0ms)
				RefreshPlugins (73ms)
				BeforeProcessingInitializeOnLoad (1ms)
				ProcessInitializeOnLoadAttributes (134ms)
				ProcessInitializeOnLoadMethodAttributes (37ms)
				AfterProcessingInitializeOnLoad (0ms)
				EditorAssembliesLoaded (0ms)
			ExecutionOrderSort2 (0ms)
			AwakeInstancesAfterBackupRestoration (0ms)
Platform modules already initialized, skipping
Registering precompiled user dll's ...
Registered in 0.015041 seconds.
Begin MonoManager ReloadAssembly
Symbol file LoadedFromMemory doesn't match image C:\Users\kayso\Desktop\unity\1207\AngZ\Library\PackageCache\com.unity.visualscripting@1.7.8\Editor\VisualScripting.Core\Dependencies\DotNetZip\Unity.VisualScripting.IonicZip.dll
Symbol file LoadedFromMemory doesn't match image C:\Users\kayso\Desktop\unity\1207\AngZ\Library\PackageCache\com.unity.visualscripting@1.7.8\Editor\VisualScripting.Core\Dependencies\YamlDotNet\Unity.VisualScripting.YamlDotNet.dll
Native extension for WindowsStandalone target not found
Native extension for WebGL target not found
Refreshing native plugins compatible for Editor in 0.81 ms, found 6 plugins.
Preloading 0 native plugins for Editor in 0.00 ms.
Mono: successfully reloaded assembly
- Completed reload, in  0.896 seconds
Domain Reload Profiling:
	ReloadAssembly (897ms)
		BeginReloadAssembly (91ms)
			ExecutionOrderSort (0ms)
			DisableScriptedObjects (4ms)
			BackupInstance (0ms)
			ReleaseScriptingObjects (0ms)
			CreateAndSetChildDomain (15ms)
		EndReloadAssembly (709ms)
			LoadAssemblies (89ms)
			RebuildTransferFunctionScriptingTraits (0ms)
			SetupTypeCache (221ms)
			ReleaseScriptCaches (0ms)
			RebuildScriptCaches (50ms)
			SetupLoadedEditorAssemblies (312ms)
				LogAssemblyErrors (0ms)
				InitializePlatformSupportModulesInManaged (7ms)
				SetLoadedEditorAssemblies (0ms)
				RefreshPlugins (1ms)
				BeforeProcessingInitializeOnLoad (80ms)
				ProcessInitializeOnLoadAttributes (185ms)
				ProcessInitializeOnLoadMethodAttributes (26ms)
				AfterProcessingInitializeOnLoad (12ms)
				EditorAssembliesLoaded (0ms)
			ExecutionOrderSort2 (0ms)
			AwakeInstancesAfterBackupRestoration (8ms)
Platform modules already initialized, skipping
========================================================================
Worker process is ready to serve import requests
Launched and connected shader compiler UnityShaderCompiler.exe after 0.04 seconds
Refreshing native plugins compatible for Editor in 0.80 ms, found 6 plugins.
Preloading 0 native plugins for Editor in 0.00 ms.
Unloading 3817 Unused Serialized files (Serialized files now loaded: 0)
Unloading 68 unused Assets / (115.7 KB). Loaded Objects now: 4262.
Memory consumption went from 168.7 MB to 168.6 MB.
Total: 2.941900 ms (FindLiveObjects: 0.220600 ms CreateObjectMapping: 0.105900 ms MarkObjects: 2.496900 ms  DeleteObjects: 0.117700 ms)

AssetImportParameters requested are different than current active one (requested -> active):
  custom:video-decoder-ogg-theora: a1e56fd34408186e4bbccfd4996cb3dc -> 
  custom:container-muxer-webm: aa71ff27fc2769a1b78a27578f13a17b -> 
  custom:container-demuxer-webm: 4f35f7cbe854078d1ac9338744f61a02 -> 
  custom:video-encoder-webm-vp8: eb34c28f22e8b96e1ab97ce403110664 -> 
  custom:video-codec-MediaFoundation-h265: 746d11721c4dcdbdad8f713fa42b33f4 -> 
  custom:audio-encoder-webm-vorbis: bf7c407c2cedff20999df2af8eb42d56 -> 
  custom:framework-win-MediaFoundation: 216162199b28c13a410421893ffa2e32 -> 
  custom:container-demuxer-ogg: 62fdf1f143b41e24485cea50d1cbac27 -> 
  custom:video-decoder-webm-vp8: 9c59270c3fd7afecdb556c50c9e8de78 -> 
  custom:audio-decoder-ogg-vorbis: bf7c407c2cedff20999df2af8eb42d56 -> 
========================================================================
Received Import Request.
  Time since last request: 1249724.573014 seconds.
  path: Assets/image/female/Head/1.png
  artifactKey: Guid(434cefae96de3e447a7924eb407125cd) Importer(815301076,1909f56bfc062723c751e8b465ee728b)
Start importing Assets/image/female/Head/1.png using Guid(434cefae96de3e447a7924eb407125cd) Importer(815301076,1909f56bfc062723c751e8b465ee728b)  -> (artifact id: '82d31e73b4fd31e2d1c4477db4a7922b') in 0.077444 seconds 
========================================================================
Received Import Request.
  Time since last request: 0.000018 seconds.
  path: Assets/image/female/Head/3.png
  artifactKey: Guid(2e194b74f533905428a6bb49c6f367fa) Importer(815301076,1909f56bfc062723c751e8b465ee728b)
Start importing Assets/image/female/Head/3.png using Guid(2e194b74f533905428a6bb49c6f367fa) Importer(815301076,1909f56bfc062723c751e8b465ee728b)  -> (artifact id: 'c6b27f2787ab8f5cd80c6fd6944f073e') in 0.018399 seconds 
========================================================================
Received Import Request.
  Time since last request: 113.507598 seconds.
  path: Assets/image/female/Top/1.png
  artifactKey: Guid(15fdf4ea76f943f4ca365e6b164eb07c) Importer(815301076,1909f56bfc062723c751e8b465ee728b)
Start importing Assets/image/female/Top/1.png using Guid(15fdf4ea76f943f4ca365e6b164eb07c) Importer(815301076,1909f56bfc062723c751e8b465ee728b)  -> (artifact id: '856711c0cef0bfa5f7da4626ac50f8e9') in 0.022256 seconds 
========================================================================
Received Import Request.
  Time since last request: 0.015448 seconds.
  path: Assets/image/female/Top/5.png
  artifactKey: Guid(1ab41719079d9ad44be8a15ff826a55f) Importer(815301076,1909f56bfc062723c751e8b465ee728b)
Start importing Assets/image/female/Top/5.png using Guid(1ab41719079d9ad44be8a15ff826a55f) Importer(815301076,1909f56bfc062723c751e8b465ee728b)  -> (artifact id: 'e70c9a8c7711299510b89f60721fdd69') in 0.016443 seconds 
========================================================================
Received Import Request.
  Time since last request: 0.000030 seconds.
  path: Assets/image/female/Top/19.png
  artifactKey: Guid(2b08d249aea2fc2458a4837dd2fc8e7f) Importer(815301076,1909f56bfc062723c751e8b465ee728b)
Start importing Assets/image/female/Top/19.png using Guid(2b08d249aea2fc2458a4837dd2fc8e7f) Importer(815301076,1909f56bfc062723c751e8b465ee728b)  -> (artifact id: 'b545cfb1a8e0c02259d7790adc9834d1') in 0.018958 seconds 
========================================================================
Received Import Request.
  Time since last request: 0.000050 seconds.
  path: Assets/image/female/Top/24.png
  artifactKey: Guid(00cfb93cc2be2b14083640b93466729c) Importer(815301076,1909f56bfc062723c751e8b465ee728b)
Start importing Assets/image/female/Top/24.png using Guid(00cfb93cc2be2b14083640b93466729c) Importer(815301076,1909f56bfc062723c751e8b465ee728b)  -> (artifact id: '5f32ad5ed5b3757a394803ac298c514e') in 0.017901 seconds 
========================================================================
Received Import Request.
  Time since last request: 0.000034 seconds.
  path: Assets/image/female/Top/26.png
  artifactKey: Guid(518b25731452af04185ec15fa6d5e963) Importer(815301076,1909f56bfc062723c751e8b465ee728b)
Start importing Assets/image/female/Top/26.png using Guid(518b25731452af04185ec15fa6d5e963) Importer(815301076,1909f56bfc062723c751e8b465ee728b)  -> (artifact id: 'e14950b77879e9638d43a3011a2b4301') in 0.017641 seconds 
========================================================================
Received Import Request.
  Time since last request: 0.000033 seconds.
  path: Assets/image/female/Top/16.png
  artifactKey: Guid(4dcdd0840c8b52941919ca765b45b35a) Importer(815301076,1909f56bfc062723c751e8b465ee728b)
Start importing Assets/image/female/Top/16.png using Guid(4dcdd0840c8b52941919ca765b45b35a) Importer(815301076,1909f56bfc062723c751e8b465ee728b)  -> (artifact id: 'c25c2cc9d4b66816c212f73c86675da4') in 0.014135 seconds 
========================================================================
Received Import Request.
  Time since last request: 0.000029 seconds.
  path: Assets/image/female/Top/35.png
  artifactKey: Guid(da7869b7faeafa64084fc5d83049e98b) Importer(815301076,1909f56bfc062723c751e8b465ee728b)
Start importing Assets/image/female/Top/35.png using Guid(da7869b7faeafa64084fc5d83049e98b) Importer(815301076,1909f56bfc062723c751e8b465ee728b)  -> (artifact id: '846465844331c3ed53d17a3913a984f6') in 0.017050 seconds 
========================================================================
Received Import Request.
  Time since last request: 0.000030 seconds.
  path: Assets/image/female/Top/39.png
  artifactKey: Guid(ddcdba9eb7a8c3b4e8587585c869b6a5) Importer(815301076,1909f56bfc062723c751e8b465ee728b)
Start importing Assets/image/female/Top/39.png using Guid(ddcdba9eb7a8c3b4e8587585c869b6a5) Importer(815301076,1909f56bfc062723c751e8b465ee728b)  -> (artifact id: 'b36c111116a588096b118124ba3b92ec') in 0.021608 seconds 
========================================================================
Received Import Request.
  Time since last request: 0.000029 seconds.
  path: Assets/image/female/Top/7.png
  artifactKey: Guid(5c34cd06bf1f0df48a0b062114f5f00b) Importer(815301076,1909f56bfc062723c751e8b465ee728b)
Start importing Assets/image/female/Top/7.png using Guid(5c34cd06bf1f0df48a0b062114f5f00b) Importer(815301076,1909f56bfc062723c751e8b465ee728b)  -> (artifact id: 'd963799a6d5c425b0005da76130e0486') in 0.016745 seconds 
========================================================================
Received Import Request.
  Time since last request: 0.000022 seconds.
  path: Assets/image/female/Top/37.png
  artifactKey: Guid(ef119cf2c79a5e04d92695d94d844470) Importer(815301076,1909f56bfc062723c751e8b465ee728b)
Start importing Assets/image/female/Top/37.png using Guid(ef119cf2c79a5e04d92695d94d844470) Importer(815301076,1909f56bfc062723c751e8b465ee728b)  -> (artifact id: '4b95adda41e96f151fd694b0dd993ca0') in 0.013434 seconds 
========================================================================
Received Import Request.
  Time since last request: 0.000030 seconds.
  path: Assets/image/female/Top/14.png
  artifactKey: Guid(bc25a2e2fec027e498b1aec0f60bb8ba) Importer(815301076,1909f56bfc062723c751e8b465ee728b)
Start importing Assets/image/female/Top/14.png using Guid(bc25a2e2fec027e498b1aec0f60bb8ba) Importer(815301076,1909f56bfc062723c751e8b465ee728b)  -> (artifact id: 'b5f44c5a36e0a05d090e67dabe5d459c') in 0.017560 seconds 
========================================================================
Received Import Request.
  Time since last request: 0.000026 seconds.
  path: Assets/image/female/Top/29.png
  artifactKey: Guid(4d4f0f1f31dece0489e5732725bb24a7) Importer(815301076,1909f56bfc062723c751e8b465ee728b)
Start importing Assets/image/female/Top/29.png using Guid(4d4f0f1f31dece0489e5732725bb24a7) Importer(815301076,1909f56bfc062723c751e8b465ee728b)  -> (artifact id: '863a36b3a6f81fa6a388bdbf11747333') in 0.017436 seconds 
========================================================================
Received Import Request.
  Time since last request: 0.000028 seconds.
  path: Assets/image/female/Top/13.png
  artifactKey: Guid(2768fec7815ed7343bf691b8ad8e79ff) Importer(815301076,1909f56bfc062723c751e8b465ee728b)
Start importing Assets/image/female/Top/13.png using Guid(2768fec7815ed7343bf691b8ad8e79ff) Importer(815301076,1909f56bfc062723c751e8b465ee728b)  -> (artifact id: '0d841cd238168d60c1420ddab967dd7f') in 0.018751 seconds 
========================================================================
Received Import Request.
  Time since last request: 0.000027 seconds.
  path: Assets/image/female/Top/27.png
  artifactKey: Guid(e438e04f44692b7478fb71834099a3c9) Importer(815301076,1909f56bfc062723c751e8b465ee728b)
Start importing Assets/image/female/Top/27.png using Guid(e438e04f44692b7478fb71834099a3c9) Importer(815301076,1909f56bfc062723c751e8b465ee728b)  -> (artifact id: 'b8f06c7f45db3cae78c527ff1618aa63') in 0.015336 seconds 
========================================================================
Received Import Request.
  Time since last request: 0.000032 seconds.
  path: Assets/image/female/Top/34.png
  artifactKey: Guid(9496222ee02747844b0772986a81d0d1) Importer(815301076,1909f56bfc062723c751e8b465ee728b)
Start importing Assets/image/female/Top/34.png using Guid(9496222ee02747844b0772986a81d0d1) Importer(815301076,1909f56bfc062723c751e8b465ee728b)  -> (artifact id: '199368ac9904238f2269bc307fb11e05') in 0.015450 seconds 
========================================================================
Received Import Request.
  Time since last request: 0.000041 seconds.
  path: Assets/image/female/Top/11.png
  artifactKey: Guid(ac759207012246c498bfe8836cbc2332) Importer(815301076,1909f56bfc062723c751e8b465ee728b)
Start importing Assets/image/female/Top/11.png using Guid(ac759207012246c498bfe8836cbc2332) Importer(815301076,1909f56bfc062723c751e8b465ee728b)  -> (artifact id: 'df9059f91b302e49e3d034c403f2fe35') in 0.019465 seconds 
========================================================================
Received Import Request.
  Time since last request: 0.000028 seconds.
  path: Assets/image/female/Top/40.png
  artifactKey: Guid(4b8964a15f8e28a4b8c0ce13199c8455) Importer(815301076,1909f56bfc062723c751e8b465ee728b)
Start importing Assets/image/female/Top/40.png using Guid(4b8964a15f8e28a4b8c0ce13199c8455) Importer(815301076,1909f56bfc062723c751e8b465ee728b)  -> (artifact id: '90d753f9a288e108d0eee5af82ec5fdd') in 0.016512 seconds 
========================================================================
Received Import Request.
  Time since last request: 0.000023 seconds.
  path: Assets/image/female/Top/28.png
  artifactKey: Guid(d5912ba98235bc54088c918d33be760e) Importer(815301076,1909f56bfc062723c751e8b465ee728b)
Start importing Assets/image/female/Top/28.png using Guid(d5912ba98235bc54088c918d33be760e) Importer(815301076,1909f56bfc062723c751e8b465ee728b)  -> (artifact id: '63d634ee3fe04a38b5ac95184537b004') in 0.028497 seconds 
========================================================================
Received Import Request.
  Time since last request: 0.000031 seconds.
  path: Assets/image/female/Top/9.png
  artifactKey: Guid(70733a4efd68c644d954a5f39d1b1748) Importer(815301076,1909f56bfc062723c751e8b465ee728b)
Start importing Assets/image/female/Top/9.png using Guid(70733a4efd68c644d954a5f39d1b1748) Importer(815301076,1909f56bfc062723c751e8b465ee728b)  -> (artifact id: 'f173e5f274c97f3b30a00f3f35b32d32') in 0.021170 seconds 
========================================================================
Received Import Request.
  Time since last request: 0.000028 seconds.
  path: Assets/image/female/Top/8.png
  artifactKey: Guid(ca1565aa16b537c478cd05acae536878) Importer(815301076,1909f56bfc062723c751e8b465ee728b)
Start importing Assets/image/female/Top/8.png using Guid(ca1565aa16b537c478cd05acae536878) Importer(815301076,1909f56bfc062723c751e8b465ee728b)  -> (artifact id: 'bcf38b53d49abac22c84044fee18ee72') in 0.018848 seconds 
Editor requested this worker to shutdown with reason: Scaling down because of idle timeout
AssetImportWorker is now disconnected from the server
Process exiting
Exiting without the bug reporter. Application will terminate with return code 0