Using pre-set license
Built from '2021.3/release' branch; Version is '2021.3.12f1 (8af3c3e441b1) revision 9106371'; Using compiler version '192829333'; Build Type 'Release'
OS: 'Windows 11  (10.0.22000) 64bit Core' Language: 'ko' Physical Memory: 32394 MB
BatchMode: 1, IsHumanControllingUs: 0, StartBugReporterOnCrash: 0, Is64bit: 1, IsPro: 1

COMMAND LINE ARGUMENTS:
C:\Program Files\Unity\Hub\Editor\2021.3.12f1\Editor\Unity.exe
-adb2
-batchMode
-noUpm
-name
AssetImportWorker12
-projectPath
C:/Users/kayso/Desktop/unity/1207/AngZ
-logFile
Logs/AssetImportWorker12.log
-srvPort
63080
Successfully changed project path to: C:/Users/kayso/Desktop/unity/1207/AngZ
C:/Users/kayso/Desktop/unity/1207/AngZ
[UnityMemory] Configuration Parameters - Can be set up in boot.config
    "memorysetup-bucket-allocator-granularity=16"
    "memorysetup-bucket-allocator-bucket-count=8"
    "memorysetup-bucket-allocator-block-size=33554432"
    "memorysetup-bucket-allocator-block-count=8"
    "memorysetup-main-allocator-block-size=16777216"
    "memorysetup-thread-allocator-block-size=16777216"
    "memorysetup-gfx-main-allocator-block-size=16777216"
    "memorysetup-gfx-thread-allocator-block-size=16777216"
    "memorysetup-cache-allocator-block-size=4194304"
    "memorysetup-typetree-allocator-block-size=2097152"
    "memorysetup-profiler-bucket-allocator-granularity=16"
    "memorysetup-profiler-bucket-allocator-bucket-count=8"
    "memorysetup-profiler-bucket-allocator-block-size=33554432"
    "memorysetup-profiler-bucket-allocator-block-count=8"
    "memorysetup-profiler-allocator-block-size=16777216"
    "memorysetup-profiler-editor-allocator-block-size=1048576"
    "memorysetup-temp-allocator-size-main=16777216"
    "memorysetup-job-temp-allocator-block-size=2097152"
    "memorysetup-job-temp-allocator-block-size-background=1048576"
    "memorysetup-job-temp-allocator-reduction-small-platforms=262144"
    "memorysetup-temp-allocator-size-background-worker=32768"
    "memorysetup-temp-allocator-size-job-worker=262144"
    "memorysetup-temp-allocator-size-preload-manager=33554432"
    "memorysetup-temp-allocator-size-nav-mesh-worker=65536"
    "memorysetup-temp-allocator-size-audio-worker=65536"
    "memorysetup-temp-allocator-size-cloud-worker=32768"
    "memorysetup-temp-allocator-size-gi-baking-worker=262144"
    "memorysetup-temp-allocator-size-gfx=262144"
Refreshing native plugins compatible for Editor in 101.26 ms, found 6 plugins.
Preloading 0 native plugins for Editor in 0.00 ms.
Initialize engine version: 2021.3.12f1 (8af3c3e441b1)
[Subsystems] Discovering subsystems at path C:/Program Files/Unity/Hub/Editor/2021.3.12f1/Editor/Data/Resources/UnitySubsystems
[Subsystems] Discovering subsystems at path C:/Users/kayso/Desktop/unity/1207/AngZ/Assets
GfxDevice: creating device client; threaded=0; jobified=0
Direct3D:
    Version:  Direct3D 11.0 [level 11.1]
    Renderer: Intel(R) Arc(TM) A350M Graphics (ID=0x5694)
    Vendor:   Intel
    VRAM:     4018 MB
    Driver:   30.0.101.1747
Initialize mono
Mono path[0] = 'C:/Program Files/Unity/Hub/Editor/2021.3.12f1/Editor/Data/Managed'
Mono path[1] = 'C:/Program Files/Unity/Hub/Editor/2021.3.12f1/Editor/Data/MonoBleedingEdge/lib/mono/unityjit-win32'
Mono config path = 'C:/Program Files/Unity/Hub/Editor/2021.3.12f1/Editor/Data/MonoBleedingEdge/etc'
Using monoOptions --debugger-agent=transport=dt_socket,embedding=1,server=y,suspend=n,address=127.0.0.1:56116
Begin MonoManager ReloadAssembly
Registering precompiled unity dll's ...
Register platform support module: C:/Program Files/Unity/Hub/Editor/2021.3.12f1/Editor/Data/PlaybackEngines/WebGLSupport/UnityEditor.WebGL.Extensions.dll
Register platform support module: C:/Program Files/Unity/Hub/Editor/2021.3.12f1/Editor/Data/PlaybackEngines/WindowsStandaloneSupport/UnityEditor.WindowsStandalone.Extensions.dll
Registered in 0.009643 seconds.
Native extension for WindowsStandalone target not found
Native extension for WebGL target not found
Refreshing native plugins compatible for Editor in 101.70 ms, found 6 plugins.
Preloading 0 native plugins for Editor in 0.00 ms.
Mono: successfully reloaded assembly
- Completed reload, in  0.554 seconds
Domain Reload Profiling:
	ReloadAssembly (555ms)
		BeginReloadAssembly (70ms)
			ExecutionOrderSort (0ms)
			DisableScriptedObjects (0ms)
			BackupInstance (0ms)
			ReleaseScriptingObjects (0ms)
			CreateAndSetChildDomain (1ms)
		EndReloadAssembly (396ms)
			LoadAssemblies (68ms)
			RebuildTransferFunctionScriptingTraits (0ms)
			SetupTypeCache (76ms)
			ReleaseScriptCaches (0ms)
			RebuildScriptCaches (21ms)
			SetupLoadedEditorAssemblies (251ms)
				LogAssemblyErrors (0ms)
				InitializePlatformSupportModulesInManaged (9ms)
				SetLoadedEditorAssemblies (0ms)
				RefreshPlugins (102ms)
				BeforeProcessingInitializeOnLoad (2ms)
				ProcessInitializeOnLoadAttributes (101ms)
				ProcessInitializeOnLoadMethodAttributes (38ms)
				AfterProcessingInitializeOnLoad (0ms)
				EditorAssembliesLoaded (0ms)
			ExecutionOrderSort2 (0ms)
			AwakeInstancesAfterBackupRestoration (0ms)
Platform modules already initialized, skipping
Registering precompiled user dll's ...
Registered in 0.027018 seconds.
Begin MonoManager ReloadAssembly
Symbol file LoadedFromMemory doesn't match image C:\Users\kayso\Desktop\unity\1207\AngZ\Library\PackageCache\com.unity.visualscripting@1.7.8\Editor\VisualScripting.Core\Dependencies\DotNetZip\Unity.VisualScripting.IonicZip.dll
Symbol file LoadedFromMemory doesn't match image C:\Users\kayso\Desktop\unity\1207\AngZ\Library\PackageCache\com.unity.visualscripting@1.7.8\Editor\VisualScripting.Core\Dependencies\YamlDotNet\Unity.VisualScripting.YamlDotNet.dll
Native extension for WindowsStandalone target not found
Native extension for WebGL target not found
Refreshing native plugins compatible for Editor in 0.98 ms, found 6 plugins.
Preloading 0 native plugins for Editor in 0.00 ms.
Mono: successfully reloaded assembly
- Completed reload, in  0.887 seconds
Domain Reload Profiling:
	ReloadAssembly (888ms)
		BeginReloadAssembly (93ms)
			ExecutionOrderSort (0ms)
			DisableScriptedObjects (4ms)
			BackupInstance (0ms)
			ReleaseScriptingObjects (0ms)
			CreateAndSetChildDomain (15ms)
		EndReloadAssembly (694ms)
			LoadAssemblies (92ms)
			RebuildTransferFunctionScriptingTraits (0ms)
			SetupTypeCache (210ms)
			ReleaseScriptCaches (0ms)
			RebuildScriptCaches (48ms)
			SetupLoadedEditorAssemblies (312ms)
				LogAssemblyErrors (0ms)
				InitializePlatformSupportModulesInManaged (8ms)
				SetLoadedEditorAssemblies (0ms)
				RefreshPlugins (1ms)
				BeforeProcessingInitializeOnLoad (77ms)
				ProcessInitializeOnLoadAttributes (187ms)
				ProcessInitializeOnLoadMethodAttributes (26ms)
				AfterProcessingInitializeOnLoad (11ms)
				EditorAssembliesLoaded (0ms)
			ExecutionOrderSort2 (0ms)
			AwakeInstancesAfterBackupRestoration (8ms)
Platform modules already initialized, skipping
========================================================================
Worker process is ready to serve import requests
Launched and connected shader compiler UnityShaderCompiler.exe after 0.04 seconds
Refreshing native plugins compatible for Editor in 0.73 ms, found 6 plugins.
Preloading 0 native plugins for Editor in 0.00 ms.
Unloading 3817 Unused Serialized files (Serialized files now loaded: 0)
Unloading 68 unused Assets / (115.6 KB). Loaded Objects now: 4262.
Memory consumption went from 168.7 MB to 168.6 MB.
Total: 3.082100 ms (FindLiveObjects: 0.193900 ms CreateObjectMapping: 0.084800 ms MarkObjects: 2.687500 ms  DeleteObjects: 0.115200 ms)

AssetImportParameters requested are different than current active one (requested -> active):
  custom:video-decoder-ogg-theora: a1e56fd34408186e4bbccfd4996cb3dc -> 
  custom:container-muxer-webm: aa71ff27fc2769a1b78a27578f13a17b -> 
  custom:container-demuxer-webm: 4f35f7cbe854078d1ac9338744f61a02 -> 
  custom:video-encoder-webm-vp8: eb34c28f22e8b96e1ab97ce403110664 -> 
  custom:video-codec-MediaFoundation-h265: 746d11721c4dcdbdad8f713fa42b33f4 -> 
  custom:audio-encoder-webm-vorbis: bf7c407c2cedff20999df2af8eb42d56 -> 
  custom:framework-win-MediaFoundation: 216162199b28c13a410421893ffa2e32 -> 
  custom:container-demuxer-ogg: 62fdf1f143b41e24485cea50d1cbac27 -> 
  custom:video-decoder-webm-vp8: 9c59270c3fd7afecdb556c50c9e8de78 -> 
  custom:audio-decoder-ogg-vorbis: bf7c407c2cedff20999df2af8eb42d56 -> 
========================================================================
Received Import Request.
  Time since last request: 1249724.573621 seconds.
  path: Assets/image/female/Head/2.png
  artifactKey: Guid(2e4cb5f18f4776f48a1ea818e4c2629c) Importer(815301076,1909f56bfc062723c751e8b465ee728b)
Start importing Assets/image/female/Head/2.png using Guid(2e4cb5f18f4776f48a1ea818e4c2629c) Importer(815301076,1909f56bfc062723c751e8b465ee728b)  -> (artifact id: '671d007070dd8c83b334846d5040e42d') in 0.079138 seconds 
========================================================================
Received Import Request.
  Time since last request: 0.000023 seconds.
  path: Assets/image/female/Head/4.png
  artifactKey: Guid(cdfeeee834f92d046804868ca5169aa2) Importer(815301076,1909f56bfc062723c751e8b465ee728b)
Start importing Assets/image/female/Head/4.png using Guid(cdfeeee834f92d046804868ca5169aa2) Importer(815301076,1909f56bfc062723c751e8b465ee728b)  -> (artifact id: 'd7ec0acc48fd0e0ab667ec9e97a42e9d') in 0.015539 seconds 
========================================================================
Received Import Request.
  Time since last request: 113.509101 seconds.
  path: Assets/image/female/Top/2.png
  artifactKey: Guid(277015dc71bb1c648a5005c7cfac5960) Importer(815301076,1909f56bfc062723c751e8b465ee728b)
Start importing Assets/image/female/Top/2.png using Guid(277015dc71bb1c648a5005c7cfac5960) Importer(815301076,1909f56bfc062723c751e8b465ee728b)  -> (artifact id: '0e4912dc4265b3bbb0d003ae97139767') in 0.021270 seconds 
========================================================================
Received Import Request.
  Time since last request: 0.014172 seconds.
  path: Assets/image/female/Top/3.png
  artifactKey: Guid(245b38c7ef45cf44e8dc0913575c090a) Importer(815301076,1909f56bfc062723c751e8b465ee728b)
Start importing Assets/image/female/Top/3.png using Guid(245b38c7ef45cf44e8dc0913575c090a) Importer(815301076,1909f56bfc062723c751e8b465ee728b)  -> (artifact id: 'aa5b6d9b683c5d660783b70428c111b3') in 0.017559 seconds 
========================================================================
Received Import Request.
  Time since last request: 0.000032 seconds.
  path: Assets/image/female/Top/31.png
  artifactKey: Guid(98207d7dc1dc0cc45961449a0a885026) Importer(815301076,1909f56bfc062723c751e8b465ee728b)
Start importing Assets/image/female/Top/31.png using Guid(98207d7dc1dc0cc45961449a0a885026) Importer(815301076,1909f56bfc062723c751e8b465ee728b)  -> (artifact id: '7fe08491a827b1b22072624610a7c701') in 0.020083 seconds 
========================================================================
Received Import Request.
  Time since last request: 0.000035 seconds.
  path: Assets/image/female/Top/4.png
  artifactKey: Guid(e32527a85d4ab8547829a535e09a50a2) Importer(815301076,1909f56bfc062723c751e8b465ee728b)
Start importing Assets/image/female/Top/4.png using Guid(e32527a85d4ab8547829a535e09a50a2) Importer(815301076,1909f56bfc062723c751e8b465ee728b)  -> (artifact id: '5db64ab8681f15a4419f155cf957ef64') in 0.016348 seconds 
========================================================================
Received Import Request.
  Time since last request: 0.000036 seconds.
  path: Assets/image/female/Top/6.png
  artifactKey: Guid(a62b6630be021ef41b1ff36186668020) Importer(815301076,1909f56bfc062723c751e8b465ee728b)
Start importing Assets/image/female/Top/6.png using Guid(a62b6630be021ef41b1ff36186668020) Importer(815301076,1909f56bfc062723c751e8b465ee728b)  -> (artifact id: 'b74d2f25e08c6d8bd0f8f0fc082db3c1') in 0.016958 seconds 
========================================================================
Received Import Request.
  Time since last request: 0.000029 seconds.
  path: Assets/image/female/Top/25.png
  artifactKey: Guid(baa760876a637ff489bb792730c32b5c) Importer(815301076,1909f56bfc062723c751e8b465ee728b)
Start importing Assets/image/female/Top/25.png using Guid(baa760876a637ff489bb792730c32b5c) Importer(815301076,1909f56bfc062723c751e8b465ee728b)  -> (artifact id: 'abcf97172a521a2989d7a5f68935bd21') in 0.014995 seconds 
========================================================================
Received Import Request.
  Time since last request: 0.000031 seconds.
  path: Assets/image/female/Top/22.png
  artifactKey: Guid(1b1ce27b2a576394594e1e4f93954c8d) Importer(815301076,1909f56bfc062723c751e8b465ee728b)
Start importing Assets/image/female/Top/22.png using Guid(1b1ce27b2a576394594e1e4f93954c8d) Importer(815301076,1909f56bfc062723c751e8b465ee728b)  -> (artifact id: '63e32bdf971acda8964339ae9415bb2c') in 0.016759 seconds 
========================================================================
Received Import Request.
  Time since last request: 0.000026 seconds.
  path: Assets/image/female/Top/10.png
  artifactKey: Guid(ac90eee6b6b72b94eb01f1627ce5cf30) Importer(815301076,1909f56bfc062723c751e8b465ee728b)
Start importing Assets/image/female/Top/10.png using Guid(ac90eee6b6b72b94eb01f1627ce5cf30) Importer(815301076,1909f56bfc062723c751e8b465ee728b)  -> (artifact id: 'c958786a36bb32d39ae326b1fbb3baee') in 0.022270 seconds 
========================================================================
Received Import Request.
  Time since last request: 0.000024 seconds.
  path: Assets/image/female/Top/32.png
  artifactKey: Guid(85a9c944e1f02a846bd53dad3348703c) Importer(815301076,1909f56bfc062723c751e8b465ee728b)
Start importing Assets/image/female/Top/32.png using Guid(85a9c944e1f02a846bd53dad3348703c) Importer(815301076,1909f56bfc062723c751e8b465ee728b)  -> (artifact id: '8b328cdf3f515b769f8ff82b14f35a8b') in 0.015082 seconds 
========================================================================
Received Import Request.
  Time since last request: 0.000021 seconds.
  path: Assets/image/female/Top/30.png
  artifactKey: Guid(b3746b4a9496d0d4c910ae4912201043) Importer(815301076,1909f56bfc062723c751e8b465ee728b)
Start importing Assets/image/female/Top/30.png using Guid(b3746b4a9496d0d4c910ae4912201043) Importer(815301076,1909f56bfc062723c751e8b465ee728b)  -> (artifact id: 'c086c5d9bdc13df7ec194c2767f61b1e') in 0.012741 seconds 
========================================================================
Received Import Request.
  Time since last request: 0.000029 seconds.
  path: Assets/image/female/Top/23.png
  artifactKey: Guid(a9a0fdd4aec5fae44a2b4c67c0ded549) Importer(815301076,1909f56bfc062723c751e8b465ee728b)
Start importing Assets/image/female/Top/23.png using Guid(a9a0fdd4aec5fae44a2b4c67c0ded549) Importer(815301076,1909f56bfc062723c751e8b465ee728b)  -> (artifact id: '5242ad089d694ad94f8b042f2e26d5f5') in 0.016842 seconds 
========================================================================
Received Import Request.
  Time since last request: 0.000026 seconds.
  path: Assets/image/female/Top/36.png
  artifactKey: Guid(c84f8982b28ac064eaad0888730042cd) Importer(815301076,1909f56bfc062723c751e8b465ee728b)
Start importing Assets/image/female/Top/36.png using Guid(c84f8982b28ac064eaad0888730042cd) Importer(815301076,1909f56bfc062723c751e8b465ee728b)  -> (artifact id: 'dc9a2981f2bf49a93f86c1e9e8693065') in 0.021662 seconds 
========================================================================
Received Import Request.
  Time since last request: 0.000027 seconds.
  path: Assets/image/female/Top/15.png
  artifactKey: Guid(d0b32eabd2458224c9c12d8e3a6bf74f) Importer(815301076,1909f56bfc062723c751e8b465ee728b)
Start importing Assets/image/female/Top/15.png using Guid(d0b32eabd2458224c9c12d8e3a6bf74f) Importer(815301076,1909f56bfc062723c751e8b465ee728b)  -> (artifact id: 'fea7ea64c02e4b5565cc20332ca33e6c') in 0.017094 seconds 
========================================================================
Received Import Request.
  Time since last request: 0.000022 seconds.
  path: Assets/image/female/Top/33.png
  artifactKey: Guid(2212fd57c07ae5e4aaad80007f47b751) Importer(815301076,1909f56bfc062723c751e8b465ee728b)
Start importing Assets/image/female/Top/33.png using Guid(2212fd57c07ae5e4aaad80007f47b751) Importer(815301076,1909f56bfc062723c751e8b465ee728b)  -> (artifact id: 'd52e0cd9fe2694a9a39e307ddc76e51c') in 0.015377 seconds 
========================================================================
Received Import Request.
  Time since last request: 0.000029 seconds.
  path: Assets/image/female/Top/20.png
  artifactKey: Guid(7dad3d585560822428d9912b7a0639cc) Importer(815301076,1909f56bfc062723c751e8b465ee728b)
Start importing Assets/image/female/Top/20.png using Guid(7dad3d585560822428d9912b7a0639cc) Importer(815301076,1909f56bfc062723c751e8b465ee728b)  -> (artifact id: '43a3b541493a69dc92d5d3a59741102c') in 0.015083 seconds 
========================================================================
Received Import Request.
  Time since last request: 0.000053 seconds.
  path: Assets/image/female/Top/12.png
  artifactKey: Guid(5b2170639f6b83a45b8bccbcca3d0b1c) Importer(815301076,1909f56bfc062723c751e8b465ee728b)
Start importing Assets/image/female/Top/12.png using Guid(5b2170639f6b83a45b8bccbcca3d0b1c) Importer(815301076,1909f56bfc062723c751e8b465ee728b)  -> (artifact id: 'f237ffd15ea7bb36443c557039b4ace9') in 0.015851 seconds 
========================================================================
Received Import Request.
  Time since last request: 0.000026 seconds.
  path: Assets/image/female/Top/38.png
  artifactKey: Guid(efd75334f43508f4baed4b52e168dc77) Importer(815301076,1909f56bfc062723c751e8b465ee728b)
Start importing Assets/image/female/Top/38.png using Guid(efd75334f43508f4baed4b52e168dc77) Importer(815301076,1909f56bfc062723c751e8b465ee728b)  -> (artifact id: '7dc61726622ebc9afa36e9d2af2d1f9c') in 0.015333 seconds 
========================================================================
Received Import Request.
  Time since last request: 0.000025 seconds.
  path: Assets/image/female/Top/17.png
  artifactKey: Guid(6f964361d4ccb2341b97c6d164edb130) Importer(815301076,1909f56bfc062723c751e8b465ee728b)
Start importing Assets/image/female/Top/17.png using Guid(6f964361d4ccb2341b97c6d164edb130) Importer(815301076,1909f56bfc062723c751e8b465ee728b)  -> (artifact id: 'd8cdba380341cbfac27d8821168f3609') in 0.027958 seconds 
========================================================================
Received Import Request.
  Time since last request: 0.000029 seconds.
  path: Assets/image/female/Top/18.png
  artifactKey: Guid(827afc69f8cae73468d36e0f29a4738d) Importer(815301076,1909f56bfc062723c751e8b465ee728b)
Start importing Assets/image/female/Top/18.png using Guid(827afc69f8cae73468d36e0f29a4738d) Importer(815301076,1909f56bfc062723c751e8b465ee728b)  -> (artifact id: '00b909ec391a322bfd16df4dea71ea67') in 0.023891 seconds 
Editor requested this worker to shutdown with reason: Scaling down because of idle timeout
AssetImportWorker is now disconnected from the server
Process exiting
Exiting without the bug reporter. Application will terminate with return code 0