Using pre-set license
Built from '2021.3/release' branch; Version is '2021.3.12f1 (8af3c3e441b1) revision 9106371'; Using compiler version '192829333'; Build Type 'Release'
OS: 'Windows 11  (10.0.22000) 64bit Core' Language: 'ko' Physical Memory: 16178 MB
BatchMode: 1, IsHumanControllingUs: 0, StartBugReporterOnCrash: 0, Is64bit: 1, IsPro: 1

COMMAND LINE ARGUMENTS:
C:\Program Files\Unity\Hub\Editor\2021.3.12f1\Editor\Unity.exe
-adb2
-batchMode
-noUpm
-name
AssetImportWorker17
-projectPath
C:/Users/tg859/바탕 화면/unity/AngZ
-logFile
Logs/AssetImportWorker17.log
-srvPort
59554
Successfully changed project path to: C:/Users/tg859/바탕 화면/unity/AngZ
C:/Users/tg859/바탕 화면/unity/AngZ
[UnityMemory] Configuration Parameters - Can be set up in boot.config
    "memorysetup-bucket-allocator-granularity=16"
    "memorysetup-bucket-allocator-bucket-count=8"
    "memorysetup-bucket-allocator-block-size=33554432"
    "memorysetup-bucket-allocator-block-count=8"
    "memorysetup-main-allocator-block-size=16777216"
    "memorysetup-thread-allocator-block-size=16777216"
    "memorysetup-gfx-main-allocator-block-size=16777216"
    "memorysetup-gfx-thread-allocator-block-size=16777216"
    "memorysetup-cache-allocator-block-size=4194304"
    "memorysetup-typetree-allocator-block-size=2097152"
    "memorysetup-profiler-bucket-allocator-granularity=16"
    "memorysetup-profiler-bucket-allocator-bucket-count=8"
    "memorysetup-profiler-bucket-allocator-block-size=33554432"
    "memorysetup-profiler-bucket-allocator-block-count=8"
    "memorysetup-profiler-allocator-block-size=16777216"
    "memorysetup-profiler-editor-allocator-block-size=1048576"
    "memorysetup-temp-allocator-size-main=16777216"
    "memorysetup-job-temp-allocator-block-size=2097152"
    "memorysetup-job-temp-allocator-block-size-background=1048576"
    "memorysetup-job-temp-allocator-reduction-small-platforms=262144"
    "memorysetup-temp-allocator-size-background-worker=32768"
    "memorysetup-temp-allocator-size-job-worker=262144"
    "memorysetup-temp-allocator-size-preload-manager=33554432"
    "memorysetup-temp-allocator-size-nav-mesh-worker=65536"
    "memorysetup-temp-allocator-size-audio-worker=65536"
    "memorysetup-temp-allocator-size-cloud-worker=32768"
    "memorysetup-temp-allocator-size-gi-baking-worker=262144"
    "memorysetup-temp-allocator-size-gfx=262144"
Refreshing native plugins compatible for Editor in 157.57 ms, found 3 plugins.
Preloading 0 native plugins for Editor in 0.00 ms.
Initialize engine version: 2021.3.12f1 (8af3c3e441b1)
[Subsystems] Discovering subsystems at path C:/Program Files/Unity/Hub/Editor/2021.3.12f1/Editor/Data/Resources/UnitySubsystems
[Subsystems] Discovering subsystems at path C:/Users/tg859/바탕 화면/unity/AngZ/Assets
GfxDevice: creating device client; threaded=0; jobified=0
Direct3D:
    Version:  Direct3D 11.0 [level 11.1]
    Renderer: Intel(R) UHD Graphics 620 (ID=0x3ea0)
    Vendor:   Intel
    VRAM:     8089 MB
    Driver:   31.0.101.2111
Initialize mono
Mono path[0] = 'C:/Program Files/Unity/Hub/Editor/2021.3.12f1/Editor/Data/Managed'
Mono path[1] = 'C:/Program Files/Unity/Hub/Editor/2021.3.12f1/Editor/Data/MonoBleedingEdge/lib/mono/unityjit-win32'
Mono config path = 'C:/Program Files/Unity/Hub/Editor/2021.3.12f1/Editor/Data/MonoBleedingEdge/etc'
Using monoOptions --debugger-agent=transport=dt_socket,embedding=1,server=y,suspend=n,address=127.0.0.1:56728
Begin MonoManager ReloadAssembly
Registering precompiled unity dll's ...
Register platform support module: C:/Program Files/Unity/Hub/Editor/2021.3.12f1/Editor/Data/PlaybackEngines/AndroidPlayer/UnityEditor.Android.Extensions.dll
Register platform support module: C:/Program Files/Unity/Hub/Editor/2021.3.12f1/Editor/Data/PlaybackEngines/WindowsStandaloneSupport/UnityEditor.WindowsStandalone.Extensions.dll
Registered in 0.035285 seconds.
Native extension for WindowsStandalone target not found
Native extension for Android target not found
Refreshing native plugins compatible for Editor in 164.05 ms, found 3 plugins.
Preloading 0 native plugins for Editor in 0.00 ms.
Mono: successfully reloaded assembly
- Completed reload, in  1.333 seconds
Domain Reload Profiling:
	ReloadAssembly (1333ms)
		BeginReloadAssembly (172ms)
			ExecutionOrderSort (0ms)
			DisableScriptedObjects (0ms)
			BackupInstance (0ms)
			ReleaseScriptingObjects (0ms)
			CreateAndSetChildDomain (1ms)
		EndReloadAssembly (885ms)
			LoadAssemblies (167ms)
			RebuildTransferFunctionScriptingTraits (0ms)
			SetupTypeCache (187ms)
			ReleaseScriptCaches (0ms)
			RebuildScriptCaches (41ms)
			SetupLoadedEditorAssemblies (563ms)
				LogAssemblyErrors (0ms)
				InitializePlatformSupportModulesInManaged (109ms)
				SetLoadedEditorAssemblies (0ms)
				RefreshPlugins (164ms)
				BeforeProcessingInitializeOnLoad (3ms)
				ProcessInitializeOnLoadAttributes (170ms)
				ProcessInitializeOnLoadMethodAttributes (116ms)
				AfterProcessingInitializeOnLoad (0ms)
				EditorAssembliesLoaded (0ms)
			ExecutionOrderSort2 (0ms)
			AwakeInstancesAfterBackupRestoration (0ms)
Platform modules already initialized, skipping
Registering precompiled user dll's ...
Registered in 0.036429 seconds.
Begin MonoManager ReloadAssembly
Symbol file LoadedFromMemory doesn't match image C:\Users\tg859\바탕 화면\unity\AngZ\Library\PackageCache\com.unity.visualscripting@1.7.8\Editor\VisualScripting.Core\Dependencies\YamlDotNet\Unity.VisualScripting.YamlDotNet.dll
Symbol file LoadedFromMemory doesn't match image C:\Users\tg859\바탕 화면\unity\AngZ\Library\PackageCache\com.unity.visualscripting@1.7.8\Editor\VisualScripting.Core\Dependencies\DotNetZip\Unity.VisualScripting.IonicZip.dll
Native extension for WindowsStandalone target not found
Native extension for Android target not found
Refreshing native plugins compatible for Editor in 1.03 ms, found 3 plugins.
Preloading 0 native plugins for Editor in 0.00 ms.
Mono: successfully reloaded assembly
- Completed reload, in  2.191 seconds
Domain Reload Profiling:
	ReloadAssembly (2192ms)
		BeginReloadAssembly (342ms)
			ExecutionOrderSort (0ms)
			DisableScriptedObjects (9ms)
			BackupInstance (0ms)
			ReleaseScriptingObjects (0ms)
			CreateAndSetChildDomain (134ms)
		EndReloadAssembly (1574ms)
			LoadAssemblies (232ms)
			RebuildTransferFunctionScriptingTraits (0ms)
			SetupTypeCache (429ms)
			ReleaseScriptCaches (1ms)
			RebuildScriptCaches (97ms)
			SetupLoadedEditorAssemblies (779ms)
				LogAssemblyErrors (0ms)
				InitializePlatformSupportModulesInManaged (32ms)
				SetLoadedEditorAssemblies (1ms)
				RefreshPlugins (1ms)
				BeforeProcessingInitializeOnLoad (235ms)
				ProcessInitializeOnLoadAttributes (424ms)
				ProcessInitializeOnLoadMethodAttributes (57ms)
				AfterProcessingInitializeOnLoad (29ms)
				EditorAssembliesLoaded (0ms)
			ExecutionOrderSort2 (0ms)
			AwakeInstancesAfterBackupRestoration (33ms)
Platform modules already initialized, skipping
========================================================================
Worker process is ready to serve import requests
Launched and connected shader compiler UnityShaderCompiler.exe after 0.10 seconds
Refreshing native plugins compatible for Editor in 0.99 ms, found 3 plugins.
Preloading 0 native plugins for Editor in 0.00 ms.
Unloading 3646 Unused Serialized files (Serialized files now loaded: 0)
Unloading 33 unused Assets / (114.4 KB). Loaded Objects now: 4123.
Memory consumption went from 161.3 MB to 161.2 MB.
Total: 5.949500 ms (FindLiveObjects: 0.419100 ms CreateObjectMapping: 0.321000 ms MarkObjects: 5.001800 ms  DeleteObjects: 0.205800 ms)

AssetImportParameters requested are different than current active one (requested -> active):
  custom:video-decoder-ogg-theora: a1e56fd34408186e4bbccfd4996cb3dc -> 
  custom:container-muxer-webm: aa71ff27fc2769a1b78a27578f13a17b -> 
  custom:container-demuxer-webm: 4f35f7cbe854078d1ac9338744f61a02 -> 
  custom:video-encoder-webm-vp8: eb34c28f22e8b96e1ab97ce403110664 -> 
  custom:audio-encoder-webm-vorbis: bf7c407c2cedff20999df2af8eb42d56 -> 
  custom:framework-win-MediaFoundation: 216162199b28c13a410421893ffa2e32 -> 
  custom:container-demuxer-ogg: 62fdf1f143b41e24485cea50d1cbac27 -> 
  custom:video-decoder-webm-vp8: 9c59270c3fd7afecdb556c50c9e8de78 -> 
  custom:audio-decoder-ogg-vorbis: bf7c407c2cedff20999df2af8eb42d56 -> 
========================================================================
Received Import Request.
  Time since last request: 147091.509928 seconds.
  path: Assets/Taegon/image/male/top/2.png
  artifactKey: Guid(c0d69c2e03a118945ae1e82dac80bb20) Importer(815301076,1909f56bfc062723c751e8b465ee728b)
Start importing Assets/Taegon/image/male/top/2.png using Guid(c0d69c2e03a118945ae1e82dac80bb20) Importer(815301076,1909f56bfc062723c751e8b465ee728b)  -> (artifact id: '73b5b917641823bad80a1586c61a4885') in 0.328756 seconds 
========================================================================
Received Import Request.
  Time since last request: 0.000051 seconds.
  path: Assets/Taegon/image/male/top/13.png
  artifactKey: Guid(fd7b0dce2a8db1145ac9497f74721d07) Importer(815301076,1909f56bfc062723c751e8b465ee728b)
Start importing Assets/Taegon/image/male/top/13.png using Guid(fd7b0dce2a8db1145ac9497f74721d07) Importer(815301076,1909f56bfc062723c751e8b465ee728b)  -> (artifact id: '8b4313c0fb95115dd60ca24fe8fdfafe') in 0.036395 seconds 
========================================================================
Received Import Request.
  Time since last request: 0.000055 seconds.
  path: Assets/Taegon/image/male/top/18.png
  artifactKey: Guid(4d761c2f4844730468fc1394b6f4a24c) Importer(815301076,1909f56bfc062723c751e8b465ee728b)
Start importing Assets/Taegon/image/male/top/18.png using Guid(4d761c2f4844730468fc1394b6f4a24c) Importer(815301076,1909f56bfc062723c751e8b465ee728b)  -> (artifact id: '7ca05b304ab128ed5ecbac47738be6e1') in 0.030325 seconds 
========================================================================
Received Import Request.
  Time since last request: 0.000039 seconds.
  path: Assets/Taegon/image/male/top/31.png
  artifactKey: Guid(51d97ae34959cc042ad4096610583a95) Importer(815301076,1909f56bfc062723c751e8b465ee728b)
Start importing Assets/Taegon/image/male/top/31.png using Guid(51d97ae34959cc042ad4096610583a95) Importer(815301076,1909f56bfc062723c751e8b465ee728b)  -> (artifact id: '002a469d0351b94941ebe1cc52f059ce') in 0.034862 seconds 
========================================================================
Received Import Request.
  Time since last request: 0.000065 seconds.
  path: Assets/Taegon/image/male/top/15.png
  artifactKey: Guid(ebbfe9db2d43fe741971eb6a0f72076c) Importer(815301076,1909f56bfc062723c751e8b465ee728b)
Start importing Assets/Taegon/image/male/top/15.png using Guid(ebbfe9db2d43fe741971eb6a0f72076c) Importer(815301076,1909f56bfc062723c751e8b465ee728b)  -> (artifact id: '7ae32b36ec8051b8e8ec2f863596f362') in 0.041440 seconds 
========================================================================
Received Import Request.
  Time since last request: 0.000118 seconds.
  path: Assets/Taegon/image/male/top/30.png
  artifactKey: Guid(5cfca8dedff7c2b409da23ca62f28239) Importer(815301076,1909f56bfc062723c751e8b465ee728b)
Start importing Assets/Taegon/image/male/top/30.png using Guid(5cfca8dedff7c2b409da23ca62f28239) Importer(815301076,1909f56bfc062723c751e8b465ee728b)  -> (artifact id: 'fe89b027d50b2aa21a13a5f8f98d60fc') in 0.043461 seconds 
========================================================================
Received Import Request.
  Time since last request: 0.000052 seconds.
  path: Assets/Taegon/image/male/top/11.png
  artifactKey: Guid(be87d291317b6b0429b9b0c50233c0bb) Importer(815301076,1909f56bfc062723c751e8b465ee728b)
Start importing Assets/Taegon/image/male/top/11.png using Guid(be87d291317b6b0429b9b0c50233c0bb) Importer(815301076,1909f56bfc062723c751e8b465ee728b)  -> (artifact id: 'de1be03e280a1af86d382b5fa7276001') in 0.036969 seconds 
========================================================================
Received Import Request.
  Time since last request: 0.000080 seconds.
  path: Assets/Taegon/image/male/top/20.png
  artifactKey: Guid(736894345cda3704f938191b3829cf8e) Importer(815301076,1909f56bfc062723c751e8b465ee728b)
Start importing Assets/Taegon/image/male/top/20.png using Guid(736894345cda3704f938191b3829cf8e) Importer(815301076,1909f56bfc062723c751e8b465ee728b)  -> (artifact id: 'e17b7103bd2b2d462774d0e40231bd46') in 0.040994 seconds 
========================================================================
Received Import Request.
  Time since last request: 0.000046 seconds.
  path: Assets/Taegon/image/male/top/14.png
  artifactKey: Guid(12721bcb30d07ad489590cf167946ad2) Importer(815301076,1909f56bfc062723c751e8b465ee728b)
Start importing Assets/Taegon/image/male/top/14.png using Guid(12721bcb30d07ad489590cf167946ad2) Importer(815301076,1909f56bfc062723c751e8b465ee728b)  -> (artifact id: 'cec1e5328a31182fff135d377bf94eb9') in 0.035182 seconds 
========================================================================
Received Import Request.
  Time since last request: 0.000039 seconds.
  path: Assets/Taegon/image/male/top/17.png
  artifactKey: Guid(e46db5f17c76e9041bf7181688fa0338) Importer(815301076,1909f56bfc062723c751e8b465ee728b)
Start importing Assets/Taegon/image/male/top/17.png using Guid(e46db5f17c76e9041bf7181688fa0338) Importer(815301076,1909f56bfc062723c751e8b465ee728b)  -> (artifact id: '618ef655f56bc43d7453d88d5f2f6203') in 0.030807 seconds 
========================================================================
Received Import Request.
  Time since last request: 191.234261 seconds.
  path: Assets/Taegon/image/male/leg
  artifactKey: Guid(13260d39b711aeb4fb6511989603df38) Importer(815301076,1909f56bfc062723c751e8b465ee728b)
Start importing Assets/Taegon/image/male/leg using Guid(13260d39b711aeb4fb6511989603df38) Importer(815301076,1909f56bfc062723c751e8b465ee728b)  -> (artifact id: '7208ef17884b5e9b5641b6f40234c316') in 0.013414 seconds 
========================================================================
Received Import Request.
  Time since last request: 0.023580 seconds.
  path: Assets/Taegon/image/male/leg/1.png
  artifactKey: Guid(a0a4e909a48e3554985f8d481f5cb817) Importer(815301076,1909f56bfc062723c751e8b465ee728b)
Start importing Assets/Taegon/image/male/leg/1.png using Guid(a0a4e909a48e3554985f8d481f5cb817) Importer(815301076,1909f56bfc062723c751e8b465ee728b)  -> (artifact id: '0696982e74bbbd7d2d10276095642999') in 0.025511 seconds 
========================================================================
Received Import Request.
  Time since last request: 0.029432 seconds.
  path: Assets/Taegon/image/male/leg/5.png
  artifactKey: Guid(d94abea69df314444ac6f73873f920b4) Importer(815301076,1909f56bfc062723c751e8b465ee728b)
Start importing Assets/Taegon/image/male/leg/5.png using Guid(d94abea69df314444ac6f73873f920b4) Importer(815301076,1909f56bfc062723c751e8b465ee728b)  -> (artifact id: '2d4563206288bf0cd79d88d40b21bd11') in 0.031786 seconds 
========================================================================
Received Import Request.
  Time since last request: 0.000028 seconds.
  path: Assets/Taegon/image/male/leg/20.png
  artifactKey: Guid(de359dff79621ed41a912dd8674c27b8) Importer(815301076,1909f56bfc062723c751e8b465ee728b)
Start importing Assets/Taegon/image/male/leg/20.png using Guid(de359dff79621ed41a912dd8674c27b8) Importer(815301076,1909f56bfc062723c751e8b465ee728b)  -> (artifact id: 'a98d25a261edc3e6206e97ab2407cd29') in 0.034527 seconds 
========================================================================
Received Import Request.
  Time since last request: 0.000084 seconds.
  path: Assets/Taegon/image/male/leg/15.png
  artifactKey: Guid(02f262cfad5e13a4089fe7c06c433117) Importer(815301076,1909f56bfc062723c751e8b465ee728b)
Start importing Assets/Taegon/image/male/leg/15.png using Guid(02f262cfad5e13a4089fe7c06c433117) Importer(815301076,1909f56bfc062723c751e8b465ee728b)  -> (artifact id: 'ed13eafbd4f1bdc850878d2d4d1bcf2a') in 0.032934 seconds 
========================================================================
Received Import Request.
  Time since last request: 0.000073 seconds.
  path: Assets/Taegon/image/male/leg/25.png
  artifactKey: Guid(600237b0fe8990f4997f6982b9e1429f) Importer(815301076,1909f56bfc062723c751e8b465ee728b)
Start importing Assets/Taegon/image/male/leg/25.png using Guid(600237b0fe8990f4997f6982b9e1429f) Importer(815301076,1909f56bfc062723c751e8b465ee728b)  -> (artifact id: '8ec1f8d003b81e58f62bf88f3b9503de') in 0.035710 seconds 
========================================================================
Received Import Request.
  Time since last request: 0.000130 seconds.
  path: Assets/Taegon/image/male/leg/30.png
  artifactKey: Guid(50bc01aa776f85240841a356d44babda) Importer(815301076,1909f56bfc062723c751e8b465ee728b)
Start importing Assets/Taegon/image/male/leg/30.png using Guid(50bc01aa776f85240841a356d44babda) Importer(815301076,1909f56bfc062723c751e8b465ee728b)  -> (artifact id: 'e050b9f8e4126ad1b1a35b0b8f736434') in 0.041264 seconds 
========================================================================
Received Import Request.
  Time since last request: 0.000046 seconds.
  path: Assets/Taegon/image/male/leg/34.png
  artifactKey: Guid(12897a63d9d2ddb47b8b5528e7f63a1b) Importer(815301076,1909f56bfc062723c751e8b465ee728b)
Start importing Assets/Taegon/image/male/leg/34.png using Guid(12897a63d9d2ddb47b8b5528e7f63a1b) Importer(815301076,1909f56bfc062723c751e8b465ee728b)  -> (artifact id: 'a22895859ecf71bf264936dd13dd75a9') in 0.029003 seconds 
========================================================================
Received Import Request.
  Time since last request: 0.000042 seconds.
  path: Assets/Taegon/image/male/leg/38.png
  artifactKey: Guid(6820ea11f3be81242bdc403d639a2ddf) Importer(815301076,1909f56bfc062723c751e8b465ee728b)
Start importing Assets/Taegon/image/male/leg/38.png using Guid(6820ea11f3be81242bdc403d639a2ddf) Importer(815301076,1909f56bfc062723c751e8b465ee728b)  -> (artifact id: 'c49237aa19cee1a0ddde6b270f8a4d5c') in 0.028278 seconds 
========================================================================
Received Import Request.
  Time since last request: 0.000039 seconds.
  path: Assets/Taegon/image/male/leg/17.png
  artifactKey: Guid(08e3bf79daa2fd04d885a3fac2300cf8) Importer(815301076,1909f56bfc062723c751e8b465ee728b)
Start importing Assets/Taegon/image/male/leg/17.png using Guid(08e3bf79daa2fd04d885a3fac2300cf8) Importer(815301076,1909f56bfc062723c751e8b465ee728b)  -> (artifact id: '4713a929c6ab4fefe605ea7ba6e37546') in 0.035789 seconds 
========================================================================
Received Import Request.
  Time since last request: 0.000036 seconds.
  path: Assets/Taegon/image/male/leg/40.png
  artifactKey: Guid(3cfbbf8d8b378f44d8fe31470655a1a4) Importer(815301076,1909f56bfc062723c751e8b465ee728b)
Start importing Assets/Taegon/image/male/leg/40.png using Guid(3cfbbf8d8b378f44d8fe31470655a1a4) Importer(815301076,1909f56bfc062723c751e8b465ee728b)  -> (artifact id: 'd9bf8527baffff783da40f03b40932b7') in 0.038317 seconds 
========================================================================
Received Import Request.
  Time since last request: 0.000052 seconds.
  path: Assets/Taegon/image/male/leg/23.png
  artifactKey: Guid(22260d3818420cd46afed1d29f74f779) Importer(815301076,1909f56bfc062723c751e8b465ee728b)
Start importing Assets/Taegon/image/male/leg/23.png using Guid(22260d3818420cd46afed1d29f74f779) Importer(815301076,1909f56bfc062723c751e8b465ee728b)  -> (artifact id: 'e867e483d6aad5f8878620652b788f38') in 0.035770 seconds 
========================================================================
Received Import Request.
  Time since last request: 0.000040 seconds.
  path: Assets/Taegon/image/male/leg/9.png
  artifactKey: Guid(0bdbdd5e91e1d7f42ab6460f5339da6e) Importer(815301076,1909f56bfc062723c751e8b465ee728b)
Start importing Assets/Taegon/image/male/leg/9.png using Guid(0bdbdd5e91e1d7f42ab6460f5339da6e) Importer(815301076,1909f56bfc062723c751e8b465ee728b)  -> (artifact id: '4e11efc564d70b9c4d6bf8655123e483') in 0.028949 seconds 
========================================================================
Received Import Request.
  Time since last request: 0.000051 seconds.
  path: Assets/Taegon/image/male/leg/14.png
  artifactKey: Guid(6b85cc0a8512391409b32e0495608132) Importer(815301076,1909f56bfc062723c751e8b465ee728b)
Start importing Assets/Taegon/image/male/leg/14.png using Guid(6b85cc0a8512391409b32e0495608132) Importer(815301076,1909f56bfc062723c751e8b465ee728b)  -> (artifact id: '6beaffcf257de1c6f394c06e28789f8e') in 0.028763 seconds 
========================================================================
Received Import Request.
  Time since last request: 0.000069 seconds.
  path: Assets/Taegon/image/male/leg/37.png
  artifactKey: Guid(149b9254065de81458936f16b16bbe10) Importer(815301076,1909f56bfc062723c751e8b465ee728b)
Start importing Assets/Taegon/image/male/leg/37.png using Guid(149b9254065de81458936f16b16bbe10) Importer(815301076,1909f56bfc062723c751e8b465ee728b)  -> (artifact id: 'e3ced81787354b5ce0b6d779af5f2124') in 0.029906 seconds 
========================================================================
Received Import Request.
  Time since last request: 0.000085 seconds.
  path: Assets/Taegon/image/male/leg/12.png
  artifactKey: Guid(c01e4ee444d0c1c40a7aa908df4bf641) Importer(815301076,1909f56bfc062723c751e8b465ee728b)
Start importing Assets/Taegon/image/male/leg/12.png using Guid(c01e4ee444d0c1c40a7aa908df4bf641) Importer(815301076,1909f56bfc062723c751e8b465ee728b)  -> (artifact id: '6f0b0d7806efaf1ee4aed04d9b0937e4') in 0.035554 seconds 
========================================================================
Received Import Request.
  Time since last request: 0.000046 seconds.
  path: Assets/Taegon/image/male/leg/19.png
  artifactKey: Guid(bc24918de84a6bf4d8ee756e62d4a422) Importer(815301076,1909f56bfc062723c751e8b465ee728b)
Start importing Assets/Taegon/image/male/leg/19.png using Guid(bc24918de84a6bf4d8ee756e62d4a422) Importer(815301076,1909f56bfc062723c751e8b465ee728b)  -> (artifact id: 'c134b85f2b34527eac8e11b4072b9896') in 0.035080 seconds 
========================================================================
Received Import Request.
  Time since last request: 0.000138 seconds.
  path: Assets/Taegon/image/male/leg/21.png
  artifactKey: Guid(1dddbf0d6a30a2e4fa515bfb0f97c89d) Importer(815301076,1909f56bfc062723c751e8b465ee728b)
Start importing Assets/Taegon/image/male/leg/21.png using Guid(1dddbf0d6a30a2e4fa515bfb0f97c89d) Importer(815301076,1909f56bfc062723c751e8b465ee728b)  -> (artifact id: '6d648f664d0908a997f1342a7ba51faa') in 0.031241 seconds 
========================================================================
Received Import Request.
  Time since last request: 0.000039 seconds.
  path: Assets/Taegon/image/male/leg/31.png
  artifactKey: Guid(b39a899610004784e8821c7411e4ac08) Importer(815301076,1909f56bfc062723c751e8b465ee728b)
Start importing Assets/Taegon/image/male/leg/31.png using Guid(b39a899610004784e8821c7411e4ac08) Importer(815301076,1909f56bfc062723c751e8b465ee728b)  -> (artifact id: '0b0b3a57d1a08e551160c7d13737ac30') in 0.029277 seconds 
========================================================================
Received Import Request.
  Time since last request: 0.000035 seconds.
  path: Assets/Taegon/image/male/leg/4.png
  artifactKey: Guid(93fc1bed3eec4e24c930ebb0be008642) Importer(815301076,1909f56bfc062723c751e8b465ee728b)
Start importing Assets/Taegon/image/male/leg/4.png using Guid(93fc1bed3eec4e24c930ebb0be008642) Importer(815301076,1909f56bfc062723c751e8b465ee728b)  -> (artifact id: '904bcd00ea0af82bc0fd70495defd1b1') in 0.027661 seconds 
========================================================================
Received Import Request.
  Time since last request: 0.000037 seconds.
  path: Assets/Taegon/image/male/leg/7.png
  artifactKey: Guid(6b86dbeb608fb8d4b87467df799a548b) Importer(815301076,1909f56bfc062723c751e8b465ee728b)
Start importing Assets/Taegon/image/male/leg/7.png using Guid(6b86dbeb608fb8d4b87467df799a548b) Importer(815301076,1909f56bfc062723c751e8b465ee728b)  -> (artifact id: '904f8dc0108315ec234e4f7cd35b3da4') in 0.029060 seconds 
========================================================================
Received Import Request.
  Time since last request: 0.000037 seconds.
  path: Assets/Taegon/image/male/leg/36.png
  artifactKey: Guid(9fd9a4b78ee7d234b9f2cdb5263af1b9) Importer(815301076,1909f56bfc062723c751e8b465ee728b)
Start importing Assets/Taegon/image/male/leg/36.png using Guid(9fd9a4b78ee7d234b9f2cdb5263af1b9) Importer(815301076,1909f56bfc062723c751e8b465ee728b)  -> (artifact id: '0ba5d27cdbce57e5445c9c100cc953b4') in 0.029776 seconds 
========================================================================
Received Import Request.
  Time since last request: 0.000067 seconds.
  path: Assets/Taegon/image/male/leg/29.png
  artifactKey: Guid(5eadb22fc5cc8b849b3ea9f294edc0ac) Importer(815301076,1909f56bfc062723c751e8b465ee728b)
Start importing Assets/Taegon/image/male/leg/29.png using Guid(5eadb22fc5cc8b849b3ea9f294edc0ac) Importer(815301076,1909f56bfc062723c751e8b465ee728b)  -> (artifact id: 'cca71d9323ecada02eac6ae4824ffcd9') in 0.037115 seconds 
Editor requested this worker to shutdown with reason: Scaling down because of idle timeout
AssetImportWorker is now disconnected from the server
Process exiting
Exiting without the bug reporter. Application will terminate with return code 0