Using pre-set license
Built from '2021.3/release' branch; Version is '2021.3.12f1 (8af3c3e441b1) revision 9106371'; Using compiler version '192829333'; Build Type 'Release'
OS: 'Windows 11  (10.0.22000) 64bit Core' Language: 'ko' Physical Memory: 16178 MB
BatchMode: 1, IsHumanControllingUs: 0, StartBugReporterOnCrash: 0, Is64bit: 1, IsPro: 1

COMMAND LINE ARGUMENTS:
C:\Program Files\Unity\Hub\Editor\2021.3.12f1\Editor\Unity.exe
-adb2
-batchMode
-noUpm
-name
AssetImportWorker15
-projectPath
C:/Users/tg859/바탕 화면/unity/AngZ
-logFile
Logs/AssetImportWorker15.log
-srvPort
59554
Successfully changed project path to: C:/Users/tg859/바탕 화면/unity/AngZ
C:/Users/tg859/바탕 화면/unity/AngZ
[UnityMemory] Configuration Parameters - Can be set up in boot.config
    "memorysetup-bucket-allocator-granularity=16"
    "memorysetup-bucket-allocator-bucket-count=8"
    "memorysetup-bucket-allocator-block-size=33554432"
    "memorysetup-bucket-allocator-block-count=8"
    "memorysetup-main-allocator-block-size=16777216"
    "memorysetup-thread-allocator-block-size=16777216"
    "memorysetup-gfx-main-allocator-block-size=16777216"
    "memorysetup-gfx-thread-allocator-block-size=16777216"
    "memorysetup-cache-allocator-block-size=4194304"
    "memorysetup-typetree-allocator-block-size=2097152"
    "memorysetup-profiler-bucket-allocator-granularity=16"
    "memorysetup-profiler-bucket-allocator-bucket-count=8"
    "memorysetup-profiler-bucket-allocator-block-size=33554432"
    "memorysetup-profiler-bucket-allocator-block-count=8"
    "memorysetup-profiler-allocator-block-size=16777216"
    "memorysetup-profiler-editor-allocator-block-size=1048576"
    "memorysetup-temp-allocator-size-main=16777216"
    "memorysetup-job-temp-allocator-block-size=2097152"
    "memorysetup-job-temp-allocator-block-size-background=1048576"
    "memorysetup-job-temp-allocator-reduction-small-platforms=262144"
    "memorysetup-temp-allocator-size-background-worker=32768"
    "memorysetup-temp-allocator-size-job-worker=262144"
    "memorysetup-temp-allocator-size-preload-manager=33554432"
    "memorysetup-temp-allocator-size-nav-mesh-worker=65536"
    "memorysetup-temp-allocator-size-audio-worker=65536"
    "memorysetup-temp-allocator-size-cloud-worker=32768"
    "memorysetup-temp-allocator-size-gi-baking-worker=262144"
    "memorysetup-temp-allocator-size-gfx=262144"
Refreshing native plugins compatible for Editor in 503.63 ms, found 3 plugins.
Preloading 0 native plugins for Editor in 0.00 ms.
Initialize engine version: 2021.3.12f1 (8af3c3e441b1)
[Subsystems] Discovering subsystems at path C:/Program Files/Unity/Hub/Editor/2021.3.12f1/Editor/Data/Resources/UnitySubsystems
[Subsystems] Discovering subsystems at path C:/Users/tg859/바탕 화면/unity/AngZ/Assets
GfxDevice: creating device client; threaded=0; jobified=0
Direct3D:
    Version:  Direct3D 11.0 [level 11.1]
    Renderer: Intel(R) UHD Graphics 620 (ID=0x3ea0)
    Vendor:   Intel
    VRAM:     8089 MB
    Driver:   31.0.101.2111
Initialize mono
Mono path[0] = 'C:/Program Files/Unity/Hub/Editor/2021.3.12f1/Editor/Data/Managed'
Mono path[1] = 'C:/Program Files/Unity/Hub/Editor/2021.3.12f1/Editor/Data/MonoBleedingEdge/lib/mono/unityjit-win32'
Mono config path = 'C:/Program Files/Unity/Hub/Editor/2021.3.12f1/Editor/Data/MonoBleedingEdge/etc'
Using monoOptions --debugger-agent=transport=dt_socket,embedding=1,server=y,suspend=n,address=127.0.0.1:56264
Begin MonoManager ReloadAssembly
Registering precompiled unity dll's ...
Register platform support module: C:/Program Files/Unity/Hub/Editor/2021.3.12f1/Editor/Data/PlaybackEngines/AndroidPlayer/UnityEditor.Android.Extensions.dll
Register platform support module: C:/Program Files/Unity/Hub/Editor/2021.3.12f1/Editor/Data/PlaybackEngines/WindowsStandaloneSupport/UnityEditor.WindowsStandalone.Extensions.dll
Registered in 0.047580 seconds.
Native extension for WindowsStandalone target not found
Native extension for Android target not found
Refreshing native plugins compatible for Editor in 230.37 ms, found 3 plugins.
Preloading 0 native plugins for Editor in 0.00 ms.
Mono: successfully reloaded assembly
- Completed reload, in  1.857 seconds
Domain Reload Profiling:
	ReloadAssembly (1858ms)
		BeginReloadAssembly (248ms)
			ExecutionOrderSort (0ms)
			DisableScriptedObjects (0ms)
			BackupInstance (0ms)
			ReleaseScriptingObjects (0ms)
			CreateAndSetChildDomain (1ms)
		EndReloadAssembly (1255ms)
			LoadAssemblies (239ms)
			RebuildTransferFunctionScriptingTraits (0ms)
			SetupTypeCache (274ms)
			ReleaseScriptCaches (0ms)
			RebuildScriptCaches (60ms)
			SetupLoadedEditorAssemblies (764ms)
				LogAssemblyErrors (0ms)
				InitializePlatformSupportModulesInManaged (148ms)
				SetLoadedEditorAssemblies (0ms)
				RefreshPlugins (231ms)
				BeforeProcessingInitializeOnLoad (3ms)
				ProcessInitializeOnLoadAttributes (221ms)
				ProcessInitializeOnLoadMethodAttributes (161ms)
				AfterProcessingInitializeOnLoad (0ms)
				EditorAssembliesLoaded (0ms)
			ExecutionOrderSort2 (0ms)
			AwakeInstancesAfterBackupRestoration (0ms)
Platform modules already initialized, skipping
Registering precompiled user dll's ...
Registered in 0.071626 seconds.
Begin MonoManager ReloadAssembly
Symbol file LoadedFromMemory doesn't match image C:\Users\tg859\바탕 화면\unity\AngZ\Library\PackageCache\com.unity.visualscripting@1.7.8\Editor\VisualScripting.Core\Dependencies\YamlDotNet\Unity.VisualScripting.YamlDotNet.dll
Symbol file LoadedFromMemory doesn't match image C:\Users\tg859\바탕 화면\unity\AngZ\Library\PackageCache\com.unity.visualscripting@1.7.8\Editor\VisualScripting.Core\Dependencies\DotNetZip\Unity.VisualScripting.IonicZip.dll
Native extension for WindowsStandalone target not found
Native extension for Android target not found
Refreshing native plugins compatible for Editor in 1.87 ms, found 3 plugins.
Preloading 0 native plugins for Editor in 0.00 ms.
Mono: successfully reloaded assembly
- Completed reload, in  2.724 seconds
Domain Reload Profiling:
	ReloadAssembly (2725ms)
		BeginReloadAssembly (445ms)
			ExecutionOrderSort (0ms)
			DisableScriptedObjects (12ms)
			BackupInstance (0ms)
			ReleaseScriptingObjects (0ms)
			CreateAndSetChildDomain (158ms)
		EndReloadAssembly (1991ms)
			LoadAssemblies (337ms)
			RebuildTransferFunctionScriptingTraits (0ms)
			SetupTypeCache (590ms)
			ReleaseScriptCaches (1ms)
			RebuildScriptCaches (118ms)
			SetupLoadedEditorAssemblies (860ms)
				LogAssemblyErrors (0ms)
				InitializePlatformSupportModulesInManaged (39ms)
				SetLoadedEditorAssemblies (1ms)
				RefreshPlugins (2ms)
				BeforeProcessingInitializeOnLoad (233ms)
				ProcessInitializeOnLoadAttributes (488ms)
				ProcessInitializeOnLoadMethodAttributes (57ms)
				AfterProcessingInitializeOnLoad (40ms)
				EditorAssembliesLoaded (0ms)
			ExecutionOrderSort2 (0ms)
			AwakeInstancesAfterBackupRestoration (76ms)
Platform modules already initialized, skipping
========================================================================
Worker process is ready to serve import requests
Launched and connected shader compiler UnityShaderCompiler.exe after 0.12 seconds
Refreshing native plugins compatible for Editor in 1.82 ms, found 3 plugins.
Preloading 0 native plugins for Editor in 0.00 ms.
Unloading 3646 Unused Serialized files (Serialized files now loaded: 0)
Unloading 33 unused Assets / (114.4 KB). Loaded Objects now: 4123.
Memory consumption went from 161.4 MB to 161.3 MB.
Total: 4.578700 ms (FindLiveObjects: 0.389600 ms CreateObjectMapping: 0.327000 ms MarkObjects: 3.690900 ms  DeleteObjects: 0.169700 ms)

AssetImportParameters requested are different than current active one (requested -> active):
  custom:video-decoder-ogg-theora: a1e56fd34408186e4bbccfd4996cb3dc -> 
  custom:container-muxer-webm: aa71ff27fc2769a1b78a27578f13a17b -> 
  custom:container-demuxer-webm: 4f35f7cbe854078d1ac9338744f61a02 -> 
  custom:video-encoder-webm-vp8: eb34c28f22e8b96e1ab97ce403110664 -> 
  custom:audio-encoder-webm-vorbis: bf7c407c2cedff20999df2af8eb42d56 -> 
  custom:framework-win-MediaFoundation: 216162199b28c13a410421893ffa2e32 -> 
  custom:container-demuxer-ogg: 62fdf1f143b41e24485cea50d1cbac27 -> 
  custom:video-decoder-webm-vp8: 9c59270c3fd7afecdb556c50c9e8de78 -> 
  custom:audio-decoder-ogg-vorbis: bf7c407c2cedff20999df2af8eb42d56 -> 
========================================================================
Received Import Request.
  Time since last request: 147040.174285 seconds.
  path: Assets/Taegon/image/male/head
  artifactKey: Guid(115ef098823d481448661c8472a0ac6d) Importer(815301076,1909f56bfc062723c751e8b465ee728b)
Start importing Assets/Taegon/image/male/head using Guid(115ef098823d481448661c8472a0ac6d) Importer(815301076,1909f56bfc062723c751e8b465ee728b)  -> (artifact id: '66161a0aa29be32b49a8db9886f94c2a') in 0.022705 seconds 
========================================================================
Received Import Request.
  Time since last request: 0.023508 seconds.
  path: Assets/Taegon/image/male/head/3.png
  artifactKey: Guid(030c7154a40256a43b412dfdde5a6c50) Importer(815301076,1909f56bfc062723c751e8b465ee728b)
Start importing Assets/Taegon/image/male/head/3.png using Guid(030c7154a40256a43b412dfdde5a6c50) Importer(815301076,1909f56bfc062723c751e8b465ee728b)  -> (artifact id: '7dd91652bee9d1a80701603bc6fe105a') in 0.136181 seconds 
========================================================================
Received Import Request.
  Time since last request: 0.000045 seconds.
  path: Assets/Taegon/image/male/head/2.png
  artifactKey: Guid(071cc619c3b6e7441b5e58f7d3b01b5c) Importer(815301076,1909f56bfc062723c751e8b465ee728b)
Start importing Assets/Taegon/image/male/head/2.png using Guid(071cc619c3b6e7441b5e58f7d3b01b5c) Importer(815301076,1909f56bfc062723c751e8b465ee728b)  -> (artifact id: 'a3c2aeaef8b0899a60560e58801b0f92') in 0.026234 seconds 
========================================================================
Received Import Request.
  Time since last request: 51.034641 seconds.
  path: Assets/Taegon/image/male/top
  artifactKey: Guid(f05df7660f97d3d439148eb1b2291f9d) Importer(815301076,1909f56bfc062723c751e8b465ee728b)
Start importing Assets/Taegon/image/male/top using Guid(f05df7660f97d3d439148eb1b2291f9d) Importer(815301076,1909f56bfc062723c751e8b465ee728b)  -> (artifact id: 'ba89fc07b59e81face431ac90befd5d6') in 0.014213 seconds 
========================================================================
Received Import Request.
  Time since last request: 0.025450 seconds.
  path: Assets/Taegon/image/male/top/1.png
  artifactKey: Guid(f365999773ea1604c80acbf94471a655) Importer(815301076,1909f56bfc062723c751e8b465ee728b)
Start importing Assets/Taegon/image/male/top/1.png using Guid(f365999773ea1604c80acbf94471a655) Importer(815301076,1909f56bfc062723c751e8b465ee728b)  -> (artifact id: 'ab2bd5ebcd4b5b6164ddd5306da575eb') in 0.020637 seconds 
========================================================================
Received Import Request.
  Time since last request: 0.002825 seconds.
  path: Assets/Taegon/image/male/top/5.png
  artifactKey: Guid(86544faf9b98ea54dbe3ab02041e510a) Importer(815301076,1909f56bfc062723c751e8b465ee728b)
Start importing Assets/Taegon/image/male/top/5.png using Guid(86544faf9b98ea54dbe3ab02041e510a) Importer(815301076,1909f56bfc062723c751e8b465ee728b)  -> (artifact id: 'cadb9d1f0ad5d947491b5700c26645b4') in 0.046410 seconds 
========================================================================
Received Import Request.
  Time since last request: 0.000039 seconds.
  path: Assets/Taegon/image/male/top/32.png
  artifactKey: Guid(5b17f00d9ca01f247a777b802e1f37b0) Importer(815301076,1909f56bfc062723c751e8b465ee728b)
Start importing Assets/Taegon/image/male/top/32.png using Guid(5b17f00d9ca01f247a777b802e1f37b0) Importer(815301076,1909f56bfc062723c751e8b465ee728b)  -> (artifact id: '8a2d6f075c29438460543ea2e3a53226') in 0.030091 seconds 
========================================================================
Received Import Request.
  Time since last request: 0.000052 seconds.
  path: Assets/Taegon/image/male/top/12.png
  artifactKey: Guid(3af3bcaff1068684e9761a1e74e8482e) Importer(815301076,1909f56bfc062723c751e8b465ee728b)
Start importing Assets/Taegon/image/male/top/12.png using Guid(3af3bcaff1068684e9761a1e74e8482e) Importer(815301076,1909f56bfc062723c751e8b465ee728b)  -> (artifact id: 'fe266544652793ec9447c00a4991fd21') in 0.047466 seconds 
========================================================================
Received Import Request.
  Time since last request: 0.000040 seconds.
  path: Assets/Taegon/image/male/top/21.png
  artifactKey: Guid(8898e618f0cebee468165374065f647e) Importer(815301076,1909f56bfc062723c751e8b465ee728b)
Start importing Assets/Taegon/image/male/top/21.png using Guid(8898e618f0cebee468165374065f647e) Importer(815301076,1909f56bfc062723c751e8b465ee728b)  -> (artifact id: '9e0b473c3cd16085389e7f48e7d88b63') in 0.033819 seconds 
========================================================================
Received Import Request.
  Time since last request: 0.000045 seconds.
  path: Assets/Taegon/image/male/top/9.png
  artifactKey: Guid(ea7978a1c7ede944eaf2dd38b064f155) Importer(815301076,1909f56bfc062723c751e8b465ee728b)
Start importing Assets/Taegon/image/male/top/9.png using Guid(ea7978a1c7ede944eaf2dd38b064f155) Importer(815301076,1909f56bfc062723c751e8b465ee728b)  -> (artifact id: '2869990eb1a576c0b949bb1920fd126f') in 0.030642 seconds 
========================================================================
Received Import Request.
  Time since last request: 0.000038 seconds.
  path: Assets/Taegon/image/male/top/10.png
  artifactKey: Guid(caafad22209615e428a9c32c5b5a9f29) Importer(815301076,1909f56bfc062723c751e8b465ee728b)
Start importing Assets/Taegon/image/male/top/10.png using Guid(caafad22209615e428a9c32c5b5a9f29) Importer(815301076,1909f56bfc062723c751e8b465ee728b)  -> (artifact id: 'fa88dbaa83ef8fabddb1171b98e48980') in 0.043709 seconds 
========================================================================
Received Import Request.
  Time since last request: 0.000042 seconds.
  path: Assets/Taegon/image/male/top/29.png
  artifactKey: Guid(60d21766853527843807e2fc00d2655d) Importer(815301076,1909f56bfc062723c751e8b465ee728b)
Start importing Assets/Taegon/image/male/top/29.png using Guid(60d21766853527843807e2fc00d2655d) Importer(815301076,1909f56bfc062723c751e8b465ee728b)  -> (artifact id: 'd8d1a3798602e78c83f7389ca1b21337') in 0.037308 seconds 
========================================================================
Received Import Request.
  Time since last request: 0.000044 seconds.
  path: Assets/Taegon/image/male/top/33.png
  artifactKey: Guid(3a1a5939a686c8649a2b34dbc3365aea) Importer(815301076,1909f56bfc062723c751e8b465ee728b)
Start importing Assets/Taegon/image/male/top/33.png using Guid(3a1a5939a686c8649a2b34dbc3365aea) Importer(815301076,1909f56bfc062723c751e8b465ee728b)  -> (artifact id: 'c33376f05b3cf527df328fe8579e592e') in 0.035669 seconds 
========================================================================
Received Import Request.
  Time since last request: 0.000083 seconds.
  path: Assets/Taegon/image/male/top/22.png
  artifactKey: Guid(afb8e879e74190744837cb91f6684ae8) Importer(815301076,1909f56bfc062723c751e8b465ee728b)
Start importing Assets/Taegon/image/male/top/22.png using Guid(afb8e879e74190744837cb91f6684ae8) Importer(815301076,1909f56bfc062723c751e8b465ee728b)  -> (artifact id: '03af724205a40c5cf1def37be2f5fef7') in 0.034610 seconds 
========================================================================
Received Import Request.
  Time since last request: 0.000036 seconds.
  path: Assets/Taegon/image/male/top/27.png
  artifactKey: Guid(004cf110aada8c44f8e2b6f8a10f9aa6) Importer(815301076,1909f56bfc062723c751e8b465ee728b)
Start importing Assets/Taegon/image/male/top/27.png using Guid(004cf110aada8c44f8e2b6f8a10f9aa6) Importer(815301076,1909f56bfc062723c751e8b465ee728b)  -> (artifact id: 'ab597297d4ecad20d71256af15dfbe6b') in 0.032283 seconds 
========================================================================
Received Import Request.
  Time since last request: 0.000061 seconds.
  path: Assets/Taegon/image/male/top/26.png
  artifactKey: Guid(5ba1d024037861343b0787b7ec1f7be2) Importer(815301076,1909f56bfc062723c751e8b465ee728b)
Start importing Assets/Taegon/image/male/top/26.png using Guid(5ba1d024037861343b0787b7ec1f7be2) Importer(815301076,1909f56bfc062723c751e8b465ee728b)  -> (artifact id: 'a81d1dc2fc0703add9b6eafdc8763323') in 0.038547 seconds 
========================================================================
Received Import Request.
  Time since last request: 0.000088 seconds.
  path: Assets/Taegon/image/male/top/40.png
  artifactKey: Guid(aade94eb149dd334f8738002d390cb60) Importer(815301076,1909f56bfc062723c751e8b465ee728b)
Start importing Assets/Taegon/image/male/top/40.png using Guid(aade94eb149dd334f8738002d390cb60) Importer(815301076,1909f56bfc062723c751e8b465ee728b)  -> (artifact id: 'cf671fc431a48448aabc041cee82b3a4') in 0.040914 seconds 
========================================================================
Received Import Request.
  Time since last request: 0.000073 seconds.
  path: Assets/Taegon/image/male/top/35.png
  artifactKey: Guid(4e3966cbc34cf2848b2013ec75cdcb75) Importer(815301076,1909f56bfc062723c751e8b465ee728b)
Start importing Assets/Taegon/image/male/top/35.png using Guid(4e3966cbc34cf2848b2013ec75cdcb75) Importer(815301076,1909f56bfc062723c751e8b465ee728b)  -> (artifact id: 'c011dbc02f7d4dde3fb39fca31b0a704') in 0.028612 seconds 
========================================================================
Received Import Request.
  Time since last request: 0.000037 seconds.
  path: Assets/Taegon/image/male/top/36.png
  artifactKey: Guid(3f8a6519297754c4592fad9462892606) Importer(815301076,1909f56bfc062723c751e8b465ee728b)
Start importing Assets/Taegon/image/male/top/36.png using Guid(3f8a6519297754c4592fad9462892606) Importer(815301076,1909f56bfc062723c751e8b465ee728b)  -> (artifact id: '560dfc3eb3f723808557e474721c42b1') in 0.030548 seconds 
Editor requested this worker to shutdown with reason: Scaling down because of idle timeout
AssetImportWorkerClient::OnTransportError - code=2 error=End of file
AssetImportWorker is now disconnected from the server
Process exiting
Exiting without the bug reporter. Application will terminate with return code 0