Using pre-set license
Built from '2021.3/release' branch; Version is '2021.3.12f1 (8af3c3e441b1) revision 9106371'; Using compiler version '192829333'; Build Type 'Release'
OS: 'Windows 11  (10.0.22000) 64bit Core' Language: 'ko' Physical Memory: 16178 MB
BatchMode: 1, IsHumanControllingUs: 0, StartBugReporterOnCrash: 0, Is64bit: 1, IsPro: 1

COMMAND LINE ARGUMENTS:
C:\Program Files\Unity\Hub\Editor\2021.3.12f1\Editor\Unity.exe
-adb2
-batchMode
-noUpm
-name
AssetImportWorker14
-projectPath
C:/Users/tg859/바탕 화면/unity/AngZ
-logFile
Logs/AssetImportWorker14.log
-srvPort
59554
Successfully changed project path to: C:/Users/tg859/바탕 화면/unity/AngZ
C:/Users/tg859/바탕 화면/unity/AngZ
[UnityMemory] Configuration Parameters - Can be set up in boot.config
    "memorysetup-bucket-allocator-granularity=16"
    "memorysetup-bucket-allocator-bucket-count=8"
    "memorysetup-bucket-allocator-block-size=33554432"
    "memorysetup-bucket-allocator-block-count=8"
    "memorysetup-main-allocator-block-size=16777216"
    "memorysetup-thread-allocator-block-size=16777216"
    "memorysetup-gfx-main-allocator-block-size=16777216"
    "memorysetup-gfx-thread-allocator-block-size=16777216"
    "memorysetup-cache-allocator-block-size=4194304"
    "memorysetup-typetree-allocator-block-size=2097152"
    "memorysetup-profiler-bucket-allocator-granularity=16"
    "memorysetup-profiler-bucket-allocator-bucket-count=8"
    "memorysetup-profiler-bucket-allocator-block-size=33554432"
    "memorysetup-profiler-bucket-allocator-block-count=8"
    "memorysetup-profiler-allocator-block-size=16777216"
    "memorysetup-profiler-editor-allocator-block-size=1048576"
    "memorysetup-temp-allocator-size-main=16777216"
    "memorysetup-job-temp-allocator-block-size=2097152"
    "memorysetup-job-temp-allocator-block-size-background=1048576"
    "memorysetup-job-temp-allocator-reduction-small-platforms=262144"
    "memorysetup-temp-allocator-size-background-worker=32768"
    "memorysetup-temp-allocator-size-job-worker=262144"
    "memorysetup-temp-allocator-size-preload-manager=33554432"
    "memorysetup-temp-allocator-size-nav-mesh-worker=65536"
    "memorysetup-temp-allocator-size-audio-worker=65536"
    "memorysetup-temp-allocator-size-cloud-worker=32768"
    "memorysetup-temp-allocator-size-gi-baking-worker=262144"
    "memorysetup-temp-allocator-size-gfx=262144"
Refreshing native plugins compatible for Editor in 355.66 ms, found 3 plugins.
Preloading 0 native plugins for Editor in 0.00 ms.
Initialize engine version: 2021.3.12f1 (8af3c3e441b1)
[Subsystems] Discovering subsystems at path C:/Program Files/Unity/Hub/Editor/2021.3.12f1/Editor/Data/Resources/UnitySubsystems
[Subsystems] Discovering subsystems at path C:/Users/tg859/바탕 화면/unity/AngZ/Assets
GfxDevice: creating device client; threaded=0; jobified=0
Direct3D:
    Version:  Direct3D 11.0 [level 11.1]
    Renderer: Intel(R) UHD Graphics 620 (ID=0x3ea0)
    Vendor:   Intel
    VRAM:     8089 MB
    Driver:   31.0.101.2111
Initialize mono
Mono path[0] = 'C:/Program Files/Unity/Hub/Editor/2021.3.12f1/Editor/Data/Managed'
Mono path[1] = 'C:/Program Files/Unity/Hub/Editor/2021.3.12f1/Editor/Data/MonoBleedingEdge/lib/mono/unityjit-win32'
Mono config path = 'C:/Program Files/Unity/Hub/Editor/2021.3.12f1/Editor/Data/MonoBleedingEdge/etc'
Using monoOptions --debugger-agent=transport=dt_socket,embedding=1,server=y,suspend=n,address=127.0.0.1:56820
Begin MonoManager ReloadAssembly
Registering precompiled unity dll's ...
Register platform support module: C:/Program Files/Unity/Hub/Editor/2021.3.12f1/Editor/Data/PlaybackEngines/AndroidPlayer/UnityEditor.Android.Extensions.dll
Register platform support module: C:/Program Files/Unity/Hub/Editor/2021.3.12f1/Editor/Data/PlaybackEngines/WindowsStandaloneSupport/UnityEditor.WindowsStandalone.Extensions.dll
Registered in 0.030057 seconds.
Native extension for WindowsStandalone target not found
Native extension for Android target not found
Refreshing native plugins compatible for Editor in 159.71 ms, found 3 plugins.
Preloading 0 native plugins for Editor in 0.00 ms.
Mono: successfully reloaded assembly
- Completed reload, in  1.289 seconds
Domain Reload Profiling:
	ReloadAssembly (1290ms)
		BeginReloadAssembly (190ms)
			ExecutionOrderSort (0ms)
			DisableScriptedObjects (0ms)
			BackupInstance (0ms)
			ReleaseScriptingObjects (0ms)
			CreateAndSetChildDomain (1ms)
		EndReloadAssembly (858ms)
			LoadAssemblies (181ms)
			RebuildTransferFunctionScriptingTraits (0ms)
			SetupTypeCache (188ms)
			ReleaseScriptCaches (0ms)
			RebuildScriptCaches (44ms)
			SetupLoadedEditorAssemblies (525ms)
				LogAssemblyErrors (0ms)
				InitializePlatformSupportModulesInManaged (100ms)
				SetLoadedEditorAssemblies (0ms)
				RefreshPlugins (160ms)
				BeforeProcessingInitializeOnLoad (2ms)
				ProcessInitializeOnLoadAttributes (154ms)
				ProcessInitializeOnLoadMethodAttributes (109ms)
				AfterProcessingInitializeOnLoad (0ms)
				EditorAssembliesLoaded (0ms)
			ExecutionOrderSort2 (0ms)
			AwakeInstancesAfterBackupRestoration (0ms)
Platform modules already initialized, skipping
Registering precompiled user dll's ...
Registered in 0.038370 seconds.
Begin MonoManager ReloadAssembly
Symbol file LoadedFromMemory doesn't match image C:\Users\tg859\바탕 화면\unity\AngZ\Library\PackageCache\com.unity.visualscripting@1.7.8\Editor\VisualScripting.Core\Dependencies\YamlDotNet\Unity.VisualScripting.YamlDotNet.dll
Symbol file LoadedFromMemory doesn't match image C:\Users\tg859\바탕 화면\unity\AngZ\Library\PackageCache\com.unity.visualscripting@1.7.8\Editor\VisualScripting.Core\Dependencies\DotNetZip\Unity.VisualScripting.IonicZip.dll
Native extension for WindowsStandalone target not found
Native extension for Android target not found
Refreshing native plugins compatible for Editor in 1.13 ms, found 3 plugins.
Preloading 0 native plugins for Editor in 0.00 ms.
Mono: successfully reloaded assembly
- Completed reload, in  2.919 seconds
Domain Reload Profiling:
	ReloadAssembly (2921ms)
		BeginReloadAssembly (386ms)
			ExecutionOrderSort (0ms)
			DisableScriptedObjects (16ms)
			BackupInstance (0ms)
			ReleaseScriptingObjects (0ms)
			CreateAndSetChildDomain (129ms)
		EndReloadAssembly (2211ms)
			LoadAssemblies (298ms)
			RebuildTransferFunctionScriptingTraits (0ms)
			SetupTypeCache (632ms)
			ReleaseScriptCaches (1ms)
			RebuildScriptCaches (130ms)
			SetupLoadedEditorAssemblies (1035ms)
				LogAssemblyErrors (0ms)
				InitializePlatformSupportModulesInManaged (42ms)
				SetLoadedEditorAssemblies (1ms)
				RefreshPlugins (1ms)
				BeforeProcessingInitializeOnLoad (260ms)
				ProcessInitializeOnLoadAttributes (620ms)
				ProcessInitializeOnLoadMethodAttributes (68ms)
				AfterProcessingInitializeOnLoad (42ms)
				EditorAssembliesLoaded (1ms)
			ExecutionOrderSort2 (0ms)
			AwakeInstancesAfterBackupRestoration (48ms)
Platform modules already initialized, skipping
========================================================================
Worker process is ready to serve import requests
Launched and connected shader compiler UnityShaderCompiler.exe after 0.12 seconds
Refreshing native plugins compatible for Editor in 1.11 ms, found 3 plugins.
Preloading 0 native plugins for Editor in 0.00 ms.
Unloading 3646 Unused Serialized files (Serialized files now loaded: 0)
Unloading 33 unused Assets / (114.4 KB). Loaded Objects now: 4123.
Memory consumption went from 161.3 MB to 161.2 MB.
Total: 5.089300 ms (FindLiveObjects: 0.431800 ms CreateObjectMapping: 0.331300 ms MarkObjects: 4.129000 ms  DeleteObjects: 0.195700 ms)

AssetImportParameters requested are different than current active one (requested -> active):
  custom:video-decoder-ogg-theora: a1e56fd34408186e4bbccfd4996cb3dc -> 
  custom:container-muxer-webm: aa71ff27fc2769a1b78a27578f13a17b -> 
  custom:container-demuxer-webm: 4f35f7cbe854078d1ac9338744f61a02 -> 
  custom:video-encoder-webm-vp8: eb34c28f22e8b96e1ab97ce403110664 -> 
  custom:audio-encoder-webm-vorbis: bf7c407c2cedff20999df2af8eb42d56 -> 
  custom:framework-win-MediaFoundation: 216162199b28c13a410421893ffa2e32 -> 
  custom:container-demuxer-ogg: 62fdf1f143b41e24485cea50d1cbac27 -> 
  custom:video-decoder-webm-vp8: 9c59270c3fd7afecdb556c50c9e8de78 -> 
  custom:audio-decoder-ogg-vorbis: bf7c407c2cedff20999df2af8eb42d56 -> 
========================================================================
Received Prepare
Registering precompiled user dll's ...
Registered in 0.033740 seconds.
Begin MonoManager ReloadAssembly
Symbol file LoadedFromMemory doesn't match image C:\Users\tg859\바탕 화면\unity\AngZ\Library\PackageCache\com.unity.visualscripting@1.7.8\Editor\VisualScripting.Core\Dependencies\YamlDotNet\Unity.VisualScripting.YamlDotNet.dll
Symbol file LoadedFromMemory doesn't match image C:\Users\tg859\바탕 화면\unity\AngZ\Library\PackageCache\com.unity.visualscripting@1.7.8\Editor\VisualScripting.Core\Dependencies\DotNetZip\Unity.VisualScripting.IonicZip.dll
Native extension for WindowsStandalone target not found
Native extension for Android target not found
Refreshing native plugins compatible for Editor in 1.48 ms, found 3 plugins.
Preloading 0 native plugins for Editor in 0.00 ms.
Mono: successfully reloaded assembly
- Completed reload, in  3.588 seconds
Domain Reload Profiling:
	ReloadAssembly (3590ms)
		BeginReloadAssembly (403ms)
			ExecutionOrderSort (0ms)
			DisableScriptedObjects (11ms)
			BackupInstance (0ms)
			ReleaseScriptingObjects (0ms)
			CreateAndSetChildDomain (57ms)
		EndReloadAssembly (2830ms)
			LoadAssemblies (438ms)
			RebuildTransferFunctionScriptingTraits (0ms)
			SetupTypeCache (827ms)
			ReleaseScriptCaches (4ms)
			RebuildScriptCaches (172ms)
			SetupLoadedEditorAssemblies (1210ms)
				LogAssemblyErrors (0ms)
				InitializePlatformSupportModulesInManaged (85ms)
				SetLoadedEditorAssemblies (1ms)
				RefreshPlugins (2ms)
				BeforeProcessingInitializeOnLoad (291ms)
				ProcessInitializeOnLoadAttributes (678ms)
				ProcessInitializeOnLoadMethodAttributes (94ms)
				AfterProcessingInitializeOnLoad (59ms)
				EditorAssembliesLoaded (0ms)
			ExecutionOrderSort2 (0ms)
			AwakeInstancesAfterBackupRestoration (73ms)
Platform modules already initialized, skipping
Refreshing native plugins compatible for Editor in 11.87 ms, found 3 plugins.
Preloading 0 native plugins for Editor in 0.00 ms.
Unloading 3620 Unused Serialized files (Serialized files now loaded: 0)
Unloading 25 unused Assets / (81.5 KB). Loaded Objects now: 4127.
Memory consumption went from 159.1 MB to 159.0 MB.
Total: 8.004300 ms (FindLiveObjects: 0.465200 ms CreateObjectMapping: 0.355100 ms MarkObjects: 6.927200 ms  DeleteObjects: 0.254300 ms)

AssetImportParameters requested are different than current active one (requested -> active):
  custom:video-decoder-ogg-theora: a1e56fd34408186e4bbccfd4996cb3dc -> 
  custom:container-muxer-webm: aa71ff27fc2769a1b78a27578f13a17b -> 
  custom:container-demuxer-webm: 4f35f7cbe854078d1ac9338744f61a02 -> 
  custom:video-encoder-webm-vp8: eb34c28f22e8b96e1ab97ce403110664 -> 
  custom:audio-encoder-webm-vorbis: bf7c407c2cedff20999df2af8eb42d56 -> 
  custom:framework-win-MediaFoundation: 216162199b28c13a410421893ffa2e32 -> 
  custom:container-demuxer-ogg: 62fdf1f143b41e24485cea50d1cbac27 -> 
  custom:video-decoder-webm-vp8: 9c59270c3fd7afecdb556c50c9e8de78 -> 
  custom:audio-decoder-ogg-vorbis: bf7c407c2cedff20999df2af8eb42d56 -> 
========================================================================
Received Import Request.
  Time since last request: 146849.581595 seconds.
  path: Assets/Taegon/image/male/hair/2.png
  artifactKey: Guid(1cefeaeb86127354da86ae7204fc10e8) Importer(815301076,1909f56bfc062723c751e8b465ee728b)
Start importing Assets/Taegon/image/male/hair/2.png using Guid(1cefeaeb86127354da86ae7204fc10e8) Importer(815301076,1909f56bfc062723c751e8b465ee728b)  -> (artifact id: 'cba986cb846c8dfb8cf9606433813aa2') in 0.386369 seconds 
========================================================================
Received Import Request.
  Time since last request: 0.000039 seconds.
  path: Assets/Taegon/image/male/hair/27.png
  artifactKey: Guid(7172ca721224de44cae164824d147c63) Importer(815301076,1909f56bfc062723c751e8b465ee728b)
Start importing Assets/Taegon/image/male/hair/27.png using Guid(7172ca721224de44cae164824d147c63) Importer(815301076,1909f56bfc062723c751e8b465ee728b)  -> (artifact id: '77cc7740ac91c8099a01f4acde55173e') in 0.037786 seconds 
========================================================================
Received Import Request.
  Time since last request: 0.000064 seconds.
  path: Assets/Taegon/image/male/hair/31.png
  artifactKey: Guid(04807b6d75067bc489054eee4fe2b292) Importer(815301076,1909f56bfc062723c751e8b465ee728b)
Start importing Assets/Taegon/image/male/hair/31.png using Guid(04807b6d75067bc489054eee4fe2b292) Importer(815301076,1909f56bfc062723c751e8b465ee728b)  -> (artifact id: '1915012d67305c06ddea97632b7c65c0') in 0.063006 seconds 
========================================================================
Received Import Request.
  Time since last request: 0.000051 seconds.
  path: Assets/Taegon/image/male/hair/20.png
  artifactKey: Guid(58abc8ba2514aae4ea3beb35a5f86a1a) Importer(815301076,1909f56bfc062723c751e8b465ee728b)
Start importing Assets/Taegon/image/male/hair/20.png using Guid(58abc8ba2514aae4ea3beb35a5f86a1a) Importer(815301076,1909f56bfc062723c751e8b465ee728b)  -> (artifact id: 'f853aca1d44ce7f5c43bbb4a508b2737') in 0.076471 seconds 
========================================================================
Received Import Request.
  Time since last request: 0.000315 seconds.
  path: Assets/Taegon/image/male/hair/36.png
  artifactKey: Guid(4063cd11b5899654e9b4ceaaa28d3e0f) Importer(815301076,1909f56bfc062723c751e8b465ee728b)
Start importing Assets/Taegon/image/male/hair/36.png using Guid(4063cd11b5899654e9b4ceaaa28d3e0f) Importer(815301076,1909f56bfc062723c751e8b465ee728b)  -> (artifact id: 'd25bac7701f305d7795d4e92e0a76cef') in 0.059126 seconds 
========================================================================
Received Import Request.
  Time since last request: 0.000051 seconds.
  path: Assets/Taegon/image/male/hair/14.png
  artifactKey: Guid(e46bdfe4cd0e1ef489832bc4297109ff) Importer(815301076,1909f56bfc062723c751e8b465ee728b)
Start importing Assets/Taegon/image/male/hair/14.png using Guid(e46bdfe4cd0e1ef489832bc4297109ff) Importer(815301076,1909f56bfc062723c751e8b465ee728b)  -> (artifact id: '6285f3a4bbdf5c274ba078cb79c32bc5') in 0.041606 seconds 
========================================================================
Received Import Request.
  Time since last request: 0.000067 seconds.
  path: Assets/Taegon/image/male/hair/5.png
  artifactKey: Guid(34e0b6ad1dd98494aacf04e2dbe4c20e) Importer(815301076,1909f56bfc062723c751e8b465ee728b)
Start importing Assets/Taegon/image/male/hair/5.png using Guid(34e0b6ad1dd98494aacf04e2dbe4c20e) Importer(815301076,1909f56bfc062723c751e8b465ee728b)  -> (artifact id: '088d4b428d5bdd9804cdf1b512f2601b') in 0.036454 seconds 
========================================================================
Received Import Request.
  Time since last request: 0.000043 seconds.
  path: Assets/Taegon/image/male/hair/12.png
  artifactKey: Guid(e40c3b35bcedb2942b904df759020319) Importer(815301076,1909f56bfc062723c751e8b465ee728b)
Start importing Assets/Taegon/image/male/hair/12.png using Guid(e40c3b35bcedb2942b904df759020319) Importer(815301076,1909f56bfc062723c751e8b465ee728b)  -> (artifact id: '324fe053f82248eb54ee8105669f4857') in 0.035622 seconds 
========================================================================
Received Import Request.
  Time since last request: 0.000041 seconds.
  path: Assets/Taegon/image/male/hair/37.png
  artifactKey: Guid(2136a331f6c8b1c409a23b76f5906a4b) Importer(815301076,1909f56bfc062723c751e8b465ee728b)
Start importing Assets/Taegon/image/male/hair/37.png using Guid(2136a331f6c8b1c409a23b76f5906a4b) Importer(815301076,1909f56bfc062723c751e8b465ee728b)  -> (artifact id: '548ca809ef8c92dcc95cbab09d483726') in 0.034798 seconds 
========================================================================
Received Import Request.
  Time since last request: 0.000046 seconds.
  path: Assets/Taegon/image/male/hair/11.png
  artifactKey: Guid(9185e866fb7ab024ab0db372cbd02358) Importer(815301076,1909f56bfc062723c751e8b465ee728b)
Start importing Assets/Taegon/image/male/hair/11.png using Guid(9185e866fb7ab024ab0db372cbd02358) Importer(815301076,1909f56bfc062723c751e8b465ee728b)  -> (artifact id: '026da3796fd82c208ca1a95f6810cfa7') in 0.043676 seconds 
========================================================================
Received Import Request.
  Time since last request: 0.000048 seconds.
  path: Assets/Taegon/image/male/hair/29.png
  artifactKey: Guid(5f0b06d911874f64f819b3d5251bc5c7) Importer(815301076,1909f56bfc062723c751e8b465ee728b)
Start importing Assets/Taegon/image/male/hair/29.png using Guid(5f0b06d911874f64f819b3d5251bc5c7) Importer(815301076,1909f56bfc062723c751e8b465ee728b)  -> (artifact id: '3312602f3bd5ac5e566d4c94cbea55f6') in 0.044616 seconds 
========================================================================
Received Import Request.
  Time since last request: 0.000084 seconds.
  path: Assets/Taegon/image/male/hair/3.png
  artifactKey: Guid(d48024867f8dde545ac0e2ebf3bc7caf) Importer(815301076,1909f56bfc062723c751e8b465ee728b)
Start importing Assets/Taegon/image/male/hair/3.png using Guid(d48024867f8dde545ac0e2ebf3bc7caf) Importer(815301076,1909f56bfc062723c751e8b465ee728b)  -> (artifact id: 'e26d5b37e205c42fd685d60ab848bdab') in 0.046971 seconds 
========================================================================
Received Import Request.
  Time since last request: 0.000066 seconds.
  path: Assets/Taegon/image/male/hair/22.png
  artifactKey: Guid(0f8b799eedbad7d48a3e48731435c85b) Importer(815301076,1909f56bfc062723c751e8b465ee728b)
Start importing Assets/Taegon/image/male/hair/22.png using Guid(0f8b799eedbad7d48a3e48731435c85b) Importer(815301076,1909f56bfc062723c751e8b465ee728b)  -> (artifact id: '0194d4f3195a3499e10ee832bbab979c') in 0.049544 seconds 
========================================================================
Received Import Request.
  Time since last request: 0.000037 seconds.
  path: Assets/Taegon/image/male/hair/6.png
  artifactKey: Guid(06d912bb45d2c364ab3c5c397471a595) Importer(815301076,1909f56bfc062723c751e8b465ee728b)
Start importing Assets/Taegon/image/male/hair/6.png using Guid(06d912bb45d2c364ab3c5c397471a595) Importer(815301076,1909f56bfc062723c751e8b465ee728b)  -> (artifact id: '07ffc10db8af2654660e0f9bca9dc79a') in 0.036850 seconds 
========================================================================
Received Import Request.
  Time since last request: 0.000043 seconds.
  path: Assets/Taegon/image/male/hair/32.png
  artifactKey: Guid(7a92c5d4a4fc6b043ba59aae8084d38a) Importer(815301076,1909f56bfc062723c751e8b465ee728b)
Start importing Assets/Taegon/image/male/hair/32.png using Guid(7a92c5d4a4fc6b043ba59aae8084d38a) Importer(815301076,1909f56bfc062723c751e8b465ee728b)  -> (artifact id: '40d4139c1fe0b21bc8eda61091ff6168') in 0.037069 seconds 
========================================================================
Received Import Request.
  Time since last request: 0.000058 seconds.
  path: Assets/Taegon/image/male/hair/33.png
  artifactKey: Guid(6faa59c1a0a70d0419812a2e04beed26) Importer(815301076,1909f56bfc062723c751e8b465ee728b)
Start importing Assets/Taegon/image/male/hair/33.png using Guid(6faa59c1a0a70d0419812a2e04beed26) Importer(815301076,1909f56bfc062723c751e8b465ee728b)  -> (artifact id: 'a25ec1d923cc18ab320a9c77b6fe5096') in 0.037441 seconds 
========================================================================
Received Import Request.
  Time since last request: 0.000043 seconds.
  path: Assets/Taegon/image/male/hair/16.png
  artifactKey: Guid(5138768a9b2fc0a4c9d5b4ab02a0eca7) Importer(815301076,1909f56bfc062723c751e8b465ee728b)
Start importing Assets/Taegon/image/male/hair/16.png using Guid(5138768a9b2fc0a4c9d5b4ab02a0eca7) Importer(815301076,1909f56bfc062723c751e8b465ee728b)  -> (artifact id: '61b68d51b3f7f7bce11ac8d89334bba7') in 0.039821 seconds 
========================================================================
Received Import Request.
  Time since last request: 0.000097 seconds.
  path: Assets/Taegon/image/male/hair/40.png
  artifactKey: Guid(a210ae8aad0a7bc43a0c65aa658459b0) Importer(815301076,1909f56bfc062723c751e8b465ee728b)
Start importing Assets/Taegon/image/male/hair/40.png using Guid(a210ae8aad0a7bc43a0c65aa658459b0) Importer(815301076,1909f56bfc062723c751e8b465ee728b)  -> (artifact id: '6714deb3a89f680591aa8829e5c2f7fe') in 0.048647 seconds 
========================================================================
Received Import Request.
  Time since last request: 0.000191 seconds.
  path: Assets/Taegon/image/male/hair/25.png
  artifactKey: Guid(9671ba1a9f087b9408eb30e5d38a5231) Importer(815301076,1909f56bfc062723c751e8b465ee728b)
Start importing Assets/Taegon/image/male/hair/25.png using Guid(9671ba1a9f087b9408eb30e5d38a5231) Importer(815301076,1909f56bfc062723c751e8b465ee728b)  -> (artifact id: 'e5771a3c5fb6fea34fc34f34b607e3e0') in 0.041729 seconds 
========================================================================
Received Import Request.
  Time since last request: 0.000055 seconds.
  path: Assets/Taegon/image/male/hair/38.png
  artifactKey: Guid(a28a247f36ab5c643a3dc10ef14f86ff) Importer(815301076,1909f56bfc062723c751e8b465ee728b)
Start importing Assets/Taegon/image/male/hair/38.png using Guid(a28a247f36ab5c643a3dc10ef14f86ff) Importer(815301076,1909f56bfc062723c751e8b465ee728b)  -> (artifact id: '70df3216b7c20737d6a8f5f6c7574065') in 0.036704 seconds 
Editor requested this worker to shutdown with reason: Scaling down because of idle timeout
AssetImportWorker is now disconnected from the server
Process exiting
Exiting without the bug reporter. Application will terminate with return code 0