Using pre-set license
Built from '2021.3/release' branch; Version is '2021.3.12f1 (8af3c3e441b1) revision 9106371'; Using compiler version '192829333'; Build Type 'Release'
OS: 'Windows 11  (10.0.22000) 64bit Core' Language: 'ko' Physical Memory: 16178 MB
BatchMode: 1, IsHumanControllingUs: 0, StartBugReporterOnCrash: 0, Is64bit: 1, IsPro: 1

COMMAND LINE ARGUMENTS:
C:\Program Files\Unity\Hub\Editor\2021.3.12f1\Editor\Unity.exe
-adb2
-batchMode
-noUpm
-name
AssetImportWorker6
-projectPath
C:/Users/tg859/바탕 화면/unity/AngZ
-logFile
Logs/AssetImportWorker6.log
-srvPort
59554
Successfully changed project path to: C:/Users/tg859/바탕 화면/unity/AngZ
C:/Users/tg859/바탕 화면/unity/AngZ
[UnityMemory] Configuration Parameters - Can be set up in boot.config
    "memorysetup-bucket-allocator-granularity=16"
    "memorysetup-bucket-allocator-bucket-count=8"
    "memorysetup-bucket-allocator-block-size=33554432"
    "memorysetup-bucket-allocator-block-count=8"
    "memorysetup-main-allocator-block-size=16777216"
    "memorysetup-thread-allocator-block-size=16777216"
    "memorysetup-gfx-main-allocator-block-size=16777216"
    "memorysetup-gfx-thread-allocator-block-size=16777216"
    "memorysetup-cache-allocator-block-size=4194304"
    "memorysetup-typetree-allocator-block-size=2097152"
    "memorysetup-profiler-bucket-allocator-granularity=16"
    "memorysetup-profiler-bucket-allocator-bucket-count=8"
    "memorysetup-profiler-bucket-allocator-block-size=33554432"
    "memorysetup-profiler-bucket-allocator-block-count=8"
    "memorysetup-profiler-allocator-block-size=16777216"
    "memorysetup-profiler-editor-allocator-block-size=1048576"
    "memorysetup-temp-allocator-size-main=16777216"
    "memorysetup-job-temp-allocator-block-size=2097152"
    "memorysetup-job-temp-allocator-block-size-background=1048576"
    "memorysetup-job-temp-allocator-reduction-small-platforms=262144"
    "memorysetup-temp-allocator-size-background-worker=32768"
    "memorysetup-temp-allocator-size-job-worker=262144"
    "memorysetup-temp-allocator-size-preload-manager=33554432"
    "memorysetup-temp-allocator-size-nav-mesh-worker=65536"
    "memorysetup-temp-allocator-size-audio-worker=65536"
    "memorysetup-temp-allocator-size-cloud-worker=32768"
    "memorysetup-temp-allocator-size-gi-baking-worker=262144"
    "memorysetup-temp-allocator-size-gfx=262144"
Refreshing native plugins compatible for Editor in 177.15 ms, found 3 plugins.
Preloading 0 native plugins for Editor in 0.00 ms.
Initialize engine version: 2021.3.12f1 (8af3c3e441b1)
[Subsystems] Discovering subsystems at path C:/Program Files/Unity/Hub/Editor/2021.3.12f1/Editor/Data/Resources/UnitySubsystems
[Subsystems] Discovering subsystems at path C:/Users/tg859/바탕 화면/unity/AngZ/Assets
GfxDevice: creating device client; threaded=0; jobified=0
Direct3D:
    Version:  Direct3D 11.0 [level 11.1]
    Renderer: Intel(R) UHD Graphics 620 (ID=0x3ea0)
    Vendor:   Intel
    VRAM:     8089 MB
    Driver:   31.0.101.2111
Initialize mono
Mono path[0] = 'C:/Program Files/Unity/Hub/Editor/2021.3.12f1/Editor/Data/Managed'
Mono path[1] = 'C:/Program Files/Unity/Hub/Editor/2021.3.12f1/Editor/Data/MonoBleedingEdge/lib/mono/unityjit-win32'
Mono config path = 'C:/Program Files/Unity/Hub/Editor/2021.3.12f1/Editor/Data/MonoBleedingEdge/etc'
Using monoOptions --debugger-agent=transport=dt_socket,embedding=1,server=y,suspend=n,address=127.0.0.1:56136
Begin MonoManager ReloadAssembly
Registering precompiled unity dll's ...
Register platform support module: C:/Program Files/Unity/Hub/Editor/2021.3.12f1/Editor/Data/PlaybackEngines/AndroidPlayer/UnityEditor.Android.Extensions.dll
Register platform support module: C:/Program Files/Unity/Hub/Editor/2021.3.12f1/Editor/Data/PlaybackEngines/WindowsStandaloneSupport/UnityEditor.WindowsStandalone.Extensions.dll
Registered in 0.047040 seconds.
Native extension for WindowsStandalone target not found
Native extension for Android target not found
Refreshing native plugins compatible for Editor in 245.00 ms, found 3 plugins.
Preloading 0 native plugins for Editor in 0.00 ms.
Mono: successfully reloaded assembly
- Completed reload, in  2.018 seconds
Domain Reload Profiling:
	ReloadAssembly (2018ms)
		BeginReloadAssembly (279ms)
			ExecutionOrderSort (0ms)
			DisableScriptedObjects (0ms)
			BackupInstance (0ms)
			ReleaseScriptingObjects (0ms)
			CreateAndSetChildDomain (1ms)
		EndReloadAssembly (1326ms)
			LoadAssemblies (276ms)
			RebuildTransferFunctionScriptingTraits (0ms)
			SetupTypeCache (363ms)
			ReleaseScriptCaches (0ms)
			RebuildScriptCaches (81ms)
			SetupLoadedEditorAssemblies (717ms)
				LogAssemblyErrors (0ms)
				InitializePlatformSupportModulesInManaged (182ms)
				SetLoadedEditorAssemblies (1ms)
				RefreshPlugins (245ms)
				BeforeProcessingInitializeOnLoad (3ms)
				ProcessInitializeOnLoadAttributes (178ms)
				ProcessInitializeOnLoadMethodAttributes (107ms)
				AfterProcessingInitializeOnLoad (0ms)
				EditorAssembliesLoaded (0ms)
			ExecutionOrderSort2 (0ms)
			AwakeInstancesAfterBackupRestoration (0ms)
Platform modules already initialized, skipping
Registering precompiled user dll's ...
Registered in 0.028417 seconds.
Begin MonoManager ReloadAssembly
Symbol file LoadedFromMemory doesn't match image C:\Users\tg859\바탕 화면\unity\AngZ\Library\PackageCache\com.unity.visualscripting@1.7.8\Editor\VisualScripting.Core\Dependencies\YamlDotNet\Unity.VisualScripting.YamlDotNet.dll
Symbol file LoadedFromMemory doesn't match image C:\Users\tg859\바탕 화면\unity\AngZ\Library\PackageCache\com.unity.visualscripting@1.7.8\Editor\VisualScripting.Core\Dependencies\DotNetZip\Unity.VisualScripting.IonicZip.dll
Native extension for WindowsStandalone target not found
Native extension for Android target not found
Refreshing native plugins compatible for Editor in 1.02 ms, found 3 plugins.
Preloading 0 native plugins for Editor in 0.00 ms.
Mono: successfully reloaded assembly
- Completed reload, in  2.364 seconds
Domain Reload Profiling:
	ReloadAssembly (2365ms)
		BeginReloadAssembly (384ms)
			ExecutionOrderSort (0ms)
			DisableScriptedObjects (10ms)
			BackupInstance (0ms)
			ReleaseScriptingObjects (0ms)
			CreateAndSetChildDomain (138ms)
		EndReloadAssembly (1718ms)
			LoadAssemblies (258ms)
			RebuildTransferFunctionScriptingTraits (0ms)
			SetupTypeCache (488ms)
			ReleaseScriptCaches (1ms)
			RebuildScriptCaches (117ms)
			SetupLoadedEditorAssemblies (808ms)
				LogAssemblyErrors (0ms)
				InitializePlatformSupportModulesInManaged (32ms)
				SetLoadedEditorAssemblies (1ms)
				RefreshPlugins (1ms)
				BeforeProcessingInitializeOnLoad (206ms)
				ProcessInitializeOnLoadAttributes (487ms)
				ProcessInitializeOnLoadMethodAttributes (55ms)
				AfterProcessingInitializeOnLoad (26ms)
				EditorAssembliesLoaded (0ms)
			ExecutionOrderSort2 (0ms)
			AwakeInstancesAfterBackupRestoration (38ms)
Platform modules already initialized, skipping
========================================================================
Worker process is ready to serve import requests
Launched and connected shader compiler UnityShaderCompiler.exe after 0.09 seconds
Refreshing native plugins compatible for Editor in 1.31 ms, found 3 plugins.
Preloading 0 native plugins for Editor in 0.00 ms.
Unloading 3646 Unused Serialized files (Serialized files now loaded: 0)
Unloading 33 unused Assets / (114.4 KB). Loaded Objects now: 4123.
Memory consumption went from 161.3 MB to 161.2 MB.
Total: 4.981800 ms (FindLiveObjects: 0.443400 ms CreateObjectMapping: 0.364200 ms MarkObjects: 3.998100 ms  DeleteObjects: 0.174800 ms)

AssetImportParameters requested are different than current active one (requested -> active):
  custom:video-decoder-ogg-theora: a1e56fd34408186e4bbccfd4996cb3dc -> 
  custom:container-muxer-webm: aa71ff27fc2769a1b78a27578f13a17b -> 
  custom:container-demuxer-webm: 4f35f7cbe854078d1ac9338744f61a02 -> 
  custom:video-encoder-webm-vp8: eb34c28f22e8b96e1ab97ce403110664 -> 
  custom:audio-encoder-webm-vorbis: bf7c407c2cedff20999df2af8eb42d56 -> 
  custom:framework-win-MediaFoundation: 216162199b28c13a410421893ffa2e32 -> 
  custom:container-demuxer-ogg: 62fdf1f143b41e24485cea50d1cbac27 -> 
  custom:video-decoder-webm-vp8: 9c59270c3fd7afecdb556c50c9e8de78 -> 
  custom:audio-decoder-ogg-vorbis: bf7c407c2cedff20999df2af8eb42d56 -> 
========================================================================
Received Prepare
Registering precompiled user dll's ...
Registered in 0.027762 seconds.
Begin MonoManager ReloadAssembly
Symbol file LoadedFromMemory doesn't match image C:\Users\tg859\바탕 화면\unity\AngZ\Library\PackageCache\com.unity.visualscripting@1.7.8\Editor\VisualScripting.Core\Dependencies\YamlDotNet\Unity.VisualScripting.YamlDotNet.dll
Symbol file LoadedFromMemory doesn't match image C:\Users\tg859\바탕 화면\unity\AngZ\Library\PackageCache\com.unity.visualscripting@1.7.8\Editor\VisualScripting.Core\Dependencies\DotNetZip\Unity.VisualScripting.IonicZip.dll
Native extension for WindowsStandalone target not found
Native extension for Android target not found
Refreshing native plugins compatible for Editor in 1.26 ms, found 3 plugins.
Preloading 0 native plugins for Editor in 0.00 ms.
Mono: successfully reloaded assembly
- Completed reload, in  2.446 seconds
Domain Reload Profiling:
	ReloadAssembly (2447ms)
		BeginReloadAssembly (425ms)
			ExecutionOrderSort (0ms)
			DisableScriptedObjects (10ms)
			BackupInstance (0ms)
			ReleaseScriptingObjects (0ms)
			CreateAndSetChildDomain (58ms)
		EndReloadAssembly (1655ms)
			LoadAssemblies (395ms)
			RebuildTransferFunctionScriptingTraits (0ms)
			SetupTypeCache (490ms)
			ReleaseScriptCaches (2ms)
			RebuildScriptCaches (84ms)
			SetupLoadedEditorAssemblies (737ms)
				LogAssemblyErrors (0ms)
				InitializePlatformSupportModulesInManaged (58ms)
				SetLoadedEditorAssemblies (1ms)
				RefreshPlugins (1ms)
				BeforeProcessingInitializeOnLoad (209ms)
				ProcessInitializeOnLoadAttributes (395ms)
				ProcessInitializeOnLoadMethodAttributes (45ms)
				AfterProcessingInitializeOnLoad (28ms)
				EditorAssembliesLoaded (0ms)
			ExecutionOrderSort2 (0ms)
			AwakeInstancesAfterBackupRestoration (39ms)
Platform modules already initialized, skipping
Refreshing native plugins compatible for Editor in 8.38 ms, found 3 plugins.
Preloading 0 native plugins for Editor in 0.00 ms.
Unloading 3620 Unused Serialized files (Serialized files now loaded: 0)
Unloading 25 unused Assets / (81.4 KB). Loaded Objects now: 4127.
Memory consumption went from 159.1 MB to 159.0 MB.
Total: 4.830500 ms (FindLiveObjects: 0.331000 ms CreateObjectMapping: 0.190900 ms MarkObjects: 4.067000 ms  DeleteObjects: 0.209300 ms)

AssetImportParameters requested are different than current active one (requested -> active):
  custom:video-decoder-ogg-theora: a1e56fd34408186e4bbccfd4996cb3dc -> 
  custom:container-muxer-webm: aa71ff27fc2769a1b78a27578f13a17b -> 
  custom:container-demuxer-webm: 4f35f7cbe854078d1ac9338744f61a02 -> 
  custom:video-encoder-webm-vp8: eb34c28f22e8b96e1ab97ce403110664 -> 
  custom:audio-encoder-webm-vorbis: bf7c407c2cedff20999df2af8eb42d56 -> 
  custom:framework-win-MediaFoundation: 216162199b28c13a410421893ffa2e32 -> 
  custom:container-demuxer-ogg: 62fdf1f143b41e24485cea50d1cbac27 -> 
  custom:video-decoder-webm-vp8: 9c59270c3fd7afecdb556c50c9e8de78 -> 
  custom:audio-decoder-ogg-vorbis: bf7c407c2cedff20999df2af8eb42d56 -> 
========================================================================
Received Import Request.
  Time since last request: 129678.558020 seconds.
  path: Assets/Taegon/image
  artifactKey: Guid(fc891b6a6505a3841b72a028b7d866f7) Importer(815301076,1909f56bfc062723c751e8b465ee728b)
Start importing Assets/Taegon/image using Guid(fc891b6a6505a3841b72a028b7d866f7) Importer(815301076,1909f56bfc062723c751e8b465ee728b)  -> (artifact id: '370bd07b73c6d7dcdc2946450aa066ce') in 0.025885 seconds 
========================================================================
Received Import Request.
  Time since last request: 24.749286 seconds.
  path: Assets/Taegon/image/female
  artifactKey: Guid(4f37f0a874575674db2231f40b48f4a7) Importer(815301076,1909f56bfc062723c751e8b465ee728b)
Start importing Assets/Taegon/image/female using Guid(4f37f0a874575674db2231f40b48f4a7) Importer(815301076,1909f56bfc062723c751e8b465ee728b)  -> (artifact id: '1946dfbcb8e519f98028bb415c276909') in 0.011443 seconds 
========================================================================
Received Import Request.
  Time since last request: 2.712575 seconds.
  path: Assets/Taegon/image/female/hair
  artifactKey: Guid(31c9d0a8cfb3dc649bed3a8b238ba8c8) Importer(815301076,1909f56bfc062723c751e8b465ee728b)
Start importing Assets/Taegon/image/female/hair using Guid(31c9d0a8cfb3dc649bed3a8b238ba8c8) Importer(815301076,1909f56bfc062723c751e8b465ee728b)  -> (artifact id: 'b0bb642d773e455805f20a0e45cc394b') in 0.012648 seconds 
========================================================================
Received Import Request.
  Time since last request: 0.110253 seconds.
  path: Assets/Taegon/image/female/hair/1.png
  artifactKey: Guid(8ef38eccbdef037448e668492d74c214) Importer(815301076,1909f56bfc062723c751e8b465ee728b)
Start importing Assets/Taegon/image/female/hair/1.png using Guid(8ef38eccbdef037448e668492d74c214) Importer(815301076,1909f56bfc062723c751e8b465ee728b)  -> (artifact id: 'e1f15f6fc7ba2e03df0bcc6c892c433b') in 0.199885 seconds 
========================================================================
Received Import Request.
  Time since last request: 0.000055 seconds.
  path: Assets/Taegon/image/female/hair/47.png
  artifactKey: Guid(4da193f29037a3a4d8305fcf0449cd83) Importer(815301076,1909f56bfc062723c751e8b465ee728b)
Start importing Assets/Taegon/image/female/hair/47.png using Guid(4da193f29037a3a4d8305fcf0449cd83) Importer(815301076,1909f56bfc062723c751e8b465ee728b)  -> (artifact id: 'dbe01eeb99c3ba802c8126b5d1aaed9a') in 0.045658 seconds 
========================================================================
Received Import Request.
  Time since last request: 0.000142 seconds.
  path: Assets/Taegon/image/female/hair/12.png
  artifactKey: Guid(473305cd4cd119d4e94cb81b26dd5089) Importer(815301076,1909f56bfc062723c751e8b465ee728b)
Start importing Assets/Taegon/image/female/hair/12.png using Guid(473305cd4cd119d4e94cb81b26dd5089) Importer(815301076,1909f56bfc062723c751e8b465ee728b)  -> (artifact id: '37e07b8814977fb0bd67adb8a6c281e6') in 0.040729 seconds 
========================================================================
Received Import Request.
  Time since last request: 0.000073 seconds.
  path: Assets/Taegon/image/female/hair/39.png
  artifactKey: Guid(48077a1e9f376cb43a01a2092030fe92) Importer(815301076,1909f56bfc062723c751e8b465ee728b)
Start importing Assets/Taegon/image/female/hair/39.png using Guid(48077a1e9f376cb43a01a2092030fe92) Importer(815301076,1909f56bfc062723c751e8b465ee728b)  -> (artifact id: 'ba18713ad67ea3fe185042c333ff534d') in 0.039770 seconds 
========================================================================
Received Import Request.
  Time since last request: 0.000041 seconds.
  path: Assets/Taegon/image/female/hair/20.png
  artifactKey: Guid(c06e6a7c933b40545af621dd7450fed2) Importer(815301076,1909f56bfc062723c751e8b465ee728b)
Start importing Assets/Taegon/image/female/hair/20.png using Guid(c06e6a7c933b40545af621dd7450fed2) Importer(815301076,1909f56bfc062723c751e8b465ee728b)  -> (artifact id: '8257241585df1f37467974f0eb751d30') in 0.036011 seconds 
========================================================================
Received Import Request.
  Time since last request: 0.000071 seconds.
  path: Assets/Taegon/image/female/hair/37.png
  artifactKey: Guid(2c8489b536480354892de9262f50a58a) Importer(815301076,1909f56bfc062723c751e8b465ee728b)
Start importing Assets/Taegon/image/female/hair/37.png using Guid(2c8489b536480354892de9262f50a58a) Importer(815301076,1909f56bfc062723c751e8b465ee728b)  -> (artifact id: '1334c55648fa74b6f58a0164ee289634') in 0.040728 seconds 
========================================================================
Received Import Request.
  Time since last request: 0.000049 seconds.
  path: Assets/Taegon/image/female/hair/33.png
  artifactKey: Guid(5104a48663661dd449b7b9431269af0d) Importer(815301076,1909f56bfc062723c751e8b465ee728b)
Start importing Assets/Taegon/image/female/hair/33.png using Guid(5104a48663661dd449b7b9431269af0d) Importer(815301076,1909f56bfc062723c751e8b465ee728b)  -> (artifact id: '97a82032f15312f34de7c2369299de91') in 0.039733 seconds 
========================================================================
Received Import Request.
  Time since last request: 0.000060 seconds.
  path: Assets/Taegon/image/female/hair/7.png
  artifactKey: Guid(455031e022a40ed499b8a7fc3525f8bb) Importer(815301076,1909f56bfc062723c751e8b465ee728b)
Start importing Assets/Taegon/image/female/hair/7.png using Guid(455031e022a40ed499b8a7fc3525f8bb) Importer(815301076,1909f56bfc062723c751e8b465ee728b)  -> (artifact id: '3c3d6d75cf4f2889f8d631e48f929101') in 0.032568 seconds 
========================================================================
Received Import Request.
  Time since last request: 0.000042 seconds.
  path: Assets/Taegon/image/female/hair/23.png
  artifactKey: Guid(f74e9457e0ef8874cb2c0a40981d3ecd) Importer(815301076,1909f56bfc062723c751e8b465ee728b)
Start importing Assets/Taegon/image/female/hair/23.png using Guid(f74e9457e0ef8874cb2c0a40981d3ecd) Importer(815301076,1909f56bfc062723c751e8b465ee728b)  -> (artifact id: '8c730b6fb8569d658c1e92f84dbbd9c8') in 0.034717 seconds 
========================================================================
Received Import Request.
  Time since last request: 0.000068 seconds.
  path: Assets/Taegon/image/female/hair/34.png
  artifactKey: Guid(256353881e479504ea249452bf013b28) Importer(815301076,1909f56bfc062723c751e8b465ee728b)
Start importing Assets/Taegon/image/female/hair/34.png using Guid(256353881e479504ea249452bf013b28) Importer(815301076,1909f56bfc062723c751e8b465ee728b)  -> (artifact id: '0390a9cc275c55c0316034762f7617e8') in 0.038386 seconds 
========================================================================
Received Import Request.
  Time since last request: 0.000108 seconds.
  path: Assets/Taegon/image/female/hair/21.png
  artifactKey: Guid(7f75e8dc536eb424f9320c64102be8cd) Importer(815301076,1909f56bfc062723c751e8b465ee728b)
Start importing Assets/Taegon/image/female/hair/21.png using Guid(7f75e8dc536eb424f9320c64102be8cd) Importer(815301076,1909f56bfc062723c751e8b465ee728b)  -> (artifact id: '87129688ddb47f1caaed0b7e9c6d92fb') in 0.038365 seconds 
========================================================================
Received Import Request.
  Time since last request: 0.000066 seconds.
  path: Assets/Taegon/image/female/hair/30.png
  artifactKey: Guid(8999321dec75d5b41945030a0f7de821) Importer(815301076,1909f56bfc062723c751e8b465ee728b)
Start importing Assets/Taegon/image/female/hair/30.png using Guid(8999321dec75d5b41945030a0f7de821) Importer(815301076,1909f56bfc062723c751e8b465ee728b)  -> (artifact id: '0cda95a1731eb5b4d50b3468135c97e8') in 0.040985 seconds 
========================================================================
Received Import Request.
  Time since last request: 0.000052 seconds.
  path: Assets/Taegon/image/female/hair/38.png
  artifactKey: Guid(a10e98980b6d0364f802f9d000da1795) Importer(815301076,1909f56bfc062723c751e8b465ee728b)
Start importing Assets/Taegon/image/female/hair/38.png using Guid(a10e98980b6d0364f802f9d000da1795) Importer(815301076,1909f56bfc062723c751e8b465ee728b)  -> (artifact id: 'bfa83b6b944efb9ecdcddb99dab82c83') in 0.036708 seconds 
========================================================================
Received Import Request.
  Time since last request: 0.000112 seconds.
  path: Assets/Taegon/image/female/hair/41.png
  artifactKey: Guid(e6f1a4192da6f474b973142c3c872a57) Importer(815301076,1909f56bfc062723c751e8b465ee728b)
Start importing Assets/Taegon/image/female/hair/41.png using Guid(e6f1a4192da6f474b973142c3c872a57) Importer(815301076,1909f56bfc062723c751e8b465ee728b)  -> (artifact id: '90c878cacd6c9c2e5a420de388e2b5db') in 0.037771 seconds 
========================================================================
Received Import Request.
  Time since last request: 0.000046 seconds.
  path: Assets/Taegon/image/female/hair/25.png
  artifactKey: Guid(5a3d3b3869dca0043a7f2bdd67b2d36e) Importer(815301076,1909f56bfc062723c751e8b465ee728b)
Start importing Assets/Taegon/image/female/hair/25.png using Guid(5a3d3b3869dca0043a7f2bdd67b2d36e) Importer(815301076,1909f56bfc062723c751e8b465ee728b)  -> (artifact id: '8b42350a3a7b10effb17d9d0c313018d') in 0.036279 seconds 
========================================================================
Received Import Request.
  Time since last request: 0.000049 seconds.
  path: Assets/Taegon/image/female/hair/14.png
  artifactKey: Guid(fc13fe38518972743b18cc46908e404d) Importer(815301076,1909f56bfc062723c751e8b465ee728b)
Start importing Assets/Taegon/image/female/hair/14.png using Guid(fc13fe38518972743b18cc46908e404d) Importer(815301076,1909f56bfc062723c751e8b465ee728b)  -> (artifact id: 'fcc699bd57ccd18c863c094c2341a047') in 0.035977 seconds 
========================================================================
Received Import Request.
  Time since last request: 0.000107 seconds.
  path: Assets/Taegon/image/female/hair/36.png
  artifactKey: Guid(51347ae1ed9995949a7f0f2a6c986218) Importer(815301076,1909f56bfc062723c751e8b465ee728b)
Start importing Assets/Taegon/image/female/hair/36.png using Guid(51347ae1ed9995949a7f0f2a6c986218) Importer(815301076,1909f56bfc062723c751e8b465ee728b)  -> (artifact id: 'b1bb5e54b128ca49e5f4d842e6e62e6e') in 0.035276 seconds 
========================================================================
Received Import Request.
  Time since last request: 0.000049 seconds.
  path: Assets/Taegon/image/female/hair/46.png
  artifactKey: Guid(a39c309a9d720f84a9951c7de7ba5307) Importer(815301076,1909f56bfc062723c751e8b465ee728b)
Start importing Assets/Taegon/image/female/hair/46.png using Guid(a39c309a9d720f84a9951c7de7ba5307) Importer(815301076,1909f56bfc062723c751e8b465ee728b)  -> (artifact id: '13860394da215616c9422263db817015') in 0.032282 seconds 
========================================================================
Received Import Request.
  Time since last request: 0.000063 seconds.
  path: Assets/Taegon/image/female/hair/17.png
  artifactKey: Guid(710262b3f26b70441b89935533dce442) Importer(815301076,1909f56bfc062723c751e8b465ee728b)
Start importing Assets/Taegon/image/female/hair/17.png using Guid(710262b3f26b70441b89935533dce442) Importer(815301076,1909f56bfc062723c751e8b465ee728b)  -> (artifact id: '618a4591aa6c191dbae74c56131dd7af') in 0.039587 seconds 
========================================================================
Received Import Request.
  Time since last request: 0.000047 seconds.
  path: Assets/Taegon/image/female/hair/10.png
  artifactKey: Guid(57600af751c9c894ca807d9b8f15c755) Importer(815301076,1909f56bfc062723c751e8b465ee728b)
Start importing Assets/Taegon/image/female/hair/10.png using Guid(57600af751c9c894ca807d9b8f15c755) Importer(815301076,1909f56bfc062723c751e8b465ee728b)  -> (artifact id: 'dce5b2a1982a7a18ce47d9281b56d6cf') in 0.044390 seconds 
========================================================================
Received Import Request.
  Time since last request: 0.000042 seconds.
  path: Assets/Taegon/image/female/hair/42.png
  artifactKey: Guid(d4d589780556a48429b454e81c232bb3) Importer(815301076,1909f56bfc062723c751e8b465ee728b)
Start importing Assets/Taegon/image/female/hair/42.png using Guid(d4d589780556a48429b454e81c232bb3) Importer(815301076,1909f56bfc062723c751e8b465ee728b)  -> (artifact id: 'b0d398fbbd2ad38d117b94be7e6d3115') in 0.042258 seconds 
========================================================================
Received Import Request.
  Time since last request: 0.000062 seconds.
  path: Assets/Taegon/image/female/hair/24.png
  artifactKey: Guid(a82966258acaf4442ac6a9942c2c74ad) Importer(815301076,1909f56bfc062723c751e8b465ee728b)
Start importing Assets/Taegon/image/female/hair/24.png using Guid(a82966258acaf4442ac6a9942c2c74ad) Importer(815301076,1909f56bfc062723c751e8b465ee728b)  -> (artifact id: 'd3df22ace676fd52aac88bf9275bd175') in 0.034774 seconds 
========================================================================
Received Import Request.
  Time since last request: 0.000098 seconds.
  path: Assets/Taegon/image/female/hair/40.png
  artifactKey: Guid(7559ea2b4d29104478737ae26ab27c67) Importer(815301076,1909f56bfc062723c751e8b465ee728b)
Start importing Assets/Taegon/image/female/hair/40.png using Guid(7559ea2b4d29104478737ae26ab27c67) Importer(815301076,1909f56bfc062723c751e8b465ee728b)  -> (artifact id: '5755f16bc67794a797cc38cf64982a36') in 0.038825 seconds 
========================================================================
Received Import Request.
  Time since last request: 0.000189 seconds.
  path: Assets/Taegon/image/female/hair/11.png
  artifactKey: Guid(9d7a668c0697cb1428c78123e1b91da6) Importer(815301076,1909f56bfc062723c751e8b465ee728b)
Start importing Assets/Taegon/image/female/hair/11.png using Guid(9d7a668c0697cb1428c78123e1b91da6) Importer(815301076,1909f56bfc062723c751e8b465ee728b)  -> (artifact id: 'f3f2aee2313e11d9bf9c82d787f28f22') in 0.036511 seconds 
========================================================================
Received Prepare
Registering precompiled user dll's ...
Registered in 0.049626 seconds.
Begin MonoManager ReloadAssembly
Symbol file LoadedFromMemory doesn't match image C:\Users\tg859\바탕 화면\unity\AngZ\Library\PackageCache\com.unity.visualscripting@1.7.8\Editor\VisualScripting.Core\Dependencies\YamlDotNet\Unity.VisualScripting.YamlDotNet.dll
Symbol file LoadedFromMemory doesn't match image C:\Users\tg859\바탕 화면\unity\AngZ\Library\PackageCache\com.unity.visualscripting@1.7.8\Editor\VisualScripting.Core\Dependencies\DotNetZip\Unity.VisualScripting.IonicZip.dll
Native extension for WindowsStandalone target not found
Native extension for Android target not found
Refreshing native plugins compatible for Editor in 3.70 ms, found 3 plugins.
Preloading 0 native plugins for Editor in 0.00 ms.
Mono: successfully reloaded assembly
- Completed reload, in  4.647 seconds
Domain Reload Profiling:
	ReloadAssembly (4650ms)
		BeginReloadAssembly (460ms)
			ExecutionOrderSort (0ms)
			DisableScriptedObjects (16ms)
			BackupInstance (0ms)
			ReleaseScriptingObjects (0ms)
			CreateAndSetChildDomain (88ms)
		EndReloadAssembly (3684ms)
			LoadAssemblies (472ms)
			RebuildTransferFunctionScriptingTraits (0ms)
			SetupTypeCache (1129ms)
			ReleaseScriptCaches (8ms)
			RebuildScriptCaches (210ms)
			SetupLoadedEditorAssemblies (1621ms)
				LogAssemblyErrors (0ms)
				InitializePlatformSupportModulesInManaged (114ms)
				SetLoadedEditorAssemblies (2ms)
				RefreshPlugins (4ms)
				BeforeProcessingInitializeOnLoad (375ms)
				ProcessInitializeOnLoadAttributes (905ms)
				ProcessInitializeOnLoadMethodAttributes (138ms)
				AfterProcessingInitializeOnLoad (82ms)
				EditorAssembliesLoaded (1ms)
			ExecutionOrderSort2 (0ms)
			AwakeInstancesAfterBackupRestoration (95ms)
Platform modules already initialized, skipping
Refreshing native plugins compatible for Editor in 11.44 ms, found 3 plugins.
Preloading 0 native plugins for Editor in 0.00 ms.
Unloading 3620 Unused Serialized files (Serialized files now loaded: 0)
Unloading 25 unused Assets / (81.6 KB). Loaded Objects now: 4135.
Memory consumption went from 159.2 MB to 159.1 MB.
Total: 10.040500 ms (FindLiveObjects: 0.437800 ms CreateObjectMapping: 0.336500 ms MarkObjects: 9.071600 ms  DeleteObjects: 0.192700 ms)

AssetImportParameters requested are different than current active one (requested -> active):
  custom:video-decoder-ogg-theora: a1e56fd34408186e4bbccfd4996cb3dc -> 
  custom:container-muxer-webm: aa71ff27fc2769a1b78a27578f13a17b -> 
  custom:container-demuxer-webm: 4f35f7cbe854078d1ac9338744f61a02 -> 
  custom:video-encoder-webm-vp8: eb34c28f22e8b96e1ab97ce403110664 -> 
  custom:audio-encoder-webm-vorbis: bf7c407c2cedff20999df2af8eb42d56 -> 
  custom:framework-win-MediaFoundation: 216162199b28c13a410421893ffa2e32 -> 
  custom:container-demuxer-ogg: 62fdf1f143b41e24485cea50d1cbac27 -> 
  custom:video-decoder-webm-vp8: 9c59270c3fd7afecdb556c50c9e8de78 -> 
  custom:audio-decoder-ogg-vorbis: bf7c407c2cedff20999df2af8eb42d56 -> 
Editor requested this worker to shutdown with reason: Scaling down because of idle timeout
AssetImportWorker is now disconnected from the server
Process exiting
Exiting without the bug reporter. Application will terminate with return code 0