Using pre-set license
Built from '2021.3/release' branch; Version is '2021.3.12f1 (8af3c3e441b1) revision 9106371'; Using compiler version '192829333'; Build Type 'Release'
OS: 'Windows 11  (10.0.22000) 64bit Core' Language: 'ko' Physical Memory: 32394 MB
BatchMode: 1, IsHumanControllingUs: 0, StartBugReporterOnCrash: 0, Is64bit: 1, IsPro: 1

COMMAND LINE ARGUMENTS:
C:\Program Files\Unity\Hub\Editor\2021.3.12f1\Editor\Unity.exe
-adb2
-batchMode
-noUpm
-name
AssetImportWorker5
-projectPath
C:/Users/kayso/Desktop/unity/1207/AngZ
-logFile
Logs/AssetImportWorker5.log
-srvPort
63080
Successfully changed project path to: C:/Users/kayso/Desktop/unity/1207/AngZ
C:/Users/kayso/Desktop/unity/1207/AngZ
[UnityMemory] Configuration Parameters - Can be set up in boot.config
    "memorysetup-bucket-allocator-granularity=16"
    "memorysetup-bucket-allocator-bucket-count=8"
    "memorysetup-bucket-allocator-block-size=33554432"
    "memorysetup-bucket-allocator-block-count=8"
    "memorysetup-main-allocator-block-size=16777216"
    "memorysetup-thread-allocator-block-size=16777216"
    "memorysetup-gfx-main-allocator-block-size=16777216"
    "memorysetup-gfx-thread-allocator-block-size=16777216"
    "memorysetup-cache-allocator-block-size=4194304"
    "memorysetup-typetree-allocator-block-size=2097152"
    "memorysetup-profiler-bucket-allocator-granularity=16"
    "memorysetup-profiler-bucket-allocator-bucket-count=8"
    "memorysetup-profiler-bucket-allocator-block-size=33554432"
    "memorysetup-profiler-bucket-allocator-block-count=8"
    "memorysetup-profiler-allocator-block-size=16777216"
    "memorysetup-profiler-editor-allocator-block-size=1048576"
    "memorysetup-temp-allocator-size-main=16777216"
    "memorysetup-job-temp-allocator-block-size=2097152"
    "memorysetup-job-temp-allocator-block-size-background=1048576"
    "memorysetup-job-temp-allocator-reduction-small-platforms=262144"
    "memorysetup-temp-allocator-size-background-worker=32768"
    "memorysetup-temp-allocator-size-job-worker=262144"
    "memorysetup-temp-allocator-size-preload-manager=33554432"
    "memorysetup-temp-allocator-size-nav-mesh-worker=65536"
    "memorysetup-temp-allocator-size-audio-worker=65536"
    "memorysetup-temp-allocator-size-cloud-worker=32768"
    "memorysetup-temp-allocator-size-gi-baking-worker=262144"
    "memorysetup-temp-allocator-size-gfx=262144"
Refreshing native plugins compatible for Editor in 151.12 ms, found 6 plugins.
Preloading 0 native plugins for Editor in 0.00 ms.
Initialize engine version: 2021.3.12f1 (8af3c3e441b1)
[Subsystems] Discovering subsystems at path C:/Program Files/Unity/Hub/Editor/2021.3.12f1/Editor/Data/Resources/UnitySubsystems
[Subsystems] Discovering subsystems at path C:/Users/kayso/Desktop/unity/1207/AngZ/Assets
GfxDevice: creating device client; threaded=0; jobified=0
Direct3D:
    Version:  Direct3D 11.0 [level 11.1]
    Renderer: Intel(R) Arc(TM) A350M Graphics (ID=0x5694)
    Vendor:   Intel
    VRAM:     4018 MB
    Driver:   30.0.101.1747
Initialize mono
Mono path[0] = 'C:/Program Files/Unity/Hub/Editor/2021.3.12f1/Editor/Data/Managed'
Mono path[1] = 'C:/Program Files/Unity/Hub/Editor/2021.3.12f1/Editor/Data/MonoBleedingEdge/lib/mono/unityjit-win32'
Mono config path = 'C:/Program Files/Unity/Hub/Editor/2021.3.12f1/Editor/Data/MonoBleedingEdge/etc'
Using monoOptions --debugger-agent=transport=dt_socket,embedding=1,server=y,suspend=n,address=127.0.0.1:56920
Begin MonoManager ReloadAssembly
Registering precompiled unity dll's ...
Register platform support module: C:/Program Files/Unity/Hub/Editor/2021.3.12f1/Editor/Data/PlaybackEngines/WebGLSupport/UnityEditor.WebGL.Extensions.dll
Register platform support module: C:/Program Files/Unity/Hub/Editor/2021.3.12f1/Editor/Data/PlaybackEngines/WindowsStandaloneSupport/UnityEditor.WindowsStandalone.Extensions.dll
Registered in 0.014760 seconds.
Native extension for WindowsStandalone target not found
Native extension for WebGL target not found
Refreshing native plugins compatible for Editor in 71.29 ms, found 6 plugins.
Preloading 0 native plugins for Editor in 0.00 ms.
Mono: successfully reloaded assembly
- Completed reload, in  0.639 seconds
Domain Reload Profiling:
	ReloadAssembly (640ms)
		BeginReloadAssembly (91ms)
			ExecutionOrderSort (0ms)
			DisableScriptedObjects (0ms)
			BackupInstance (0ms)
			ReleaseScriptingObjects (0ms)
			CreateAndSetChildDomain (1ms)
		EndReloadAssembly (399ms)
			LoadAssemblies (91ms)
			RebuildTransferFunctionScriptingTraits (0ms)
			SetupTypeCache (83ms)
			ReleaseScriptCaches (0ms)
			RebuildScriptCaches (25ms)
			SetupLoadedEditorAssemblies (225ms)
				LogAssemblyErrors (0ms)
				InitializePlatformSupportModulesInManaged (10ms)
				SetLoadedEditorAssemblies (0ms)
				RefreshPlugins (71ms)
				BeforeProcessingInitializeOnLoad (1ms)
				ProcessInitializeOnLoadAttributes (93ms)
				ProcessInitializeOnLoadMethodAttributes (49ms)
				AfterProcessingInitializeOnLoad (0ms)
				EditorAssembliesLoaded (0ms)
			ExecutionOrderSort2 (0ms)
			AwakeInstancesAfterBackupRestoration (0ms)
Platform modules already initialized, skipping
Registering precompiled user dll's ...
Registered in 0.020872 seconds.
Begin MonoManager ReloadAssembly
Symbol file LoadedFromMemory doesn't match image C:\Users\kayso\Desktop\unity\1207\AngZ\Library\PackageCache\com.unity.visualscripting@1.7.8\Editor\VisualScripting.Core\Dependencies\DotNetZip\Unity.VisualScripting.IonicZip.dll
Symbol file LoadedFromMemory doesn't match image C:\Users\kayso\Desktop\unity\1207\AngZ\Library\PackageCache\com.unity.visualscripting@1.7.8\Editor\VisualScripting.Core\Dependencies\YamlDotNet\Unity.VisualScripting.YamlDotNet.dll
Native extension for WindowsStandalone target not found
Native extension for WebGL target not found
Refreshing native plugins compatible for Editor in 0.77 ms, found 6 plugins.
Preloading 0 native plugins for Editor in 0.00 ms.
Mono: successfully reloaded assembly
- Completed reload, in  1.017 seconds
Domain Reload Profiling:
	ReloadAssembly (1018ms)
		BeginReloadAssembly (123ms)
			ExecutionOrderSort (0ms)
			DisableScriptedObjects (4ms)
			BackupInstance (0ms)
			ReleaseScriptingObjects (0ms)
			CreateAndSetChildDomain (14ms)
		EndReloadAssembly (746ms)
			LoadAssemblies (113ms)
			RebuildTransferFunctionScriptingTraits (0ms)
			SetupTypeCache (243ms)
			ReleaseScriptCaches (0ms)
			RebuildScriptCaches (41ms)
			SetupLoadedEditorAssemblies (333ms)
				LogAssemblyErrors (0ms)
				InitializePlatformSupportModulesInManaged (8ms)
				SetLoadedEditorAssemblies (0ms)
				RefreshPlugins (1ms)
				BeforeProcessingInitializeOnLoad (84ms)
				ProcessInitializeOnLoadAttributes (197ms)
				ProcessInitializeOnLoadMethodAttributes (27ms)
				AfterProcessingInitializeOnLoad (15ms)
				EditorAssembliesLoaded (0ms)
			ExecutionOrderSort2 (0ms)
			AwakeInstancesAfterBackupRestoration (9ms)
Platform modules already initialized, skipping
========================================================================
Worker process is ready to serve import requests
Launched and connected shader compiler UnityShaderCompiler.exe after 0.05 seconds
Refreshing native plugins compatible for Editor in 0.81 ms, found 6 plugins.
Preloading 0 native plugins for Editor in 0.00 ms.
Unloading 3817 Unused Serialized files (Serialized files now loaded: 0)
Unloading 68 unused Assets / (115.7 KB). Loaded Objects now: 4262.
Memory consumption went from 168.7 MB to 168.6 MB.
Total: 3.095700 ms (FindLiveObjects: 0.206800 ms CreateObjectMapping: 0.102500 ms MarkObjects: 2.667000 ms  DeleteObjects: 0.118600 ms)

AssetImportParameters requested are different than current active one (requested -> active):
  custom:video-decoder-ogg-theora: a1e56fd34408186e4bbccfd4996cb3dc -> 
  custom:container-muxer-webm: aa71ff27fc2769a1b78a27578f13a17b -> 
  custom:container-demuxer-webm: 4f35f7cbe854078d1ac9338744f61a02 -> 
  custom:video-encoder-webm-vp8: eb34c28f22e8b96e1ab97ce403110664 -> 
  custom:video-codec-MediaFoundation-h265: 746d11721c4dcdbdad8f713fa42b33f4 -> 
  custom:audio-encoder-webm-vorbis: bf7c407c2cedff20999df2af8eb42d56 -> 
  custom:framework-win-MediaFoundation: 216162199b28c13a410421893ffa2e32 -> 
  custom:container-demuxer-ogg: 62fdf1f143b41e24485cea50d1cbac27 -> 
  custom:video-decoder-webm-vp8: 9c59270c3fd7afecdb556c50c9e8de78 -> 
  custom:audio-decoder-ogg-vorbis: bf7c407c2cedff20999df2af8eb42d56 -> 
========================================================================
Received Import Request.
  Time since last request: 1248850.691822 seconds.
  path: Assets/image/male/leg/12.png
  artifactKey: Guid(58f21a3ff41ccd344b942f70652ef6aa) Importer(815301076,1909f56bfc062723c751e8b465ee728b)
Start importing Assets/image/male/leg/12.png using Guid(58f21a3ff41ccd344b942f70652ef6aa) Importer(815301076,1909f56bfc062723c751e8b465ee728b)  -> (artifact id: 'ec15aeda678b79b731b2e664657756ef') in 0.103917 seconds 
========================================================================
Received Import Request.
  Time since last request: 0.000022 seconds.
  path: Assets/image/male/leg/22.png
  artifactKey: Guid(01467c76b3d7cf542aa71c3e9db207b2) Importer(815301076,1909f56bfc062723c751e8b465ee728b)
Start importing Assets/image/male/leg/22.png using Guid(01467c76b3d7cf542aa71c3e9db207b2) Importer(815301076,1909f56bfc062723c751e8b465ee728b)  -> (artifact id: '4b9945dfc5de0386db488e54bfc6cd81') in 0.014320 seconds 
========================================================================
Received Import Request.
  Time since last request: 0.000038 seconds.
  path: Assets/image/male/leg/27.png
  artifactKey: Guid(32ff1aa663cc52044bd6ef0cd434cba1) Importer(815301076,1909f56bfc062723c751e8b465ee728b)
Start importing Assets/image/male/leg/27.png using Guid(32ff1aa663cc52044bd6ef0cd434cba1) Importer(815301076,1909f56bfc062723c751e8b465ee728b)  -> (artifact id: 'edfb8f2d7cf0a3dc831a47a91d7218bf') in 0.014748 seconds 
========================================================================
Received Import Request.
  Time since last request: 0.000031 seconds.
  path: Assets/image/male/leg/32.png
  artifactKey: Guid(3821ac7d0655c7640b5ea5d439721088) Importer(815301076,1909f56bfc062723c751e8b465ee728b)
Start importing Assets/image/male/leg/32.png using Guid(3821ac7d0655c7640b5ea5d439721088) Importer(815301076,1909f56bfc062723c751e8b465ee728b)  -> (artifact id: 'babb1a694cc8b881200d7bf31645d4b0') in 0.021389 seconds 
========================================================================
Received Import Request.
  Time since last request: 0.000031 seconds.
  path: Assets/image/male/leg/13.png
  artifactKey: Guid(031414ebb82834a49ae96e42f1413128) Importer(815301076,1909f56bfc062723c751e8b465ee728b)
Start importing Assets/image/male/leg/13.png using Guid(031414ebb82834a49ae96e42f1413128) Importer(815301076,1909f56bfc062723c751e8b465ee728b)  -> (artifact id: 'e93cc2f136c9260bd48e100ad1182d42') in 0.015190 seconds 
========================================================================
Received Import Request.
  Time since last request: 0.000028 seconds.
  path: Assets/image/male/leg/29.png
  artifactKey: Guid(a4f906abf88609244b8c08b6e72a712d) Importer(815301076,1909f56bfc062723c751e8b465ee728b)
Start importing Assets/image/male/leg/29.png using Guid(a4f906abf88609244b8c08b6e72a712d) Importer(815301076,1909f56bfc062723c751e8b465ee728b)  -> (artifact id: 'a2ba0e457af4206ac01878f3a7e0aec1') in 0.014081 seconds 
========================================================================
Received Import Request.
  Time since last request: 0.000026 seconds.
  path: Assets/image/male/leg/38.png
  artifactKey: Guid(3169312dd3facb149ac246b20b1fe34b) Importer(815301076,1909f56bfc062723c751e8b465ee728b)
Start importing Assets/image/male/leg/38.png using Guid(3169312dd3facb149ac246b20b1fe34b) Importer(815301076,1909f56bfc062723c751e8b465ee728b)  -> (artifact id: '7de800c9f433604b43223b5fb3bf5e42') in 0.018124 seconds 
========================================================================
Received Import Request.
  Time since last request: 0.000040 seconds.
  path: Assets/image/male/leg/30.png
  artifactKey: Guid(df8830db1d7bb634cb0e242af1233583) Importer(815301076,1909f56bfc062723c751e8b465ee728b)
Start importing Assets/image/male/leg/30.png using Guid(df8830db1d7bb634cb0e242af1233583) Importer(815301076,1909f56bfc062723c751e8b465ee728b)  -> (artifact id: 'e87bf931b3b34a0fb9fe3a1416debe6e') in 0.020416 seconds 
========================================================================
Received Import Request.
  Time since last request: 0.000033 seconds.
  path: Assets/image/male/leg/16.png
  artifactKey: Guid(764446962c54f924fa71880425d409e5) Importer(815301076,1909f56bfc062723c751e8b465ee728b)
Start importing Assets/image/male/leg/16.png using Guid(764446962c54f924fa71880425d409e5) Importer(815301076,1909f56bfc062723c751e8b465ee728b)  -> (artifact id: 'd8b8eb79369601224a86509b3fd46557') in 0.018613 seconds 
========================================================================
Received Import Request.
  Time since last request: 0.000027 seconds.
  path: Assets/image/male/leg/23.png
  artifactKey: Guid(a9d6b1fca81d234469fdb56471839952) Importer(815301076,1909f56bfc062723c751e8b465ee728b)
Start importing Assets/image/male/leg/23.png using Guid(a9d6b1fca81d234469fdb56471839952) Importer(815301076,1909f56bfc062723c751e8b465ee728b)  -> (artifact id: 'b2d064512beef8b5cac7f7044172d574') in 0.015503 seconds 
========================================================================
Received Import Request.
  Time since last request: 0.000023 seconds.
  path: Assets/image/male/leg/40.png
  artifactKey: Guid(d99bc45c54567fe46bf2fe52d66867df) Importer(815301076,1909f56bfc062723c751e8b465ee728b)
Start importing Assets/image/male/leg/40.png using Guid(d99bc45c54567fe46bf2fe52d66867df) Importer(815301076,1909f56bfc062723c751e8b465ee728b)  -> (artifact id: 'f3a9f7d2757b7cb31ee3315df28b44ce') in 0.017131 seconds 
========================================================================
Received Import Request.
  Time since last request: 0.000030 seconds.
  path: Assets/image/male/leg/35.png
  artifactKey: Guid(444b1bb80a8985348a20ffb332382bab) Importer(815301076,1909f56bfc062723c751e8b465ee728b)
Start importing Assets/image/male/leg/35.png using Guid(444b1bb80a8985348a20ffb332382bab) Importer(815301076,1909f56bfc062723c751e8b465ee728b)  -> (artifact id: '0465224ca73b2723399fa3395958899b') in 0.017490 seconds 
========================================================================
Received Import Request.
  Time since last request: 0.000034 seconds.
  path: Assets/image/male/leg/19.png
  artifactKey: Guid(702d65a6bdaa4a040807cfaa357ac727) Importer(815301076,1909f56bfc062723c751e8b465ee728b)
Start importing Assets/image/male/leg/19.png using Guid(702d65a6bdaa4a040807cfaa357ac727) Importer(815301076,1909f56bfc062723c751e8b465ee728b)  -> (artifact id: 'b3267bc8c720575a135a7f53fa5b3d88') in 0.018388 seconds 
========================================================================
Received Import Request.
  Time since last request: 0.000029 seconds.
  path: Assets/image/male/leg/36.png
  artifactKey: Guid(45545ea0b4b0c014691dc166b13ca35b) Importer(815301076,1909f56bfc062723c751e8b465ee728b)
Start importing Assets/image/male/leg/36.png using Guid(45545ea0b4b0c014691dc166b13ca35b) Importer(815301076,1909f56bfc062723c751e8b465ee728b)  -> (artifact id: '80819b140e4d946bed0efc4b73fe434a') in 0.014913 seconds 
========================================================================
Received Import Request.
  Time since last request: 0.000027 seconds.
  path: Assets/image/male/leg/25.png
  artifactKey: Guid(91b9a611741670d428583e71176a85fb) Importer(815301076,1909f56bfc062723c751e8b465ee728b)
Start importing Assets/image/male/leg/25.png using Guid(91b9a611741670d428583e71176a85fb) Importer(815301076,1909f56bfc062723c751e8b465ee728b)  -> (artifact id: '123f200e418788f18c99da889526f405') in 0.019632 seconds 
========================================================================
Received Import Request.
  Time since last request: 0.306239 seconds.
  path: Assets/image/male/leg/2.png
  artifactKey: Guid(e7b6e92eb5f9d9e458577b2c7f3290a0) Importer(815301076,1909f56bfc062723c751e8b465ee728b)
Start importing Assets/image/male/leg/2.png using Guid(e7b6e92eb5f9d9e458577b2c7f3290a0) Importer(815301076,1909f56bfc062723c751e8b465ee728b)  -> (artifact id: '89b0f39cf0e3e64bf9344bef3da0e41f') in 0.026391 seconds 
========================================================================
Received Import Request.
  Time since last request: 0.000031 seconds.
  path: Assets/image/male/leg/9.png
  artifactKey: Guid(304862eb6fbd4ff45aa3b1cab76bc312) Importer(815301076,1909f56bfc062723c751e8b465ee728b)
Start importing Assets/image/male/leg/9.png using Guid(304862eb6fbd4ff45aa3b1cab76bc312) Importer(815301076,1909f56bfc062723c751e8b465ee728b)  -> (artifact id: '387dda778975eff078afd97f24de9f30') in 0.018594 seconds 
========================================================================
Received Import Request.
  Time since last request: 0.000033 seconds.
  path: Assets/image/male/leg/7.png
  artifactKey: Guid(3e01d48a4f108904c9619043c4f9340f) Importer(815301076,1909f56bfc062723c751e8b465ee728b)
Start importing Assets/image/male/leg/7.png using Guid(3e01d48a4f108904c9619043c4f9340f) Importer(815301076,1909f56bfc062723c751e8b465ee728b)  -> (artifact id: 'beb8014119b8d335c382590b9b12881f') in 0.021471 seconds 
========================================================================
Received Import Request.
  Time since last request: 0.000036 seconds.
  path: Assets/image/male/leg/3.png
  artifactKey: Guid(ecd9ee41304f9a94bb6129d82116f49f) Importer(815301076,1909f56bfc062723c751e8b465ee728b)
Start importing Assets/image/male/leg/3.png using Guid(ecd9ee41304f9a94bb6129d82116f49f) Importer(815301076,1909f56bfc062723c751e8b465ee728b)  -> (artifact id: 'dc396fd62c8d83395870f52401ac0d57') in 0.015357 seconds 
========================================================================
Received Import Request.
  Time since last request: 0.000034 seconds.
  path: Assets/image/male/leg/10.png
  artifactKey: Guid(fcf8e5ffb82441d4698183929c55dc35) Importer(815301076,1909f56bfc062723c751e8b465ee728b)
Start importing Assets/image/male/leg/10.png using Guid(fcf8e5ffb82441d4698183929c55dc35) Importer(815301076,1909f56bfc062723c751e8b465ee728b)  -> (artifact id: '1384c54aa0287132139269f88bdf767e') in 0.014607 seconds 
Editor requested this worker to shutdown with reason: Scaling down because of idle timeout
AssetImportWorker is now disconnected from the server
Process exiting
Exiting without the bug reporter. Application will terminate with return code 0