Using pre-set license
Built from '2021.3/release' branch; Version is '2021.3.12f1 (8af3c3e441b1) revision 9106371'; Using compiler version '192829333'; Build Type 'Release'
OS: 'Windows 11  (10.0.22000) 64bit Core' Language: 'ko' Physical Memory: 16178 MB
BatchMode: 1, IsHumanControllingUs: 0, StartBugReporterOnCrash: 0, Is64bit: 1, IsPro: 1

COMMAND LINE ARGUMENTS:
C:\Program Files\Unity\Hub\Editor\2021.3.12f1\Editor\Unity.exe
-adb2
-batchMode
-noUpm
-name
AssetImportWorker10
-projectPath
C:/Users/tg859/바탕 화면/unity/reAngZ/AngZ
-logFile
Logs/AssetImportWorker10.log
-srvPort
64710
Successfully changed project path to: C:/Users/tg859/바탕 화면/unity/reAngZ/AngZ
C:/Users/tg859/바탕 화면/unity/reAngZ/AngZ
[UnityMemory] Configuration Parameters - Can be set up in boot.config
    "memorysetup-bucket-allocator-granularity=16"
    "memorysetup-bucket-allocator-bucket-count=8"
    "memorysetup-bucket-allocator-block-size=33554432"
    "memorysetup-bucket-allocator-block-count=8"
    "memorysetup-main-allocator-block-size=16777216"
    "memorysetup-thread-allocator-block-size=16777216"
    "memorysetup-gfx-main-allocator-block-size=16777216"
    "memorysetup-gfx-thread-allocator-block-size=16777216"
    "memorysetup-cache-allocator-block-size=4194304"
    "memorysetup-typetree-allocator-block-size=2097152"
    "memorysetup-profiler-bucket-allocator-granularity=16"
    "memorysetup-profiler-bucket-allocator-bucket-count=8"
    "memorysetup-profiler-bucket-allocator-block-size=33554432"
    "memorysetup-profiler-bucket-allocator-block-count=8"
    "memorysetup-profiler-allocator-block-size=16777216"
    "memorysetup-profiler-editor-allocator-block-size=1048576"
    "memorysetup-temp-allocator-size-main=16777216"
    "memorysetup-job-temp-allocator-block-size=2097152"
    "memorysetup-job-temp-allocator-block-size-background=1048576"
    "memorysetup-job-temp-allocator-reduction-small-platforms=262144"
    "memorysetup-temp-allocator-size-background-worker=32768"
    "memorysetup-temp-allocator-size-job-worker=262144"
    "memorysetup-temp-allocator-size-preload-manager=33554432"
    "memorysetup-temp-allocator-size-nav-mesh-worker=65536"
    "memorysetup-temp-allocator-size-audio-worker=65536"
    "memorysetup-temp-allocator-size-cloud-worker=32768"
    "memorysetup-temp-allocator-size-gi-baking-worker=262144"
    "memorysetup-temp-allocator-size-gfx=262144"
Refreshing native plugins compatible for Editor in 228.37 ms, found 3 plugins.
Preloading 0 native plugins for Editor in 0.00 ms.
Initialize engine version: 2021.3.12f1 (8af3c3e441b1)
[Subsystems] Discovering subsystems at path C:/Program Files/Unity/Hub/Editor/2021.3.12f1/Editor/Data/Resources/UnitySubsystems
[Subsystems] Discovering subsystems at path C:/Users/tg859/바탕 화면/unity/reAngZ/AngZ/Assets
GfxDevice: creating device client; threaded=0; jobified=0
Direct3D:
    Version:  Direct3D 11.0 [level 11.1]
    Renderer: Intel(R) UHD Graphics 620 (ID=0x3ea0)
    Vendor:   Intel
    VRAM:     8089 MB
    Driver:   31.0.101.2111
Initialize mono
Mono path[0] = 'C:/Program Files/Unity/Hub/Editor/2021.3.12f1/Editor/Data/Managed'
Mono path[1] = 'C:/Program Files/Unity/Hub/Editor/2021.3.12f1/Editor/Data/MonoBleedingEdge/lib/mono/unityjit-win32'
Mono config path = 'C:/Program Files/Unity/Hub/Editor/2021.3.12f1/Editor/Data/MonoBleedingEdge/etc'
Using monoOptions --debugger-agent=transport=dt_socket,embedding=1,server=y,suspend=n,address=127.0.0.1:56420
Begin MonoManager ReloadAssembly
Registering precompiled unity dll's ...
Register platform support module: C:/Program Files/Unity/Hub/Editor/2021.3.12f1/Editor/Data/PlaybackEngines/AndroidPlayer/UnityEditor.Android.Extensions.dll
Register platform support module: C:/Program Files/Unity/Hub/Editor/2021.3.12f1/Editor/Data/PlaybackEngines/WindowsStandaloneSupport/UnityEditor.WindowsStandalone.Extensions.dll
Registered in 0.029446 seconds.
Native extension for WindowsStandalone target not found
Native extension for Android target not found
Refreshing native plugins compatible for Editor in 138.06 ms, found 3 plugins.
Preloading 0 native plugins for Editor in 0.00 ms.
Mono: successfully reloaded assembly
- Completed reload, in  1.143 seconds
Domain Reload Profiling:
	ReloadAssembly (1144ms)
		BeginReloadAssembly (191ms)
			ExecutionOrderSort (0ms)
			DisableScriptedObjects (0ms)
			BackupInstance (0ms)
			ReleaseScriptingObjects (0ms)
			CreateAndSetChildDomain (1ms)
		EndReloadAssembly (755ms)
			LoadAssemblies (186ms)
			RebuildTransferFunctionScriptingTraits (0ms)
			SetupTypeCache (174ms)
			ReleaseScriptCaches (0ms)
			RebuildScriptCaches (43ms)
			SetupLoadedEditorAssemblies (450ms)
				LogAssemblyErrors (0ms)
				InitializePlatformSupportModulesInManaged (88ms)
				SetLoadedEditorAssemblies (0ms)
				RefreshPlugins (138ms)
				BeforeProcessingInitializeOnLoad (2ms)
				ProcessInitializeOnLoadAttributes (133ms)
				ProcessInitializeOnLoadMethodAttributes (88ms)
				AfterProcessingInitializeOnLoad (0ms)
				EditorAssembliesLoaded (0ms)
			ExecutionOrderSort2 (0ms)
			AwakeInstancesAfterBackupRestoration (0ms)
Platform modules already initialized, skipping
Registering precompiled user dll's ...
Registered in 0.024913 seconds.
Begin MonoManager ReloadAssembly
Symbol file LoadedFromMemory doesn't match image C:\Users\tg859\바탕 화면\unity\reAngZ\AngZ\Library\PackageCache\com.unity.visualscripting@1.7.8\Editor\VisualScripting.Core\Dependencies\YamlDotNet\Unity.VisualScripting.YamlDotNet.dll
Symbol file LoadedFromMemory doesn't match image C:\Users\tg859\바탕 화면\unity\reAngZ\AngZ\Library\PackageCache\com.unity.visualscripting@1.7.8\Editor\VisualScripting.Core\Dependencies\DotNetZip\Unity.VisualScripting.IonicZip.dll
Native extension for WindowsStandalone target not found
Native extension for Android target not found
Refreshing native plugins compatible for Editor in 1.07 ms, found 3 plugins.
Preloading 0 native plugins for Editor in 0.00 ms.
Mono: successfully reloaded assembly
- Completed reload, in  4.063 seconds
Domain Reload Profiling:
	ReloadAssembly (4065ms)
		BeginReloadAssembly (591ms)
			ExecutionOrderSort (0ms)
			DisableScriptedObjects (21ms)
			BackupInstance (0ms)
			ReleaseScriptingObjects (0ms)
			CreateAndSetChildDomain (159ms)
		EndReloadAssembly (2534ms)
			LoadAssemblies (478ms)
			RebuildTransferFunctionScriptingTraits (0ms)
			SetupTypeCache (738ms)
			ReleaseScriptCaches (1ms)
			RebuildScriptCaches (161ms)
			SetupLoadedEditorAssemblies (1092ms)
				LogAssemblyErrors (0ms)
				InitializePlatformSupportModulesInManaged (52ms)
				SetLoadedEditorAssemblies (1ms)
				RefreshPlugins (1ms)
				BeforeProcessingInitializeOnLoad (298ms)
				ProcessInitializeOnLoadAttributes (625ms)
				ProcessInitializeOnLoadMethodAttributes (80ms)
				AfterProcessingInitializeOnLoad (35ms)
				EditorAssembliesLoaded (0ms)
			ExecutionOrderSort2 (0ms)
			AwakeInstancesAfterBackupRestoration (48ms)
Platform modules already initialized, skipping
========================================================================
Worker process is ready to serve import requests
Launched and connected shader compiler UnityShaderCompiler.exe after 0.12 seconds
Refreshing native plugins compatible for Editor in 1.25 ms, found 3 plugins.
Preloading 0 native plugins for Editor in 0.00 ms.
Unloading 3645 Unused Serialized files (Serialized files now loaded: 0)
Unloading 33 unused Assets / (114.6 KB). Loaded Objects now: 4121.
Memory consumption went from 161.2 MB to 161.1 MB.
Total: 8.715400 ms (FindLiveObjects: 0.408300 ms CreateObjectMapping: 0.310900 ms MarkObjects: 7.795300 ms  DeleteObjects: 0.198900 ms)

AssetImportParameters requested are different than current active one (requested -> active):
  custom:video-decoder-ogg-theora: a1e56fd34408186e4bbccfd4996cb3dc -> 
  custom:container-muxer-webm: aa71ff27fc2769a1b78a27578f13a17b -> 
  custom:container-demuxer-webm: 4f35f7cbe854078d1ac9338744f61a02 -> 
  custom:video-encoder-webm-vp8: eb34c28f22e8b96e1ab97ce403110664 -> 
  custom:audio-encoder-webm-vorbis: bf7c407c2cedff20999df2af8eb42d56 -> 
  custom:framework-win-MediaFoundation: 216162199b28c13a410421893ffa2e32 -> 
  custom:container-demuxer-ogg: 62fdf1f143b41e24485cea50d1cbac27 -> 
  custom:video-decoder-webm-vp8: 9c59270c3fd7afecdb556c50c9e8de78 -> 
  custom:audio-decoder-ogg-vorbis: bf7c407c2cedff20999df2af8eb42d56 -> 
========================================================================
Received Prepare
Registering precompiled user dll's ...
Registered in 0.036469 seconds.
Begin MonoManager ReloadAssembly
Symbol file LoadedFromMemory doesn't match image C:\Users\tg859\바탕 화면\unity\reAngZ\AngZ\Library\PackageCache\com.unity.visualscripting@1.7.8\Editor\VisualScripting.Core\Dependencies\YamlDotNet\Unity.VisualScripting.YamlDotNet.dll
Symbol file LoadedFromMemory doesn't match image C:\Users\tg859\바탕 화면\unity\reAngZ\AngZ\Library\PackageCache\com.unity.visualscripting@1.7.8\Editor\VisualScripting.Core\Dependencies\DotNetZip\Unity.VisualScripting.IonicZip.dll
Native extension for WindowsStandalone target not found
Native extension for Android target not found
Refreshing native plugins compatible for Editor in 2.06 ms, found 3 plugins.
Preloading 0 native plugins for Editor in 0.00 ms.
Mono: successfully reloaded assembly
- Completed reload, in  3.246 seconds
Domain Reload Profiling:
	ReloadAssembly (3248ms)
		BeginReloadAssembly (428ms)
			ExecutionOrderSort (0ms)
			DisableScriptedObjects (10ms)
			BackupInstance (0ms)
			ReleaseScriptingObjects (0ms)
			CreateAndSetChildDomain (95ms)
		EndReloadAssembly (2490ms)
			LoadAssemblies (429ms)
			RebuildTransferFunctionScriptingTraits (0ms)
			SetupTypeCache (785ms)
			ReleaseScriptCaches (2ms)
			RebuildScriptCaches (111ms)
			SetupLoadedEditorAssemblies (1013ms)
				LogAssemblyErrors (0ms)
				InitializePlatformSupportModulesInManaged (66ms)
				SetLoadedEditorAssemblies (1ms)
				RefreshPlugins (2ms)
				BeforeProcessingInitializeOnLoad (251ms)
				ProcessInitializeOnLoadAttributes (554ms)
				ProcessInitializeOnLoadMethodAttributes (87ms)
				AfterProcessingInitializeOnLoad (50ms)
				EditorAssembliesLoaded (1ms)
			ExecutionOrderSort2 (0ms)
			AwakeInstancesAfterBackupRestoration (64ms)
Platform modules already initialized, skipping
Refreshing native plugins compatible for Editor in 5.24 ms, found 3 plugins.
Preloading 0 native plugins for Editor in 0.00 ms.
Unloading 3619 Unused Serialized files (Serialized files now loaded: 0)
Unloading 25 unused Assets / (81.7 KB). Loaded Objects now: 4125.
Memory consumption went from 159.0 MB to 158.9 MB.
Total: 4.020100 ms (FindLiveObjects: 0.322200 ms CreateObjectMapping: 0.227500 ms MarkObjects: 3.350400 ms  DeleteObjects: 0.118800 ms)

AssetImportParameters requested are different than current active one (requested -> active):
  custom:video-decoder-ogg-theora: a1e56fd34408186e4bbccfd4996cb3dc -> 
  custom:container-muxer-webm: aa71ff27fc2769a1b78a27578f13a17b -> 
  custom:container-demuxer-webm: 4f35f7cbe854078d1ac9338744f61a02 -> 
  custom:video-encoder-webm-vp8: eb34c28f22e8b96e1ab97ce403110664 -> 
  custom:audio-encoder-webm-vorbis: bf7c407c2cedff20999df2af8eb42d56 -> 
  custom:framework-win-MediaFoundation: 216162199b28c13a410421893ffa2e32 -> 
  custom:container-demuxer-ogg: 62fdf1f143b41e24485cea50d1cbac27 -> 
  custom:video-decoder-webm-vp8: 9c59270c3fd7afecdb556c50c9e8de78 -> 
  custom:audio-decoder-ogg-vorbis: bf7c407c2cedff20999df2af8eb42d56 -> 
========================================================================
Received Import Request.
  Time since last request: 222740.385348 seconds.
  path: Assets/Conifers [BOTD]/Render Pipeline Support/Built-in RP/Sources/Billboards/Conifer Bare_BillboardMaterial.mat
  artifactKey: Guid(be7cd6e9ad58a462a91b1cae7694ef4c) Importer(815301076,1909f56bfc062723c751e8b465ee728b)
Start importing Assets/Conifers [BOTD]/Render Pipeline Support/Built-in RP/Sources/Billboards/Conifer Bare_BillboardMaterial.mat using Guid(be7cd6e9ad58a462a91b1cae7694ef4c) Importer(815301076,1909f56bfc062723c751e8b465ee728b)  -> (artifact id: '391c3e6244d1e2dee4f2ee6e8bad05df') in 0.386896 seconds 
========================================================================
Received Import Request.
  Time since last request: 0.000044 seconds.
  path: Assets/Conifers [BOTD]/Shared Sources/Textures/Billboards/Billboard Tall/Conifer Tall [Albedo].png
  artifactKey: Guid(d7ffe1fa944f34298b984303aca8ae36) Importer(815301076,1909f56bfc062723c751e8b465ee728b)
Start importing Assets/Conifers [BOTD]/Shared Sources/Textures/Billboards/Billboard Tall/Conifer Tall [Albedo].png using Guid(d7ffe1fa944f34298b984303aca8ae36) Importer(815301076,1909f56bfc062723c751e8b465ee728b)  -> (artifact id: '1062fd9d8892e756bcb8d41d1c4b5ec8') in 0.087340 seconds 
========================================================================
Received Import Request.
  Time since last request: 0.000054 seconds.
  path: Assets/Conifers [BOTD]/Render Pipeline Support/Built-in RP/Sources/Billboards/Conifer Medium_BillboardMaterial.mat
  artifactKey: Guid(fc87aa03e15b04f0e881cbf7847f77c4) Importer(815301076,1909f56bfc062723c751e8b465ee728b)
Start importing Assets/Conifers [BOTD]/Render Pipeline Support/Built-in RP/Sources/Billboards/Conifer Medium_BillboardMaterial.mat using Guid(fc87aa03e15b04f0e881cbf7847f77c4) Importer(815301076,1909f56bfc062723c751e8b465ee728b)  -> (artifact id: '5cffe557536b0fd7a3f8223461cd96f6') in 0.039602 seconds 
========================================================================
Received Import Request.
  Time since last request: 0.000032 seconds.
  path: Assets/Conifers [BOTD]/Render Pipeline Support/Built-in RP/Sources/Billboards/Conifer Small_BillboardMaterial.mat
  artifactKey: Guid(fba25871281c3416cbb4faf8edfb3a1c) Importer(815301076,1909f56bfc062723c751e8b465ee728b)
Start importing Assets/Conifers [BOTD]/Render Pipeline Support/Built-in RP/Sources/Billboards/Conifer Small_BillboardMaterial.mat using Guid(fba25871281c3416cbb4faf8edfb3a1c) Importer(815301076,1909f56bfc062723c751e8b465ee728b)  -> (artifact id: '79e4c77453358ceb9a71935f520c15e0') in 0.053822 seconds 
========================================================================
Received Import Request.
  Time since last request: 0.000051 seconds.
  path: Assets/Conifers [BOTD]/Shared Sources/Textures/Billboards/Billboard Medium/Conifer Medium [Albedo].png
  artifactKey: Guid(5f07a52da52e24af1b58f7c3f631068c) Importer(815301076,1909f56bfc062723c751e8b465ee728b)
Start importing Assets/Conifers [BOTD]/Shared Sources/Textures/Billboards/Billboard Medium/Conifer Medium [Albedo].png using Guid(5f07a52da52e24af1b58f7c3f631068c) Importer(815301076,1909f56bfc062723c751e8b465ee728b)  -> (artifact id: '0a33016cf3da37b3f221989bf0113b8c') in 0.042954 seconds 
========================================================================
Received Import Request.
  Time since last request: 0.000055 seconds.
  path: Assets/Conifers [BOTD]/Render Pipeline Support/Built-in RP/Sources/Billboards/Conifer Tall_BillboardAsset.asset
  artifactKey: Guid(cd6e2d55445fa449ea39d6fd5f5b2452) Importer(815301076,1909f56bfc062723c751e8b465ee728b)
Start importing Assets/Conifers [BOTD]/Render Pipeline Support/Built-in RP/Sources/Billboards/Conifer Tall_BillboardAsset.asset using Guid(cd6e2d55445fa449ea39d6fd5f5b2452) Importer(815301076,1909f56bfc062723c751e8b465ee728b)  -> (artifact id: '16d656dd95f5a08e507f211ad21c5c1a') in 0.115024 seconds 
========================================================================
Received Import Request.
  Time since last request: 1.522377 seconds.
  path: Assets/GreenTree/CharactersCityPack1/Animations/Female@idle_rare_02.fbx
  artifactKey: Guid(2f405c2e2312f3349b4b58bc2df6e93f) Importer(815301076,1909f56bfc062723c751e8b465ee728b)
Start importing Assets/GreenTree/CharactersCityPack1/Animations/Female@idle_rare_02.fbx using Guid(2f405c2e2312f3349b4b58bc2df6e93f) Importer(815301076,1909f56bfc062723c751e8b465ee728b)  -> (artifact id: '7b12a611d0b3da0eb087fbf254a25b21') in 0.073817 seconds 
========================================================================
Received Import Request.
  Time since last request: 0.000030 seconds.
  path: Assets/GreenTree/CharactersCityPack1/Prefabs/Female_multi_materials/Female_01_v2_mm.prefab
  artifactKey: Guid(d6e780b9ccc59114e80df781e0549512) Importer(815301076,1909f56bfc062723c751e8b465ee728b)
Start importing Assets/GreenTree/CharactersCityPack1/Prefabs/Female_multi_materials/Female_01_v2_mm.prefab using Guid(d6e780b9ccc59114e80df781e0549512) Importer(815301076,1909f56bfc062723c751e8b465ee728b)  -> (artifact id: '2cba28657be44b0476152170889e17d3') in 0.259338 seconds 
========================================================================
Received Import Request.
  Time since last request: 0.000064 seconds.
  path: Assets/GreenTree/CharactersCityPack1/Prefabs/Female_multi_materials/Female_02_v2_mm.prefab
  artifactKey: Guid(756f387c2da137343aeb1d607feca010) Importer(815301076,1909f56bfc062723c751e8b465ee728b)
Start importing Assets/GreenTree/CharactersCityPack1/Prefabs/Female_multi_materials/Female_02_v2_mm.prefab using Guid(756f387c2da137343aeb1d607feca010) Importer(815301076,1909f56bfc062723c751e8b465ee728b)  -> (artifact id: 'cada168762f25099f7e67e110b1750b7') in 0.239666 seconds 
========================================================================
Received Import Request.
  Time since last request: 0.000077 seconds.
  path: Assets/GreenTree/CharactersCityPack1/Prefabs/Female_multi_materials+simple_faces/Female_02_v3_mm+sf.prefab
  artifactKey: Guid(b95659f21650bd24e9b98b56dbc26395) Importer(815301076,1909f56bfc062723c751e8b465ee728b)
Start importing Assets/GreenTree/CharactersCityPack1/Prefabs/Female_multi_materials+simple_faces/Female_02_v3_mm+sf.prefab using Guid(b95659f21650bd24e9b98b56dbc26395) Importer(815301076,1909f56bfc062723c751e8b465ee728b)  -> (artifact id: '3a1768106bd8d4854001c9141fe43b04') in 0.288198 seconds 
========================================================================
Received Import Request.
  Time since last request: 0.000048 seconds.
  path: Assets/GreenTree/CharactersCityPack1/Prefabs/Female_simple_faces/Female_02_sf.prefab
  artifactKey: Guid(4ec9101db72fa474ebdcbf4bbb1ae445) Importer(815301076,1909f56bfc062723c751e8b465ee728b)
Start importing Assets/GreenTree/CharactersCityPack1/Prefabs/Female_simple_faces/Female_02_sf.prefab using Guid(4ec9101db72fa474ebdcbf4bbb1ae445) Importer(815301076,1909f56bfc062723c751e8b465ee728b)  -> (artifact id: '39abfa9f209e5fcd7b52b7d11bb33362') in 0.256660 seconds 
========================================================================
Received Import Request.
  Time since last request: 0.000066 seconds.
  path: Assets/GreenTree/CharactersCityPack1/Prefabs/Female/Female_01_v3.prefab
  artifactKey: Guid(ffd5a64f4df73c948a377dbdfacd8e50) Importer(815301076,1909f56bfc062723c751e8b465ee728b)
Start importing Assets/GreenTree/CharactersCityPack1/Prefabs/Female/Female_01_v3.prefab using Guid(ffd5a64f4df73c948a377dbdfacd8e50) Importer(815301076,1909f56bfc062723c751e8b465ee728b)  -> (artifact id: 'a85d6f5550fa72269ec6222e777255fb') in 0.208697 seconds 
========================================================================
Received Import Request.
  Time since last request: 0.000082 seconds.
  path: Assets/GreenTree/CharactersCityPack1/Prefabs/Female_simple_faces/Female_01_v4_sf.prefab
  artifactKey: Guid(70051799d7c6e0f469ab88c06f53627d) Importer(815301076,1909f56bfc062723c751e8b465ee728b)
Start importing Assets/GreenTree/CharactersCityPack1/Prefabs/Female_simple_faces/Female_01_v4_sf.prefab using Guid(70051799d7c6e0f469ab88c06f53627d) Importer(815301076,1909f56bfc062723c751e8b465ee728b)  -> (artifact id: '338108304304059d5cc0695a3a8d7f81') in 0.209346 seconds 
========================================================================
Received Import Request.
  Time since last request: 0.000054 seconds.
  path: Assets/GreenTree/CharactersCityPack1/Prefabs/Female_multi_materials/Female_02_mm.prefab
  artifactKey: Guid(3123ef80e8e5c444dbe9a939fdd10957) Importer(815301076,1909f56bfc062723c751e8b465ee728b)
Start importing Assets/GreenTree/CharactersCityPack1/Prefabs/Female_multi_materials/Female_02_mm.prefab using Guid(3123ef80e8e5c444dbe9a939fdd10957) Importer(815301076,1909f56bfc062723c751e8b465ee728b)  -> (artifact id: '0cced9bc845d3151f51622a87cbb9c42') in 0.266238 seconds 
========================================================================
Received Import Request.
  Time since last request: 0.000045 seconds.
  path: Assets/GreenTree/CharactersCityPack1/Prefabs/Female_multi_materials+simple_faces/Female_01_v2_mm+sf.prefab
  artifactKey: Guid(b586006c53edb9d46b0686a867e1ef5d) Importer(815301076,1909f56bfc062723c751e8b465ee728b)
Start importing Assets/GreenTree/CharactersCityPack1/Prefabs/Female_multi_materials+simple_faces/Female_01_v2_mm+sf.prefab using Guid(b586006c53edb9d46b0686a867e1ef5d) Importer(815301076,1909f56bfc062723c751e8b465ee728b)  -> (artifact id: '7433aaaea319b3325e220a85df258496') in 0.225783 seconds 
========================================================================
Received Import Request.
  Time since last request: 0.000783 seconds.
  path: Assets/GreenTree/CharactersCityPack1/Prefabs/Female_multi_materials/Female_01_mm.prefab
  artifactKey: Guid(8801de5ad0899ec4a9ba96edb98432f1) Importer(815301076,1909f56bfc062723c751e8b465ee728b)
Start importing Assets/GreenTree/CharactersCityPack1/Prefabs/Female_multi_materials/Female_01_mm.prefab using Guid(8801de5ad0899ec4a9ba96edb98432f1) Importer(815301076,1909f56bfc062723c751e8b465ee728b)  -> (artifact id: '2b869bdeed2e521d0e67ab61904f9565') in 0.305972 seconds 
========================================================================
Received Import Request.
  Time since last request: 0.000047 seconds.
  path: Assets/GreenTree/CharactersCityPack1/Prefabs/Female_simple_faces/Female_02_v3_sf.prefab
  artifactKey: Guid(121c4783082e3fd4e9110e352649c6e5) Importer(815301076,1909f56bfc062723c751e8b465ee728b)
Start importing Assets/GreenTree/CharactersCityPack1/Prefabs/Female_simple_faces/Female_02_v3_sf.prefab using Guid(121c4783082e3fd4e9110e352649c6e5) Importer(815301076,1909f56bfc062723c751e8b465ee728b)  -> (artifact id: '29830ba825f00b0611345c5933e1b190') in 0.240446 seconds 
========================================================================
Received Import Request.
  Time since last request: 0.000065 seconds.
  path: Assets/GreenTree/CharactersCityPack1/Prefabs/Female/Female_01_v4.prefab
  artifactKey: Guid(41e8fcfe0a39c4c4f802fb57a8346d72) Importer(815301076,1909f56bfc062723c751e8b465ee728b)
Start importing Assets/GreenTree/CharactersCityPack1/Prefabs/Female/Female_01_v4.prefab using Guid(41e8fcfe0a39c4c4f802fb57a8346d72) Importer(815301076,1909f56bfc062723c751e8b465ee728b)  -> (artifact id: '9bda37c6237b8ef0c335f3e53252b133') in 0.159016 seconds 
========================================================================
Received Import Request.
  Time since last request: 0.000038 seconds.
  path: Assets/GreenTree/CharactersCityPack1/Prefabs/Female_multi_materials/Female_01_v4_mm.prefab
  artifactKey: Guid(3d23afdff3fac0d419f9bc65bcbd5682) Importer(815301076,1909f56bfc062723c751e8b465ee728b)
Start importing Assets/GreenTree/CharactersCityPack1/Prefabs/Female_multi_materials/Female_01_v4_mm.prefab using Guid(3d23afdff3fac0d419f9bc65bcbd5682) Importer(815301076,1909f56bfc062723c751e8b465ee728b)  -> (artifact id: 'f1fbcc765116b187201aa638d59cdc94') in 0.268839 seconds 
========================================================================
Received Import Request.
  Time since last request: 0.000073 seconds.
  path: Assets/GreenTree/CharactersCityPack1/Prefabs/Female/Female_01_v2.prefab
  artifactKey: Guid(8c34564b8ab841744bb06cec67788519) Importer(815301076,1909f56bfc062723c751e8b465ee728b)
Start importing Assets/GreenTree/CharactersCityPack1/Prefabs/Female/Female_01_v2.prefab using Guid(8c34564b8ab841744bb06cec67788519) Importer(815301076,1909f56bfc062723c751e8b465ee728b)  -> (artifact id: '586168331bc93a669c6eef47b3cdc21d') in 0.206833 seconds 
========================================================================
Received Import Request.
  Time since last request: 0.000061 seconds.
  path: Assets/GreenTree/CharactersCityPack1/Prefabs/Female_multi_materials/Female_01_v3_mm.prefab
  artifactKey: Guid(f2976a519e5440f49b84ce8b8134d71b) Importer(815301076,1909f56bfc062723c751e8b465ee728b)
Start importing Assets/GreenTree/CharactersCityPack1/Prefabs/Female_multi_materials/Female_01_v3_mm.prefab using Guid(f2976a519e5440f49b84ce8b8134d71b) Importer(815301076,1909f56bfc062723c751e8b465ee728b)  -> (artifact id: '3d776ad8a868ac216caf96b1d8ff9b95') in 0.342883 seconds 
========================================================================
Received Import Request.
  Time since last request: 58.610336 seconds.
  path: Assets/GreenTree/CharactersCityPack1/Animations/Male@idle_rare_02.fbx
  artifactKey: Guid(96fa9a3c0f95fd84f93f8b4ec8db1c98) Importer(815301076,1909f56bfc062723c751e8b465ee728b)
Start importing Assets/GreenTree/CharactersCityPack1/Animations/Male@idle_rare_02.fbx using Guid(96fa9a3c0f95fd84f93f8b4ec8db1c98) Importer(815301076,1909f56bfc062723c751e8b465ee728b)  -> (artifact id: '7d61dc2b934afaee8fbd991313c5fbfb') in 0.039020 seconds 
========================================================================
Received Import Request.
  Time since last request: 0.000036 seconds.
  path: Assets/GreenTree/CharactersCityPack1/Animations/Male_Pack_01@Jumping.fbx
  artifactKey: Guid(c231e74b899fa384ea4756c9408b445a) Importer(815301076,1909f56bfc062723c751e8b465ee728b)
Start importing Assets/GreenTree/CharactersCityPack1/Animations/Male_Pack_01@Jumping.fbx using Guid(c231e74b899fa384ea4756c9408b445a) Importer(815301076,1909f56bfc062723c751e8b465ee728b)  -> (artifact id: '7d5772c9a2cdc8527e2893116053e343') in 0.023659 seconds 
========================================================================
Received Import Request.
  Time since last request: 0.000128 seconds.
  path: Assets/GreenTree/CharactersCityPack1/Animations/Male_Pack_01@Hip Hop Dancing 1.fbx
  artifactKey: Guid(5eb649ca79da0b74991ed8a2a331fa56) Importer(815301076,1909f56bfc062723c751e8b465ee728b)
Start importing Assets/GreenTree/CharactersCityPack1/Animations/Male_Pack_01@Hip Hop Dancing 1.fbx using Guid(5eb649ca79da0b74991ed8a2a331fa56) Importer(815301076,1909f56bfc062723c751e8b465ee728b)  -> (artifact id: '6a2327417b654ed647f2e824967e3eb4') in 0.036305 seconds 
Editor requested this worker to shutdown with reason: Scaling down because of idle timeout
AssetImportWorker is now disconnected from the server
Process exiting
Exiting without the bug reporter. Application will terminate with return code 0