Using pre-set license
Built from '2021.3/release' branch; Version is '2021.3.12f1 (8af3c3e441b1) revision 9106371'; Using compiler version '192829333'; Build Type 'Release'
OS: 'Windows 11  (10.0.22000) 64bit Core' Language: 'ko' Physical Memory: 16178 MB
BatchMode: 1, IsHumanControllingUs: 0, StartBugReporterOnCrash: 0, Is64bit: 1, IsPro: 1

COMMAND LINE ARGUMENTS:
C:\Program Files\Unity\Hub\Editor\2021.3.12f1\Editor\Unity.exe
-adb2
-batchMode
-noUpm
-name
AssetImportWorker16
-projectPath
C:/Users/tg859/바탕 화면/unity/AngZ
-logFile
Logs/AssetImportWorker16.log
-srvPort
59554
Successfully changed project path to: C:/Users/tg859/바탕 화면/unity/AngZ
C:/Users/tg859/바탕 화면/unity/AngZ
[UnityMemory] Configuration Parameters - Can be set up in boot.config
    "memorysetup-bucket-allocator-granularity=16"
    "memorysetup-bucket-allocator-bucket-count=8"
    "memorysetup-bucket-allocator-block-size=33554432"
    "memorysetup-bucket-allocator-block-count=8"
    "memorysetup-main-allocator-block-size=16777216"
    "memorysetup-thread-allocator-block-size=16777216"
    "memorysetup-gfx-main-allocator-block-size=16777216"
    "memorysetup-gfx-thread-allocator-block-size=16777216"
    "memorysetup-cache-allocator-block-size=4194304"
    "memorysetup-typetree-allocator-block-size=2097152"
    "memorysetup-profiler-bucket-allocator-granularity=16"
    "memorysetup-profiler-bucket-allocator-bucket-count=8"
    "memorysetup-profiler-bucket-allocator-block-size=33554432"
    "memorysetup-profiler-bucket-allocator-block-count=8"
    "memorysetup-profiler-allocator-block-size=16777216"
    "memorysetup-profiler-editor-allocator-block-size=1048576"
    "memorysetup-temp-allocator-size-main=16777216"
    "memorysetup-job-temp-allocator-block-size=2097152"
    "memorysetup-job-temp-allocator-block-size-background=1048576"
    "memorysetup-job-temp-allocator-reduction-small-platforms=262144"
    "memorysetup-temp-allocator-size-background-worker=32768"
    "memorysetup-temp-allocator-size-job-worker=262144"
    "memorysetup-temp-allocator-size-preload-manager=33554432"
    "memorysetup-temp-allocator-size-nav-mesh-worker=65536"
    "memorysetup-temp-allocator-size-audio-worker=65536"
    "memorysetup-temp-allocator-size-cloud-worker=32768"
    "memorysetup-temp-allocator-size-gi-baking-worker=262144"
    "memorysetup-temp-allocator-size-gfx=262144"
Refreshing native plugins compatible for Editor in 470.54 ms, found 3 plugins.
Preloading 0 native plugins for Editor in 0.00 ms.
Initialize engine version: 2021.3.12f1 (8af3c3e441b1)
[Subsystems] Discovering subsystems at path C:/Program Files/Unity/Hub/Editor/2021.3.12f1/Editor/Data/Resources/UnitySubsystems
[Subsystems] Discovering subsystems at path C:/Users/tg859/바탕 화면/unity/AngZ/Assets
GfxDevice: creating device client; threaded=0; jobified=0
Direct3D:
    Version:  Direct3D 11.0 [level 11.1]
    Renderer: Intel(R) UHD Graphics 620 (ID=0x3ea0)
    Vendor:   Intel
    VRAM:     8089 MB
    Driver:   31.0.101.2111
Initialize mono
Mono path[0] = 'C:/Program Files/Unity/Hub/Editor/2021.3.12f1/Editor/Data/Managed'
Mono path[1] = 'C:/Program Files/Unity/Hub/Editor/2021.3.12f1/Editor/Data/MonoBleedingEdge/lib/mono/unityjit-win32'
Mono config path = 'C:/Program Files/Unity/Hub/Editor/2021.3.12f1/Editor/Data/MonoBleedingEdge/etc'
Using monoOptions --debugger-agent=transport=dt_socket,embedding=1,server=y,suspend=n,address=127.0.0.1:56300
Begin MonoManager ReloadAssembly
Registering precompiled unity dll's ...
Register platform support module: C:/Program Files/Unity/Hub/Editor/2021.3.12f1/Editor/Data/PlaybackEngines/AndroidPlayer/UnityEditor.Android.Extensions.dll
Register platform support module: C:/Program Files/Unity/Hub/Editor/2021.3.12f1/Editor/Data/PlaybackEngines/WindowsStandaloneSupport/UnityEditor.WindowsStandalone.Extensions.dll
Registered in 0.043736 seconds.
Native extension for WindowsStandalone target not found
Native extension for Android target not found
Refreshing native plugins compatible for Editor in 229.30 ms, found 3 plugins.
Preloading 0 native plugins for Editor in 0.00 ms.
Mono: successfully reloaded assembly
- Completed reload, in  1.865 seconds
Domain Reload Profiling:
	ReloadAssembly (1867ms)
		BeginReloadAssembly (247ms)
			ExecutionOrderSort (0ms)
			DisableScriptedObjects (0ms)
			BackupInstance (0ms)
			ReleaseScriptingObjects (0ms)
			CreateAndSetChildDomain (2ms)
		EndReloadAssembly (1265ms)
			LoadAssemblies (237ms)
			RebuildTransferFunctionScriptingTraits (0ms)
			SetupTypeCache (275ms)
			ReleaseScriptCaches (0ms)
			RebuildScriptCaches (65ms)
			SetupLoadedEditorAssemblies (769ms)
				LogAssemblyErrors (0ms)
				InitializePlatformSupportModulesInManaged (144ms)
				SetLoadedEditorAssemblies (0ms)
				RefreshPlugins (230ms)
				BeforeProcessingInitializeOnLoad (2ms)
				ProcessInitializeOnLoadAttributes (226ms)
				ProcessInitializeOnLoadMethodAttributes (165ms)
				AfterProcessingInitializeOnLoad (0ms)
				EditorAssembliesLoaded (1ms)
			ExecutionOrderSort2 (0ms)
			AwakeInstancesAfterBackupRestoration (0ms)
Platform modules already initialized, skipping
Registering precompiled user dll's ...
Registered in 0.064400 seconds.
Begin MonoManager ReloadAssembly
Symbol file LoadedFromMemory doesn't match image C:\Users\tg859\바탕 화면\unity\AngZ\Library\PackageCache\com.unity.visualscripting@1.7.8\Editor\VisualScripting.Core\Dependencies\YamlDotNet\Unity.VisualScripting.YamlDotNet.dll
Symbol file LoadedFromMemory doesn't match image C:\Users\tg859\바탕 화면\unity\AngZ\Library\PackageCache\com.unity.visualscripting@1.7.8\Editor\VisualScripting.Core\Dependencies\DotNetZip\Unity.VisualScripting.IonicZip.dll
Native extension for WindowsStandalone target not found
Native extension for Android target not found
Refreshing native plugins compatible for Editor in 1.11 ms, found 3 plugins.
Preloading 0 native plugins for Editor in 0.00 ms.
Mono: successfully reloaded assembly
- Completed reload, in  2.697 seconds
Domain Reload Profiling:
	ReloadAssembly (2699ms)
		BeginReloadAssembly (415ms)
			ExecutionOrderSort (0ms)
			DisableScriptedObjects (13ms)
			BackupInstance (0ms)
			ReleaseScriptingObjects (0ms)
			CreateAndSetChildDomain (142ms)
		EndReloadAssembly (1987ms)
			LoadAssemblies (317ms)
			RebuildTransferFunctionScriptingTraits (0ms)
			SetupTypeCache (600ms)
			ReleaseScriptCaches (1ms)
			RebuildScriptCaches (116ms)
			SetupLoadedEditorAssemblies (881ms)
				LogAssemblyErrors (0ms)
				InitializePlatformSupportModulesInManaged (41ms)
				SetLoadedEditorAssemblies (1ms)
				RefreshPlugins (1ms)
				BeforeProcessingInitializeOnLoad (229ms)
				ProcessInitializeOnLoadAttributes (491ms)
				ProcessInitializeOnLoadMethodAttributes (58ms)
				AfterProcessingInitializeOnLoad (59ms)
				EditorAssembliesLoaded (1ms)
			ExecutionOrderSort2 (0ms)
			AwakeInstancesAfterBackupRestoration (62ms)
Platform modules already initialized, skipping
========================================================================
Worker process is ready to serve import requests
Launched and connected shader compiler UnityShaderCompiler.exe after 0.12 seconds
Refreshing native plugins compatible for Editor in 1.14 ms, found 3 plugins.
Preloading 0 native plugins for Editor in 0.00 ms.
Unloading 3646 Unused Serialized files (Serialized files now loaded: 0)
Unloading 33 unused Assets / (114.4 KB). Loaded Objects now: 4123.
Memory consumption went from 161.4 MB to 161.3 MB.
Total: 8.116000 ms (FindLiveObjects: 0.463200 ms CreateObjectMapping: 0.413500 ms MarkObjects: 6.556300 ms  DeleteObjects: 0.680700 ms)

AssetImportParameters requested are different than current active one (requested -> active):
  custom:video-decoder-ogg-theora: a1e56fd34408186e4bbccfd4996cb3dc -> 
  custom:container-muxer-webm: aa71ff27fc2769a1b78a27578f13a17b -> 
  custom:container-demuxer-webm: 4f35f7cbe854078d1ac9338744f61a02 -> 
  custom:video-encoder-webm-vp8: eb34c28f22e8b96e1ab97ce403110664 -> 
  custom:audio-encoder-webm-vorbis: bf7c407c2cedff20999df2af8eb42d56 -> 
  custom:framework-win-MediaFoundation: 216162199b28c13a410421893ffa2e32 -> 
  custom:container-demuxer-ogg: 62fdf1f143b41e24485cea50d1cbac27 -> 
  custom:video-decoder-webm-vp8: 9c59270c3fd7afecdb556c50c9e8de78 -> 
  custom:audio-decoder-ogg-vorbis: bf7c407c2cedff20999df2af8eb42d56 -> 
========================================================================
Received Import Request.
  Time since last request: 147040.199629 seconds.
  path: Assets/Taegon/image/male/head/1.png
  artifactKey: Guid(bcb9862070ffe024bafb7c804cc1a1f7) Importer(815301076,1909f56bfc062723c751e8b465ee728b)
Start importing Assets/Taegon/image/male/head/1.png using Guid(bcb9862070ffe024bafb7c804cc1a1f7) Importer(815301076,1909f56bfc062723c751e8b465ee728b)  -> (artifact id: 'f97af8b418d91d37a791a41cb22d57d5') in 0.155022 seconds 
========================================================================
Received Import Request.
  Time since last request: 0.000038 seconds.
  path: Assets/Taegon/image/male/head/4.png
  artifactKey: Guid(a5e02d6f7235bab428b7327399301fe5) Importer(815301076,1909f56bfc062723c751e8b465ee728b)
Start importing Assets/Taegon/image/male/head/4.png using Guid(a5e02d6f7235bab428b7327399301fe5) Importer(815301076,1909f56bfc062723c751e8b465ee728b)  -> (artifact id: '800b7cec8b44b9b9e7c2c7c5be33c879') in 0.025176 seconds 
========================================================================
Received Import Request.
  Time since last request: 51.107692 seconds.
  path: Assets/Taegon/image/male/top/3.png
  artifactKey: Guid(9fe0471873f720b48bc64d0aacc50b18) Importer(815301076,1909f56bfc062723c751e8b465ee728b)
Start importing Assets/Taegon/image/male/top/3.png using Guid(9fe0471873f720b48bc64d0aacc50b18) Importer(815301076,1909f56bfc062723c751e8b465ee728b)  -> (artifact id: '368e364378bfc4d45f9573e53e8ef850') in 0.022279 seconds 
========================================================================
Received Import Request.
  Time since last request: 0.000999 seconds.
  path: Assets/Taegon/image/male/top/6.png
  artifactKey: Guid(0c6a6677bdc56a546a940e1e7e509290) Importer(815301076,1909f56bfc062723c751e8b465ee728b)
Start importing Assets/Taegon/image/male/top/6.png using Guid(0c6a6677bdc56a546a940e1e7e509290) Importer(815301076,1909f56bfc062723c751e8b465ee728b)  -> (artifact id: '27ff58b0f6c0d183a3f0c95673eb730f') in 0.049878 seconds 
========================================================================
Received Import Request.
  Time since last request: 0.000052 seconds.
  path: Assets/Taegon/image/male/top/37.png
  artifactKey: Guid(159ea69848fbaf048b1f769456b68105) Importer(815301076,1909f56bfc062723c751e8b465ee728b)
Start importing Assets/Taegon/image/male/top/37.png using Guid(159ea69848fbaf048b1f769456b68105) Importer(815301076,1909f56bfc062723c751e8b465ee728b)  -> (artifact id: '44bc4c71b9ec90038e3090c882594a0f') in 0.031324 seconds 
========================================================================
Received Import Request.
  Time since last request: 0.000052 seconds.
  path: Assets/Taegon/image/male/top/24.png
  artifactKey: Guid(d36c1cdcd9443344087f2fd3ef5d4ba4) Importer(815301076,1909f56bfc062723c751e8b465ee728b)
Start importing Assets/Taegon/image/male/top/24.png using Guid(d36c1cdcd9443344087f2fd3ef5d4ba4) Importer(815301076,1909f56bfc062723c751e8b465ee728b)  -> (artifact id: '0999111ffb641411a37e850b75b5aba0') in 0.053550 seconds 
========================================================================
Received Import Request.
  Time since last request: 0.000040 seconds.
  path: Assets/Taegon/image/male/top/38.png
  artifactKey: Guid(b9830b675d24c024fa848bceb4697096) Importer(815301076,1909f56bfc062723c751e8b465ee728b)
Start importing Assets/Taegon/image/male/top/38.png using Guid(b9830b675d24c024fa848bceb4697096) Importer(815301076,1909f56bfc062723c751e8b465ee728b)  -> (artifact id: '4e15b9b89f542dd6a0f99bf4a790e9e1') in 0.030032 seconds 
========================================================================
Received Import Request.
  Time since last request: 0.000031 seconds.
  path: Assets/Taegon/image/male/top/19.png
  artifactKey: Guid(0e807097e8bb511488707db2fb29c0bd) Importer(815301076,1909f56bfc062723c751e8b465ee728b)
Start importing Assets/Taegon/image/male/top/19.png using Guid(0e807097e8bb511488707db2fb29c0bd) Importer(815301076,1909f56bfc062723c751e8b465ee728b)  -> (artifact id: '1dbe04dd5db49dea7d5d3d4fb8be4d15') in 0.030300 seconds 
========================================================================
Received Import Request.
  Time since last request: 0.000051 seconds.
  path: Assets/Taegon/image/male/top/16.png
  artifactKey: Guid(c74022d509909264ebb99d65621b74a3) Importer(815301076,1909f56bfc062723c751e8b465ee728b)
Start importing Assets/Taegon/image/male/top/16.png using Guid(c74022d509909264ebb99d65621b74a3) Importer(815301076,1909f56bfc062723c751e8b465ee728b)  -> (artifact id: '95074d21910ac27e25afcf639239961b') in 0.044687 seconds 
========================================================================
Received Import Request.
  Time since last request: 0.000037 seconds.
  path: Assets/Taegon/image/male/top/8.png
  artifactKey: Guid(a7196394b75249145ac0f99d4e2194d9) Importer(815301076,1909f56bfc062723c751e8b465ee728b)
Start importing Assets/Taegon/image/male/top/8.png using Guid(a7196394b75249145ac0f99d4e2194d9) Importer(815301076,1909f56bfc062723c751e8b465ee728b)  -> (artifact id: 'aa0ca1e3f4ac44887da9af7994f29bac') in 0.027913 seconds 
========================================================================
Received Import Request.
  Time since last request: 0.000042 seconds.
  path: Assets/Taegon/image/male/top/23.png
  artifactKey: Guid(0ed478765ccd46840b2cba2381790b0c) Importer(815301076,1909f56bfc062723c751e8b465ee728b)
Start importing Assets/Taegon/image/male/top/23.png using Guid(0ed478765ccd46840b2cba2381790b0c) Importer(815301076,1909f56bfc062723c751e8b465ee728b)  -> (artifact id: '9596619975dfd796a5577762924e613c') in 0.034531 seconds 
========================================================================
Received Import Request.
  Time since last request: 0.000035 seconds.
  path: Assets/Taegon/image/male/top/39.png
  artifactKey: Guid(4c97c086b7f694f42a32ca0578e780e4) Importer(815301076,1909f56bfc062723c751e8b465ee728b)
Start importing Assets/Taegon/image/male/top/39.png using Guid(4c97c086b7f694f42a32ca0578e780e4) Importer(815301076,1909f56bfc062723c751e8b465ee728b)  -> (artifact id: 'ccb67eaee82f1b6bc82071badab5a538') in 0.040230 seconds 
========================================================================
Received Import Request.
  Time since last request: 0.000066 seconds.
  path: Assets/Taegon/image/male/top/28.png
  artifactKey: Guid(265c312d8911f0744bb1a91c1c33321f) Importer(815301076,1909f56bfc062723c751e8b465ee728b)
Start importing Assets/Taegon/image/male/top/28.png using Guid(265c312d8911f0744bb1a91c1c33321f) Importer(815301076,1909f56bfc062723c751e8b465ee728b)  -> (artifact id: '828d0418423ddb765fbe98cb04a5351f') in 0.033614 seconds 
========================================================================
Received Import Request.
  Time since last request: 0.000058 seconds.
  path: Assets/Taegon/image/male/top/25.png
  artifactKey: Guid(647f3ae3cc6ceea4c99eb75242d24270) Importer(815301076,1909f56bfc062723c751e8b465ee728b)
Start importing Assets/Taegon/image/male/top/25.png using Guid(647f3ae3cc6ceea4c99eb75242d24270) Importer(815301076,1909f56bfc062723c751e8b465ee728b)  -> (artifact id: 'b540a4e69c5c7500af2aff029d50ba88') in 0.035662 seconds 
========================================================================
Received Import Request.
  Time since last request: 0.000035 seconds.
  path: Assets/Taegon/image/male/top/34.png
  artifactKey: Guid(3bd44a8068a913f47adbdb4740f9030f) Importer(815301076,1909f56bfc062723c751e8b465ee728b)
Start importing Assets/Taegon/image/male/top/34.png using Guid(3bd44a8068a913f47adbdb4740f9030f) Importer(815301076,1909f56bfc062723c751e8b465ee728b)  -> (artifact id: 'f79a984cdb17e849ee3254de02d69ea2') in 0.032779 seconds 
========================================================================
Received Import Request.
  Time since last request: 0.000087 seconds.
  path: Assets/Taegon/image/male/top/4.png
  artifactKey: Guid(0396fe5c21722434dbd6932413652c55) Importer(815301076,1909f56bfc062723c751e8b465ee728b)
Start importing Assets/Taegon/image/male/top/4.png using Guid(0396fe5c21722434dbd6932413652c55) Importer(815301076,1909f56bfc062723c751e8b465ee728b)  -> (artifact id: '25cc768945e67be2eca34dfae8172b77') in 0.034885 seconds 
========================================================================
Received Import Request.
  Time since last request: 0.000049 seconds.
  path: Assets/Taegon/image/male/top/7.png
  artifactKey: Guid(465f9b1967914e449b85a71eea8fd9e0) Importer(815301076,1909f56bfc062723c751e8b465ee728b)
Start importing Assets/Taegon/image/male/top/7.png using Guid(465f9b1967914e449b85a71eea8fd9e0) Importer(815301076,1909f56bfc062723c751e8b465ee728b)  -> (artifact id: 'd98584f0b24df95bb767cbb510bed3ad') in 0.029300 seconds 
Editor requested this worker to shutdown with reason: Scaling down because of idle timeout
AssetImportWorker is now disconnected from the server
Process exiting
Exiting without the bug reporter. Application will terminate with return code 0